#
# There is insufficient memory for the Java Runtime Environment to continue.
# Native memory allocation (malloc) failed to allocate 1048576 bytes. Error detail: AllocateHeap
# Possible reasons:
#   The system is out of physical RAM or swap space
#   This process is running with CompressedOops enabled, and the Java Heap may be blocking the growth of the native heap
# Possible solutions:
#   Reduce memory load on the system
#   Increase physical memory or swap space
#   Check if swap backing store is full
#   Decrease Java heap size (-Xmx/-Xms)
#   Decrease number of Java threads
#   Decrease Java thread stack sizes (-Xss)
#   Set larger code cache with -XX:ReservedCodeCacheSize=
#   JVM is running with Unscaled Compressed Oops mode in which the Java heap is
#     placed in the first 4GB address space. The Java Heap base address is the
#     maximum limit for the native heap growth. Please use -XX:HeapBaseMinAddress
#     to set the Java Heap base and to place the Java Heap above 4GB virtual address.
# This output file may be truncated or incomplete.
#
#  Out of Memory Error (allocation.cpp:44), pid=22224, tid=15764
#
# JRE version:  (21.0.7+6) (build )
# Java VM: OpenJDK 64-Bit Server VM (21.0.7+6-LTS, mixed mode, sharing, tiered, compressed oops, compressed class ptrs, parallel gc, windows-amd64)
# No core dump will be written. Minidumps are not enabled by default on client versions of Windows
#

---------------  S U M M A R Y ------------

Command Line: --add-modules=ALL-SYSTEM --add-opens=java.base/java.util=ALL-UNNAMED --add-opens=java.base/java.lang=ALL-UNNAMED --add-opens=java.base/sun.nio.fs=ALL-UNNAMED -Declipse.application=org.eclipse.jdt.ls.core.id1 -Dosgi.bundles.defaultStartLevel=4 -Declipse.product=org.eclipse.jdt.ls.core.product -Djava.import.generatesMetadataFilesAtProjectRoot=false -DDetectVMInstallationsJob.disabled=true -Dfile.encoding=utf8 -XX:+UseParallelGC -XX:GCTimeRatio=4 -XX:AdaptiveSizePolicyWeight=90 -Dsun.zip.disableMemoryMapping=true -Xmx2G -Xms100m -Xlog:disable -javaagent:c:\Users\91926\.vscode\extensions\redhat.java-1.43.1-win32-x64\lombok\lombok-1.18.39-4050.jar -XX:+HeapDumpOnOutOfMemoryError -XX:HeapDumpPath=c:\Users\91926\AppData\Roaming\Code\User\workspaceStorage\6ebc18211fee6ab9ead269bb8419cef8\redhat.java -Daether.dependencyCollector.impl=bf c:\Users\91926\.vscode\extensions\redhat.java-1.43.1-win32-x64\server\plugins\org.eclipse.equinox.launcher_1.7.0.v20250519-0528.jar -configuration c:\Users\91926\AppData\Roaming\Code\User\globalStorage\redhat.java\1.43.1\config_win -data c:\Users\91926\AppData\Roaming\Code\User\workspaceStorage\6ebc18211fee6ab9ead269bb8419cef8\redhat.java\jdt_ws --pipe=\\.\pipe\lsp-9992f2088c7934d1a6216fc2304b4d69-sock

Host: AMD Ryzen 5 5500U with Radeon Graphics         , 12 cores, 5G,  Windows 11 , 64 bit Build 22621 (10.0.22621.5415)
Time: Wed Jul 23 12:39:11 2025 India Standard Time elapsed time: 1.030939 seconds (0d 0h 0m 1s)

---------------  T H R E A D  ---------------

Current thread (0x0000000002c827d0):  JavaThread "Unknown thread" [_thread_in_vm, id=15764, stack(0x0000000000a50000,0x0000000000b50000) (1024K)]

Stack: [0x0000000000a50000,0x0000000000b50000]
Native frames: (J=compiled Java code, j=interpreted, Vv=VM code, C=native code)
V  [jvm.dll+0x6ce119]
V  [jvm.dll+0x8a84a1]
V  [jvm.dll+0x8aa9ce]
V  [jvm.dll+0x8ab0b3]
V  [jvm.dll+0x27f8a6]
V  [jvm.dll+0xbfba7]
V  [jvm.dll+0x70b72d]
V  [jvm.dll+0x70bdec]
V  [jvm.dll+0x6dcc68]
V  [jvm.dll+0x871dbc]
V  [jvm.dll+0x3bc47c]
V  [jvm.dll+0x85a848]
V  [jvm.dll+0x45080e]
V  [jvm.dll+0x452451]
C  [jli.dll+0x5278]
C  [ucrtbase.dll+0x29333]
C  [KERNEL32.DLL+0x1259d]
C  [ntdll.dll+0x5af78]


---------------  P R O C E S S  ---------------

Threads class SMR info:
_java_thread_list=0x0000000002cef190, length=1, elements={
0x0000000002c827d0
}

Java Threads: ( => current thread )
=>0x0000000002c827d0 JavaThread "Unknown thread"             [_thread_in_vm, id=15764, stack(0x0000000000a50000,0x0000000000b50000) (1024K)]
Total: 1

Other Threads:
  0x00000000195fca00 WatcherThread "VM Periodic Task Thread"        [id=26128, stack(0x0000000002b30000,0x0000000002c30000) (1024K)]
  0x0000000002ca3640 WorkerThread "GC Thread#0"                     [id=27636, stack(0x0000000002a30000,0x0000000002b30000) (1024K)]
Total: 2

Threads with active compile tasks:
Total: 0

VM state: not at safepoint (normal execution)

VM Mutex/Monitor currently owned by a thread: None

Heap address: 0x0000000080000000, size: 2048 MB, Compressed Oops mode: 32-bit

CDS archive(s) mapped at: [0x000000001a000000-0x000000001aba0000-0x000000001aba0000), size 12189696, SharedBaseAddress: 0x000000001a000000, ArchiveRelocationMode: 1.
Compressed class space mapped at: 0x000000001b000000-0x000000005b000000, reserved size: 1073741824
Narrow klass base: 0x000000001a000000, Narrow klass shift: 0, Narrow klass range: 0x100000000

GC Precious Log:
 CardTable entry size: 512
 CPUs: 12 total, 12 available
 Memory: 5989M
 Large Page Support: Disabled
 NUMA Support: Disabled
 Compressed Oops: Enabled (32-bit)
 Alignments: Space 512K, Generation 512K, Heap 2M
 Heap Min Capacity: 100M
 Heap Initial Capacity: 100M
 Heap Max Capacity: 2G
 Pre-touch: Disabled
 Parallel Workers: 10

Heap:
 PSYoungGen      total 29696K, used 512K [0x00000000d5580000, 0x00000000d7680000, 0x0000000100000000)
  eden space 25600K, 2% used [0x00000000d5580000,0x00000000d5600020,0x00000000d6e80000)
  from space 4096K, 0% used [0x00000000d7280000,0x00000000d7280000,0x00000000d7680000)
  to   space 4096K, 0% used [0x00000000d6e80000,0x00000000d6e80000,0x00000000d7280000)
 ParOldGen       total 68608K, used 0K [0x0000000080000000, 0x0000000084300000, 0x00000000d5580000)
  object space 68608K, 0% used [0x0000000080000000,0x0000000080000000,0x0000000084300000)
 Metaspace       used 0K, committed 0K, reserved 1048576K
  class space    used 0K, committed 0K, reserved 1048576K

Card table byte_map: [0x0000000002620000,0x0000000002a30000] _byte_map_base: 0x0000000002220000

Marking Bits: (ParMarkBitMap*) 0x00007ffa96d431f0
 Begin Bits: [0x0000000015120000, 0x0000000017120000)
 End Bits:   [0x0000000017120000, 0x0000000019120000)

Polling page: 0x00000000005b0000

Metaspace:

Usage:
  Non-class:      0 bytes used.
      Class:      0 bytes used.
       Both:      0 bytes used.

Virtual space:
  Non-class space:        0 bytes reserved,       0 bytes (  ?%) committed,  0 nodes.
      Class space:        1.00 GB reserved,       0 bytes (  0%) committed,  1 nodes.
             Both:        1.00 GB reserved,       0 bytes (  0%) committed. 

Chunk freelists:
   Non-Class:  0 bytes
       Class:  16.00 MB
        Both:  16.00 MB

MaxMetaspaceSize: unlimited
CompressedClassSpaceSize: 1.00 GB
Initial GC threshold: 21.00 MB
Current GC threshold: 17179869184.00 GB
CDS: on
 - commit_granule_bytes: 65536.
 - commit_granule_words: 8192.
 - virtual_space_node_default_size: 8388608.
 - enlarge_chunks_in_place: 1.
 - use_allocation_guard: 0.


Internal statistics:

num_allocs_failed_limit: 0.
num_arena_births: 0.
num_arena_deaths: 0.
num_vsnodes_births: 1.
num_vsnodes_deaths: 0.
num_space_committed: 0.
num_space_uncommitted: 0.
num_chunks_returned_to_freelist: 0.
num_chunks_taken_from_freelist: 1.
num_chunk_merges: 0.
num_chunk_splits: 1.
num_chunks_enlarged: 0.
num_inconsistent_stats: 0.

CodeHeap 'non-profiled nmethods': size=120000Kb used=0Kb max_used=0Kb free=120000Kb
 bounds [0x000000000d940000, 0x000000000dbb0000, 0x0000000014e70000]
CodeHeap 'profiled nmethods': size=120000Kb used=0Kb max_used=0Kb free=120000Kb
 bounds [0x0000000005e70000, 0x00000000060e0000, 0x000000000d3a0000]
CodeHeap 'non-nmethods': size=5760Kb used=194Kb max_used=342Kb free=5565Kb
 bounds [0x000000000d3a0000, 0x000000000d610000, 0x000000000d940000]
 total_blobs=70 nmethods=0 adapters=48
 compilation: enabled
              stopped_count=0, restarted_count=0
 full_count=0

Compilation events (0 events):
No events

GC Heap History (0 events):
No events

Dll operation events (1 events):
Event: 0.063 Loaded shared library c:\Users\91926\.vscode\extensions\redhat.java-1.43.1-win32-x64\jre\21.0.7-win32-x86_64\bin\java.dll

Deoptimization events (0 events):
No events

Classes loaded (0 events):
No events

Classes unloaded (0 events):
No events

Classes redefined (0 events):
No events

Internal exceptions (0 events):
No events

ZGC Phase Switch (0 events):
No events

VM Operations (0 events):
No events

Memory protections (0 events):
No events

Nmethod flushes (0 events):
No events

Events (1 events):
Event: 0.173 Thread 0x0000000002c827d0 Thread added: 0x0000000002c827d0


Dynamic libraries:
0x00007ff6f0260000 - 0x00007ff6f026e000 	c:\Users\91926\.vscode\extensions\redhat.java-1.43.1-win32-x64\jre\21.0.7-win32-x86_64\bin\java.exe
0x00007ffb3c010000 - 0x00007ffb3c227000 	C:\Windows\SYSTEM32\ntdll.dll
0x00007ffb3b140000 - 0x00007ffb3b204000 	C:\Windows\System32\KERNEL32.DLL
0x00007ffb39270000 - 0x00007ffb39642000 	C:\Windows\System32\KERNELBASE.dll
0x00007ffb397c0000 - 0x00007ffb398d1000 	C:\Windows\System32\ucrtbase.dll
0x00007ffb26f90000 - 0x00007ffb26fae000 	c:\Users\91926\.vscode\extensions\redhat.java-1.43.1-win32-x64\jre\21.0.7-win32-x86_64\bin\VCRUNTIME140.dll
0x00007ffb271c0000 - 0x00007ffb271d8000 	c:\Users\91926\.vscode\extensions\redhat.java-1.43.1-win32-x64\jre\21.0.7-win32-x86_64\bin\jli.dll
0x00007ffb3a5f0000 - 0x00007ffb3a7a1000 	C:\Windows\System32\USER32.dll
0x00007ffb39a10000 - 0x00007ffb39a36000 	C:\Windows\System32\win32u.dll
0x00007ffb25d60000 - 0x00007ffb25ffb000 	C:\Windows\WinSxS\amd64_microsoft.windows.common-controls_6595b64144ccf1df_6.0.22621.5547_none_27104afb73855772\COMCTL32.dll
0x00007ffb3a560000 - 0x00007ffb3a589000 	C:\Windows\System32\GDI32.dll
0x00007ffb398e0000 - 0x00007ffb39a03000 	C:\Windows\System32\gdi32full.dll
0x00007ffb39ca0000 - 0x00007ffb39d47000 	C:\Windows\System32\msvcrt.dll
0x00007ffb39ac0000 - 0x00007ffb39b5a000 	C:\Windows\System32\msvcp_win.dll
0x00007ffb3bb10000 - 0x00007ffb3bb41000 	C:\Windows\System32\IMM32.DLL
0x00007ffb20c50000 - 0x00007ffb20c5c000 	c:\Users\91926\.vscode\extensions\redhat.java-1.43.1-win32-x64\jre\21.0.7-win32-x86_64\bin\vcruntime140_1.dll
0x00007ffb13390000 - 0x00007ffb1341d000 	c:\Users\91926\.vscode\extensions\redhat.java-1.43.1-win32-x64\jre\21.0.7-win32-x86_64\bin\msvcp140.dll
0x00007ffa96090000 - 0x00007ffa96e20000 	c:\Users\91926\.vscode\extensions\redhat.java-1.43.1-win32-x64\jre\21.0.7-win32-x86_64\bin\server\jvm.dll
0x00007ffb3b080000 - 0x00007ffb3b131000 	C:\Windows\System32\ADVAPI32.dll
0x00007ffb3b610000 - 0x00007ffb3b6b8000 	C:\Windows\System32\sechost.dll
0x00007ffb39240000 - 0x00007ffb39268000 	C:\Windows\System32\bcrypt.dll
0x00007ffb3b260000 - 0x00007ffb3b374000 	C:\Windows\System32\RPCRT4.dll
0x00007ffb3a230000 - 0x00007ffb3a2a1000 	C:\Windows\System32\WS2_32.dll
0x00007ffb38fd0000 - 0x00007ffb3901d000 	C:\Windows\SYSTEM32\POWRPROF.dll
0x00007ffb337d0000 - 0x00007ffb33804000 	C:\Windows\SYSTEM32\WINMM.dll
0x00007ffb2faf0000 - 0x00007ffb2fafa000 	C:\Windows\SYSTEM32\VERSION.dll
0x00007ffb38fb0000 - 0x00007ffb38fc3000 	C:\Windows\SYSTEM32\UMPDC.dll
0x00007ffb38100000 - 0x00007ffb38118000 	C:\Windows\SYSTEM32\kernel.appcore.dll
0x00007ffb1cb00000 - 0x00007ffb1cb0a000 	c:\Users\91926\.vscode\extensions\redhat.java-1.43.1-win32-x64\jre\21.0.7-win32-x86_64\bin\jimage.dll
0x00007ffb36bc0000 - 0x00007ffb36df3000 	C:\Windows\SYSTEM32\DBGHELP.DLL
0x00007ffb39e90000 - 0x00007ffb3a223000 	C:\Windows\System32\combase.dll
0x00007ffb3b6c0000 - 0x00007ffb3b797000 	C:\Windows\System32\OLEAUT32.dll
0x00007ffb26000000 - 0x00007ffb26032000 	C:\Windows\SYSTEM32\dbgcore.DLL
0x00007ffb39a40000 - 0x00007ffb39abb000 	C:\Windows\System32\bcryptPrimitives.dll
0x00007ffb30d00000 - 0x00007ffb30d0f000 	c:\Users\91926\.vscode\extensions\redhat.java-1.43.1-win32-x64\jre\21.0.7-win32-x86_64\bin\instrument.dll
0x00007ffb17ce0000 - 0x00007ffb17cff000 	c:\Users\91926\.vscode\extensions\redhat.java-1.43.1-win32-x64\jre\21.0.7-win32-x86_64\bin\java.dll

dbghelp: loaded successfully - version: 4.0.5 - missing functions: none
symbol engine: initialized successfully - sym options: 0x614 - pdb path: .;c:\Users\91926\.vscode\extensions\redhat.java-1.43.1-win32-x64\jre\21.0.7-win32-x86_64\bin;C:\Windows\SYSTEM32;C:\Windows\WinSxS\amd64_microsoft.windows.common-controls_6595b64144ccf1df_6.0.22621.5547_none_27104afb73855772;c:\Users\91926\.vscode\extensions\redhat.java-1.43.1-win32-x64\jre\21.0.7-win32-x86_64\bin\server

VM Arguments:
jvm_args: --add-modules=ALL-SYSTEM --add-opens=java.base/java.util=ALL-UNNAMED --add-opens=java.base/java.lang=ALL-UNNAMED --add-opens=java.base/sun.nio.fs=ALL-UNNAMED -Declipse.application=org.eclipse.jdt.ls.core.id1 -Dosgi.bundles.defaultStartLevel=4 -Declipse.product=org.eclipse.jdt.ls.core.product -Djava.import.generatesMetadataFilesAtProjectRoot=false -DDetectVMInstallationsJob.disabled=true -Dfile.encoding=utf8 -XX:+UseParallelGC -XX:GCTimeRatio=4 -XX:AdaptiveSizePolicyWeight=90 -Dsun.zip.disableMemoryMapping=true -Xmx2G -Xms100m -Xlog:disable -javaagent:c:\Users\91926\.vscode\extensions\redhat.java-1.43.1-win32-x64\lombok\lombok-1.18.39-4050.jar -XX:+HeapDumpOnOutOfMemoryError -XX:HeapDumpPath=c:\Users\91926\AppData\Roaming\Code\User\workspaceStorage\6ebc18211fee6ab9ead269bb8419cef8\redhat.java -Daether.dependencyCollector.impl=bf 
java_command: c:\Users\91926\.vscode\extensions\redhat.java-1.43.1-win32-x64\server\plugins\org.eclipse.equinox.launcher_1.7.0.v20250519-0528.jar -configuration c:\Users\91926\AppData\Roaming\Code\User\globalStorage\redhat.java\1.43.1\config_win -data c:\Users\91926\AppData\Roaming\Code\User\workspaceStorage\6ebc18211fee6ab9ead269bb8419cef8\redhat.java\jdt_ws --pipe=\\.\pipe\lsp-9992f2088c7934d1a6216fc2304b4d69-sock
java_class_path (initial): c:\Users\91926\.vscode\extensions\redhat.java-1.43.1-win32-x64\server\plugins\org.eclipse.equinox.launcher_1.7.0.v20250519-0528.jar
Launcher Type: SUN_STANDARD

[Global flags]
    uintx AdaptiveSizePolicyWeight                 = 90                                        {product} {command line}
     intx CICompilerCount                          = 4                                         {product} {ergonomic}
    uintx GCTimeRatio                              = 4                                         {product} {command line}
     bool HeapDumpOnOutOfMemoryError               = true                                   {manageable} {command line}
    ccstr HeapDumpPath                             = c:\Users\91926\AppData\Roaming\Code\User\workspaceStorage\6ebc18211fee6ab9ead269bb8419cef8\redhat.java         {manageable} {command line}
   size_t InitialHeapSize                          = 104857600                                 {product} {command line}
   size_t MaxHeapSize                              = 2147483648                                {product} {command line}
   size_t MaxNewSize                               = 715653120                                 {product} {ergonomic}
   size_t MinHeapDeltaBytes                        = 524288                                    {product} {ergonomic}
   size_t MinHeapSize                              = 104857600                                 {product} {command line}
   size_t NewSize                                  = 34603008                                  {product} {ergonomic}
    uintx NonNMethodCodeHeapSize                   = 5839372                                {pd product} {ergonomic}
    uintx NonProfiledCodeHeapSize                  = 122909434                              {pd product} {ergonomic}
   size_t OldSize                                  = 70254592                                  {product} {ergonomic}
    uintx ProfiledCodeHeapSize                     = 122909434                              {pd product} {ergonomic}
    uintx ReservedCodeCacheSize                    = 251658240                              {pd product} {ergonomic}
     bool SegmentedCodeCache                       = true                                      {product} {ergonomic}
   size_t SoftMaxHeapSize                          = 2147483648                             {manageable} {ergonomic}
     bool UseCompressedOops                        = true                           {product lp64_product} {ergonomic}
     bool UseLargePagesIndividualAllocation        = false                                  {pd product} {ergonomic}
     bool UseParallelGC                            = true                                      {product} {command line}

Logging:
Log output configuration:
 #0: stdout all=off uptime,level,tags foldmultilines=false
 #1: stderr all=off uptime,level,tags foldmultilines=false

Environment Variables:
JAVA_HOME=C:\Program Files\Java\jdk-19
PATH=C:\MinGW\msys\1.0\bin;C:\MinGW\bin;C:\Program Files\nodejs;D:\Program-Files\;D:\Program-Files;C:\Users\91926\AppData\Roaming\npm;C:\Program Files\Git\cmd;C:\Program Files\MongoDB\Server\7.0\bin;C:\Users\91926\AppData\Local\Programs\mongosh;C:\Users\91926\AppData\Local;C:\Users\91926\;C:\Users\91926\AppData\Local\Programs\Python\Python313\Scripts\;C:\Users\91926\AppData\Local\Programs\Python\Python313\;C:\MinGW\bin;C:\MinGW\msys\1.0\bin;C:\Users\91926\AppData\Roaming\npm;C:\Users\91926\AppData\Local\Programs\Microsoft VS Code\bin;D:\Program-Files;C:\Program Files\MongoDB\Server\7.0\bin;C:\Users\91926\AppData\Local\Programs\mongosh;C:\Users\91926\AppData\Local\Programs\mongosh\;C:\Users\91926\AppData\Local;C:\Users\91926\AppData\Local\GitHubDesktop\bin
USERNAME=91926
OS=Windows_NT
PROCESSOR_IDENTIFIER=AMD64 Family 23 Model 104 Stepping 1, AuthenticAMD
TMP=C:\Users\91926\AppData\Local\Temp
TEMP=C:\Users\91926\AppData\Local\Temp




Periodic native trim disabled

---------------  S Y S T E M  ---------------

OS:
 Windows 11 , 64 bit Build 22621 (10.0.22621.5415)
OS uptime: 1 days 1:14 hours
Hyper-V role detected

CPU: total 12 (initial active 12) (12 cores per cpu, 2 threads per core) family 23 model 104 stepping 1 microcode 0x0, cx8, cmov, fxsr, ht, mmx, 3dnowpref, sse, sse2, sse3, ssse3, sse4a, sse4.1, sse4.2, popcnt, lzcnt, tsc, tscinvbit, avx, avx2, aes, clmul, bmi1, bmi2, adx, sha, fma, vzeroupper, clflush, clflushopt, hv, rdtscp, rdpid, f16c
Processor Information for processor 0
  Max Mhz: 2100, Current Mhz: 1893, Mhz Limit: 2100
Processor Information for processor 1
  Max Mhz: 2100, Current Mhz: 1893, Mhz Limit: 2100
Processor Information for processor 2
  Max Mhz: 2100, Current Mhz: 1893, Mhz Limit: 2100
Processor Information for processor 3
  Max Mhz: 2100, Current Mhz: 1893, Mhz Limit: 2100
Processor Information for processor 4
  Max Mhz: 2100, Current Mhz: 1893, Mhz Limit: 2100
Processor Information for processor 5
  Max Mhz: 2100, Current Mhz: 1893, Mhz Limit: 2100
Processor Information for processor 6
  Max Mhz: 2100, Current Mhz: 1893, Mhz Limit: 2100
Processor Information for processor 7
  Max Mhz: 2100, Current Mhz: 1893, Mhz Limit: 2100
Processor Information for processor 8
  Max Mhz: 2100, Current Mhz: 1813, Mhz Limit: 2100
Processor Information for processor 9
  Max Mhz: 2100, Current Mhz: 1813, Mhz Limit: 2100
Processor Information for processor 10
  Max Mhz: 2100, Current Mhz: 1813, Mhz Limit: 2100
Processor Information for processor 11
  Max Mhz: 2100, Current Mhz: 1813, Mhz Limit: 2100

Memory: 4k page, system-wide physical 5989M (187M free)
TotalPageFile size 24421M (AvailPageFile size 59M)
current process WorkingSet (physical memory assigned to process): 25M, peak: 25M
current process commit charge ("private bytes"): 222M, peak: 223M

vm_info: OpenJDK 64-Bit Server VM (21.0.7+6-LTS) for windows-amd64 JRE (21.0.7+6-LTS), built on 2025-04-15T00:00:00Z by "admin" with MS VC++ 17.7 (VS2022)

END.
