#
# There is insufficient memory for the Java Runtime Environment to continue.
# Native memory allocation (malloc) failed to allocate 1024096 bytes. Error detail: Chunk::new
# Possible reasons:
#   The system is out of physical RAM or swap space
#   This process is running with CompressedOops enabled, and the Java Heap may be blocking the growth of the native heap
# Possible solutions:
#   Reduce memory load on the system
#   Increase physical memory or swap space
#   Check if swap backing store is full
#   Decrease Java heap size (-Xmx/-Xms)
#   Decrease number of Java threads
#   Decrease Java thread stack sizes (-Xss)
#   Set larger code cache with -XX:ReservedCodeCacheSize=
#   JVM is running with Unscaled Compressed Oops mode in which the Java heap is
#     placed in the first 4GB address space. The Java Heap base address is the
#     maximum limit for the native heap growth. Please use -XX:HeapBaseMinAddress
#     to set the Java Heap base and to place the Java Heap above 4GB virtual address.
# This output file may be truncated or incomplete.
#
#  Out of Memory Error (arena.cpp:191), pid=31384, tid=32332
#
# JRE version: OpenJDK Runtime Environment Temurin-17.0.16+8 (17.0.16+8) (build 17.0.16+8)
# Java VM: OpenJDK 64-Bit Server VM Temurin-17.0.16+8 (17.0.16+8, mixed mode, sharing, tiered, compressed oops, compressed class ptrs, g1 gc, windows-amd64)
# No core dump will be written. Minidumps are not enabled by default on client versions of Windows
#

---------------  S U M M A R Y ------------

Command Line: -XX:MaxMetaspaceSize=512m --add-opens=java.base/java.util=ALL-UNNAMED --add-opens=java.base/java.lang=ALL-UNNAMED --add-opens=java.base/java.lang.invoke=ALL-UNNAMED --add-opens=java.prefs/java.util.prefs=ALL-UNNAMED --add-exports=jdk.compiler/com.sun.tools.javac.api=ALL-UNNAMED --add-exports=jdk.compiler/com.sun.tools.javac.util=ALL-UNNAMED --add-opens=java.base/java.nio.charset=ALL-UNNAMED --add-opens=java.base/java.net=ALL-UNNAMED --add-opens=java.base/java.util.concurrent.atomic=ALL-UNNAMED -Xmx2048m -Dfile.encoding=utf8 -Duser.country=IN -Duser.language=en -Duser.variant -javaagent:C:\Users\91926\.gradle\wrapper\dists\gradle-8.10.2-all\7iv73wktx1xtkvlq19urqw1wm\gradle-8.10.2\lib\agents\gradle-instrumentation-agent-8.10.2.jar org.gradle.launcher.daemon.bootstrap.GradleDaemon 8.10.2

Host: AMD Ryzen 5 5500U with Radeon Graphics         , 12 cores, 5G,  Windows 11 , 64 bit Build 22621 (10.0.22621.5415)
Time: Mon Sep  1 17:15:51 2025 India Standard Time elapsed time: 18.068911 seconds (0d 0h 0m 18s)

---------------  T H R E A D  ---------------

Current thread (0x0000000021712160):  JavaThread "C2 CompilerThread0" daemon [_thread_in_native, id=32332, stack(0x0000000041200000,0x0000000041300000)]


Current CompileTask:
C2:  18068 7922 %     4       org.gradle.internal.instantiation.generator.AbstractClassGenerator::inspectType @ 107 (560 bytes)

Stack: [0x0000000041200000,0x0000000041300000]
Native frames: (J=compiled Java code, j=interpreted, Vv=VM code, C=native code)
V  [jvm.dll+0x683169]
V  [jvm.dll+0x839ac8]
V  [jvm.dll+0x83b573]
V  [jvm.dll+0x83bbe3]
V  [jvm.dll+0x2473ff]
V  [jvm.dll+0xace94]
V  [jvm.dll+0xad52c]
V  [jvm.dll+0x2acc2f]
V  [jvm.dll+0x5891f9]
V  [jvm.dll+0x221182]
V  [jvm.dll+0x219e5b]
V  [jvm.dll+0x21765b]
V  [jvm.dll+0x1a32a0]
V  [jvm.dll+0x227b3c]
V  [jvm.dll+0x225ccb]
V  [jvm.dll+0x7ef2d8]
V  [jvm.dll+0x7e979c]
V  [jvm.dll+0x682047]
C  [ucrtbase.dll+0x29333]
C  [KERNEL32.DLL+0x1259d]
C  [ntdll.dll+0x5af78]


---------------  P R O C E S S  ---------------

Threads class SMR info:
_java_thread_list=0x0000000041dac8c0, length=85, elements={
0x0000000002b1e950, 0x00000000216f6500, 0x00000000216f7380, 0x000000002170c050,
0x000000002170db30, 0x0000000021710a00, 0x00000000217113c0, 0x0000000021712160,
0x0000000021716110, 0x0000000021732730, 0x00000000415cddc0, 0x000000004166c350,
0x00000000436d3110, 0x000000004394e5c0, 0x00000000436775f0, 0x00000000439c70f0,
0x00000000439b51b0, 0x00000000439eb600, 0x00000000439ecf50, 0x00000000439eb0f0,
0x00000000439ebb10, 0x00000000439ec530, 0x00000000439eca40, 0x00000000439ec020,
0x00000000439ed460, 0x00000000439ed970, 0x00000000439eabe0, 0x00000000439ede80,
0x00000000439ee390, 0x0000000043ebb960, 0x0000000043ec0040, 0x0000000043eb90e0,
0x0000000043ebb450, 0x0000000043ebfb30, 0x0000000043ebc890, 0x0000000043eb95f0,
0x0000000043ebe1e0, 0x0000000043ebd2b0, 0x0000000043ebaf40, 0x0000000043ebd7c0,
0x0000000043ebdcd0, 0x0000000043ebe6f0, 0x0000000043ebec00, 0x0000000043eb9b00,
0x0000000043ebf110, 0x0000000043ec0550, 0x0000000043ebf620, 0x00000000498c7860,
0x00000000498c4fe0, 0x00000000498c8ca0, 0x00000000498c45c0, 0x00000000498c3180,
0x00000000498c96c0, 0x00000000498c3ba0, 0x00000000498c54f0, 0x00000000498c7d70,
0x00000000498c2250, 0x00000000498c6e40, 0x00000000498c2c70, 0x00000000498c7350,
0x00000000498c3690, 0x00000000498c8280, 0x00000000498c5a00, 0x00000000498c8790,
0x00000000498c4ad0, 0x00000000498c9bd0, 0x00000000498c6930, 0x00000000498c5f10,
0x00000000498c6420, 0x00000000498c2760, 0x00000000498c40b0, 0x000000004805de50,
0x000000004805d430, 0x0000000048059260, 0x000000004805d940, 0x000000004805e360,
0x0000000048058840, 0x000000004805bae0, 0x000000004805cf20, 0x000000004805ca10,
0x000000004805e870, 0x000000004805bff0, 0x000000004805ed80, 0x0000000048059770,
0x000000004805f290
}

Java Threads: ( => current thread )
  0x0000000002b1e950 JavaThread "main" [_thread_blocked, id=27524, stack(0x00000000021d0000,0x00000000022d0000)]
  0x00000000216f6500 JavaThread "Reference Handler" daemon [_thread_blocked, id=26724, stack(0x0000000021a70000,0x0000000021b70000)]
  0x00000000216f7380 JavaThread "Finalizer" daemon [_thread_blocked, id=4200, stack(0x0000000021b70000,0x0000000021c70000)]
  0x000000002170c050 JavaThread "Signal Dispatcher" daemon [_thread_blocked, id=16704, stack(0x0000000021d80000,0x0000000021e80000)]
  0x000000002170db30 JavaThread "Attach Listener" daemon [_thread_blocked, id=22136, stack(0x0000000021e80000,0x0000000021f80000)]
  0x0000000021710a00 JavaThread "Service Thread" daemon [_thread_blocked, id=31772, stack(0x0000000041000000,0x0000000041100000)]
  0x00000000217113c0 JavaThread "Monitor Deflation Thread" daemon [_thread_blocked, id=30436, stack(0x0000000041100000,0x0000000041200000)]
=>0x0000000021712160 JavaThread "C2 CompilerThread0" daemon [_thread_in_native, id=32332, stack(0x0000000041200000,0x0000000041300000)]
  0x0000000021716110 JavaThread "C1 CompilerThread0" daemon [_thread_blocked, id=24968, stack(0x0000000041300000,0x0000000041400000)]
  0x0000000021732730 JavaThread "Sweeper thread" daemon [_thread_blocked, id=11364, stack(0x0000000041400000,0x0000000041500000)]
  0x00000000415cddc0 JavaThread "Common-Cleaner" daemon [_thread_blocked, id=15588, stack(0x0000000041900000,0x0000000041a00000)]
  0x000000004166c350 JavaThread "Notification Thread" daemon [_thread_blocked, id=22764, stack(0x0000000041a00000,0x0000000041b00000)]
  0x00000000436d3110 JavaThread "Daemon health stats" [_thread_blocked, id=22916, stack(0x00000000448a0000,0x00000000449a0000)]
  0x000000004394e5c0 JavaThread "Incoming local TCP Connector on port 63694" [_thread_in_native, id=23664, stack(0x0000000042400000,0x0000000042500000)]
  0x00000000436775f0 JavaThread "Daemon periodic checks" [_thread_blocked, id=18720, stack(0x0000000044e30000,0x0000000044f30000)]
  0x00000000439c70f0 JavaThread "Daemon" [_thread_blocked, id=10112, stack(0x0000000044f30000,0x0000000045030000)]
  0x00000000439b51b0 JavaThread "Handler for socket connection from /127.0.0.1:63694 to /127.0.0.1:63695" [_thread_in_native, id=30732, stack(0x0000000045130000,0x0000000045230000)]
  0x00000000439eb600 JavaThread "Cancel handler" [_thread_blocked, id=11464, stack(0x0000000045230000,0x0000000045330000)]
  0x00000000439ecf50 JavaThread "Daemon worker" [_thread_in_native, id=7712, stack(0x0000000045330000,0x0000000045430000)]
  0x00000000439eb0f0 JavaThread "Asynchronous log dispatcher for DefaultDaemonConnection: socket connection from /127.0.0.1:63694 to /127.0.0.1:63695" [_thread_blocked, id=17620, stack(0x0000000045430000,0x0000000045530000)]
  0x00000000439ebb10 JavaThread "Stdin handler" [_thread_blocked, id=23372, stack(0x0000000045530000,0x0000000045630000)]
  0x00000000439ec530 JavaThread "Daemon client event forwarder" [_thread_blocked, id=21756, stack(0x0000000045630000,0x0000000045730000)]
  0x00000000439eca40 JavaThread "Cache worker for journal cache (C:\Users\91926\.gradle\caches\journal-1)" [_thread_blocked, id=16684, stack(0x0000000045c30000,0x0000000045d30000)]
  0x00000000439ec020 JavaThread "File lock request listener" [_thread_in_native, id=10712, stack(0x0000000045d30000,0x0000000045e30000)]
  0x00000000439ed460 JavaThread "Cache worker for file hash cache (C:\Users\91926\.gradle\caches\8.10.2\fileHashes)" [_thread_blocked, id=10136, stack(0x0000000045e30000,0x0000000045f30000)]
  0x00000000439ed970 JavaThread "Cache worker for file hash cache (C:\Users\91926\Desktop\Digital Addworld\digital-pay-money\digital-pay-money\android\.gradle\8.10.2\fileHashes)" [_thread_blocked, id=31580, stack(0x0000000046030000,0x0000000046130000)]
  0x00000000439eabe0 JavaThread "Cache worker for Build Output Cleanup Cache (C:\Users\91926\Desktop\Digital Addworld\digital-pay-money\digital-pay-money\android\.gradle\buildOutputCleanup)" [_thread_blocked, id=32308, stack(0x00000000485e0000,0x00000000486e0000)]
  0x00000000439ede80 JavaThread "File watcher server" daemon [_thread_in_native, id=19888, stack(0x0000000048490000,0x0000000048590000)]
  0x00000000439ee390 JavaThread "File watcher consumer" daemon [_thread_blocked, id=31668, stack(0x00000000488e0000,0x00000000489e0000)]
  0x0000000043ebb960 JavaThread "jar transforms" [_thread_blocked, id=3552, stack(0x0000000047300000,0x0000000047400000)]
  0x0000000043ec0040 JavaThread "jar transforms Thread 2" [_thread_blocked, id=30144, stack(0x00000000489e0000,0x0000000048ae0000)]
  0x0000000043eb90e0 JavaThread "jar transforms Thread 3" [_thread_blocked, id=17584, stack(0x0000000048ae0000,0x0000000048be0000)]
  0x0000000043ebb450 JavaThread "Cache worker for checksums cache (C:\Users\91926\Desktop\Digital Addworld\digital-pay-money\digital-pay-money\android\.gradle\8.10.2\checksums)" [_thread_blocked, id=16040, stack(0x0000000045f30000,0x0000000046030000)]
  0x0000000043ebfb30 JavaThread "Cache worker for file content cache (C:\Users\91926\.gradle\caches\8.10.2\fileContent)" [_thread_blocked, id=30104, stack(0x0000000046130000,0x0000000046230000)]
  0x0000000043ebc890 JavaThread "Cache worker for cache directory md-rule (C:\Users\91926\.gradle\caches\8.10.2\md-rule)" [_thread_blocked, id=29752, stack(0x0000000046230000,0x0000000046330000)]
  0x0000000043eb95f0 JavaThread "Cache worker for cache directory md-supplier (C:\Users\91926\.gradle\caches\8.10.2\md-supplier)" [_thread_blocked, id=20692, stack(0x0000000048ce0000,0x0000000048de0000)]
  0x0000000043ebe1e0 JavaThread "jar transforms Thread 4" [_thread_blocked, id=28964, stack(0x0000000048ee0000,0x0000000048fe0000)]
  0x0000000043ebd2b0 JavaThread "jar transforms Thread 5" [_thread_blocked, id=20640, stack(0x0000000048fe0000,0x00000000490e0000)]
  0x0000000043ebaf40 JavaThread "jar transforms Thread 6" [_thread_blocked, id=20312, stack(0x000000004a0b0000,0x000000004a1b0000)]
  0x0000000043ebd7c0 JavaThread "jar transforms Thread 7" [_thread_blocked, id=12768, stack(0x000000004a1b0000,0x000000004a2b0000)]
  0x0000000043ebdcd0 JavaThread "jar transforms Thread 8" [_thread_blocked, id=8880, stack(0x000000004a2b0000,0x000000004a3b0000)]
  0x0000000043ebe6f0 JavaThread "jar transforms Thread 9" [_thread_blocked, id=23328, stack(0x000000004a3b0000,0x000000004a4b0000)]
  0x0000000043ebec00 JavaThread "jar transforms Thread 10" [_thread_blocked, id=22244, stack(0x000000004a750000,0x000000004a850000)]
  0x0000000043eb9b00 JavaThread "Cache worker for Build Output Cleanup Cache (C:\Users\91926\Desktop\Digital Addworld\digital-pay-money\digital-pay-money\node_modules\@react-native\gradle-plugin\.gradle\buildOutputCleanup)" [_thread_blocked, id=22508, stack(0x000000004a4b0000,0x000000004a5b0000)]
  0x0000000043ebf110 JavaThread "Unconstrained build operations" [_thread_blocked, id=20352, stack(0x0000000048de0000,0x0000000048ee0000)]
  0x0000000043ec0550 JavaThread "Unconstrained build operations Thread 2" [_thread_blocked, id=17616, stack(0x000000004a5b0000,0x000000004a6b0000)]
  0x0000000043ebf620 JavaThread "Unconstrained build operations Thread 3" [_thread_blocked, id=4036, stack(0x000000004a850000,0x000000004a950000)]
  0x00000000498c7860 JavaThread "Unconstrained build operations Thread 4" [_thread_blocked, id=21264, stack(0x000000004a950000,0x000000004aa50000)]
  0x00000000498c4fe0 JavaThread "Unconstrained build operations Thread 5" [_thread_blocked, id=21120, stack(0x000000004ac20000,0x000000004ad20000)]
  0x00000000498c8ca0 JavaThread "Unconstrained build operations Thread 6" [_thread_blocked, id=8456, stack(0x000000004b0d0000,0x000000004b1d0000)]
  0x00000000498c45c0 JavaThread "Unconstrained build operations Thread 7" [_thread_blocked, id=26788, stack(0x000000004ad20000,0x000000004ae20000)]
  0x00000000498c3180 JavaThread "Unconstrained build operations Thread 8" [_thread_blocked, id=27276, stack(0x000000004ae20000,0x000000004af20000)]
  0x00000000498c96c0 JavaThread "Unconstrained build operations Thread 9" [_thread_blocked, id=7436, stack(0x000000004af20000,0x000000004b020000)]
  0x00000000498c3ba0 JavaThread "Unconstrained build operations Thread 10" [_thread_blocked, id=31908, stack(0x000000004c1a0000,0x000000004c2a0000)]
  0x00000000498c54f0 JavaThread "Unconstrained build operations Thread 11" [_thread_blocked, id=27180, stack(0x000000004c2a0000,0x000000004c3a0000)]
  0x00000000498c7d70 JavaThread "Unconstrained build operations Thread 12" [_thread_blocked, id=25252, stack(0x000000004c3a0000,0x000000004c4a0000)]
  0x00000000498c2250 JavaThread "Unconstrained build operations Thread 13" [_thread_blocked, id=28624, stack(0x000000004c4a0000,0x000000004c5a0000)]
  0x00000000498c6e40 JavaThread "Unconstrained build operations Thread 14" [_thread_blocked, id=2704, stack(0x000000004c5a0000,0x000000004c6a0000)]
  0x00000000498c2c70 JavaThread "Unconstrained build operations Thread 15" [_thread_blocked, id=15244, stack(0x000000004c6a0000,0x000000004c7a0000)]
  0x00000000498c7350 JavaThread "Unconstrained build operations Thread 16" [_thread_blocked, id=7444, stack(0x000000004c7a0000,0x000000004c8a0000)]
  0x00000000498c3690 JavaThread "Unconstrained build operations Thread 17" [_thread_blocked, id=29672, stack(0x000000004c8a0000,0x000000004c9a0000)]
  0x00000000498c8280 JavaThread "Unconstrained build operations Thread 18" [_thread_blocked, id=26840, stack(0x000000004c9a0000,0x000000004caa0000)]
  0x00000000498c5a00 JavaThread "Unconstrained build operations Thread 19" [_thread_blocked, id=31264, stack(0x000000004caa0000,0x000000004cba0000)]
  0x00000000498c8790 JavaThread "Unconstrained build operations Thread 20" [_thread_blocked, id=29700, stack(0x000000004cba0000,0x000000004cca0000)]
  0x00000000498c4ad0 JavaThread "Unconstrained build operations Thread 21" [_thread_blocked, id=19340, stack(0x000000004cca0000,0x000000004cda0000)]
  0x00000000498c9bd0 JavaThread "Unconstrained build operations Thread 22" [_thread_blocked, id=13120, stack(0x000000004cda0000,0x000000004cea0000)]
  0x00000000498c6930 JavaThread "Unconstrained build operations Thread 23" [_thread_blocked, id=30708, stack(0x000000004cea0000,0x000000004cfa0000)]
  0x00000000498c5f10 JavaThread "Unconstrained build operations Thread 24" [_thread_blocked, id=31180, stack(0x000000004cfa0000,0x000000004d0a0000)]
  0x00000000498c6420 JavaThread "Unconstrained build operations Thread 25" [_thread_blocked, id=20148, stack(0x000000004d0a0000,0x000000004d1a0000)]
  0x00000000498c2760 JavaThread "Unconstrained build operations Thread 26" [_thread_blocked, id=31560, stack(0x000000004d1a0000,0x000000004d2a0000)]
  0x00000000498c40b0 JavaThread "Unconstrained build operations Thread 27" [_thread_blocked, id=25664, stack(0x000000004d2a0000,0x000000004d3a0000)]
  0x000000004805de50 JavaThread "Unconstrained build operations Thread 28" [_thread_blocked, id=7696, stack(0x000000004d3a0000,0x000000004d4a0000)]
  0x000000004805d430 JavaThread "Unconstrained build operations Thread 29" [_thread_blocked, id=19952, stack(0x000000004d4a0000,0x000000004d5a0000)]
  0x0000000048059260 JavaThread "Unconstrained build operations Thread 30" [_thread_blocked, id=22896, stack(0x000000004d5a0000,0x000000004d6a0000)]
  0x000000004805d940 JavaThread "Unconstrained build operations Thread 31" [_thread_blocked, id=14360, stack(0x000000004d6a0000,0x000000004d7a0000)]
  0x000000004805e360 JavaThread "Unconstrained build operations Thread 32" [_thread_blocked, id=16024, stack(0x000000004d7a0000,0x000000004d8a0000)]
  0x0000000048058840 JavaThread "Unconstrained build operations Thread 33" [_thread_blocked, id=31240, stack(0x000000004d8a0000,0x000000004d9a0000)]
  0x000000004805bae0 JavaThread "Unconstrained build operations Thread 34" [_thread_blocked, id=21160, stack(0x000000004d9a0000,0x000000004daa0000)]
  0x000000004805cf20 JavaThread "Unconstrained build operations Thread 35" [_thread_blocked, id=17292, stack(0x000000004daa0000,0x000000004dba0000)]
  0x000000004805ca10 JavaThread "Unconstrained build operations Thread 36" [_thread_blocked, id=28532, stack(0x000000004dba0000,0x000000004dca0000)]
  0x000000004805e870 JavaThread "Unconstrained build operations Thread 37" [_thread_blocked, id=32104, stack(0x000000004dca0000,0x000000004dda0000)]
  0x000000004805bff0 JavaThread "Unconstrained build operations Thread 38" [_thread_blocked, id=31084, stack(0x000000004dda0000,0x000000004dea0000)]
  0x000000004805ed80 JavaThread "Unconstrained build operations Thread 39" [_thread_blocked, id=16760, stack(0x000000004dea0000,0x000000004dfa0000)]
  0x0000000048059770 JavaThread "Memory manager" [_thread_blocked, id=5408, stack(0x000000004dfa0000,0x000000004e0a0000)]
  0x000000004805f290 JavaThread "build event listener" [_thread_blocked, id=8832, stack(0x000000004aa50000,0x000000004ab50000)]

Other Threads:
  0x00000000216f31d0 VMThread "VM Thread" [stack: 0x0000000021970000,0x0000000021a70000] [id=32100]
  0x0000000041618390 WatcherThread [stack: 0x0000000041b00000,0x0000000041c00000] [id=32612]
  0x0000000002b790f0 GCTaskThread "GC Thread#0" [stack: 0x000000001e7c0000,0x000000001e8c0000] [id=21960]
  0x0000000041ea6c90 GCTaskThread "GC Thread#1" [stack: 0x0000000042600000,0x0000000042700000] [id=20380]
  0x00000000417b5990 GCTaskThread "GC Thread#2" [stack: 0x0000000042700000,0x0000000042800000] [id=16784]
  0x0000000042ae07d0 GCTaskThread "GC Thread#3" [stack: 0x0000000042500000,0x0000000042600000] [id=19288]
  0x0000000042e73cb0 GCTaskThread "GC Thread#4" [stack: 0x00000000437d0000,0x00000000438d0000] [id=27244]
  0x0000000043c07320 GCTaskThread "GC Thread#5" [stack: 0x0000000045730000,0x0000000045830000] [id=12640]
  0x00000000437c8c20 GCTaskThread "GC Thread#6" [stack: 0x0000000045830000,0x0000000045930000] [id=20704]
  0x0000000043a90420 GCTaskThread "GC Thread#7" [stack: 0x0000000045930000,0x0000000045a30000] [id=30320]
  0x0000000043a906e0 GCTaskThread "GC Thread#8" [stack: 0x0000000045a30000,0x0000000045b30000] [id=26860]
  0x00000000436ed9e0 GCTaskThread "GC Thread#9" [stack: 0x0000000045b30000,0x0000000045c30000] [id=7716]
  0x0000000002b8c060 ConcurrentGCThread "G1 Main Marker" [stack: 0x000000001e8c0000,0x000000001e9c0000] [id=30944]
  0x0000000002b8e230 ConcurrentGCThread "G1 Conc#0" [stack: 0x000000001e9c0000,0x000000001eac0000] [id=2308]
  0x0000000041f57880 ConcurrentGCThread "G1 Conc#1" [stack: 0x00000000486e0000,0x00000000487e0000] [id=16720]
  0x0000000041f57e00 ConcurrentGCThread "G1 Conc#2" [stack: 0x00000000487e0000,0x00000000488e0000] [id=28664]
  0x0000000002bcda50 ConcurrentGCThread "G1 Refine#0" [stack: 0x0000000021770000,0x0000000021870000] [id=21812]
  0x0000000002bce480 ConcurrentGCThread "G1 Service" [stack: 0x0000000021870000,0x0000000021970000] [id=12856]

Threads with active compile tasks:
C2 CompilerThread0    18095 7922 %     4       org.gradle.internal.instantiation.generator.AbstractClassGenerator::inspectType @ 107 (560 bytes)

VM state: not at safepoint (normal execution)

VM Mutex/Monitor currently owned by a thread: None

Heap address: 0x0000000080000000, size: 2048 MB, Compressed Oops mode: 32-bit

CDS archive(s) mapped at: [0x0000000022000000-0x0000000022bb0000-0x0000000022bb0000), size 12255232, SharedBaseAddress: 0x0000000022000000, ArchiveRelocationMode: 1.
Compressed class space mapped at: 0x0000000023000000-0x000000003d000000, reserved size: 436207616
Narrow klass base: 0x0000000022000000, Narrow klass shift: 0, Narrow klass range: 0x100000000

GC Precious Log:
 CPUs: 12 total, 12 available
 Memory: 5989M
 Large Page Support: Disabled
 NUMA Support: Disabled
 Compressed Oops: Enabled (32-bit)
 Heap Region Size: 1M
 Heap Min Capacity: 8M
 Heap Initial Capacity: 94M
 Heap Max Capacity: 2G
 Pre-touch: Disabled
 Parallel Workers: 10
 Concurrent Workers: 3
 Concurrent Refinement Workers: 10
 Periodic GC: Disabled

Heap:
 garbage-first heap   total 116736K, used 81742K [0x0000000080000000, 0x0000000100000000)
  region size 1024K, 19 young (19456K), 3 survivors (3072K)
 Metaspace       used 64617K, committed 65472K, reserved 491520K
  class space    used 9140K, committed 9536K, reserved 425984K

Heap Regions: E=young(eden), S=young(survivor), O=old, HS=humongous(starts), HC=humongous(continues), CS=collection set, F=free, OA=open archive, CA=closed archive, TAMS=top-at-mark-start (previous, next)
|   0|0x0000000080000000, 0x0000000080100000, 0x0000000080100000|100%| O|  |TAMS 0x0000000080100000, 0x0000000080000000| Untracked 
|   1|0x0000000080100000, 0x0000000080200000, 0x0000000080200000|100%| O|  |TAMS 0x0000000080200000, 0x0000000080100000| Untracked 
|   2|0x0000000080200000, 0x0000000080300000, 0x0000000080300000|100%|HS|  |TAMS 0x0000000080300000, 0x0000000080200000| Complete 
|   3|0x0000000080300000, 0x0000000080400000, 0x0000000080400000|100%|HC|  |TAMS 0x0000000080400000, 0x0000000080300000| Complete 
|   4|0x0000000080400000, 0x0000000080500000, 0x0000000080500000|100%|HC|  |TAMS 0x0000000080500000, 0x0000000080400000| Complete 
|   5|0x0000000080500000, 0x0000000080600000, 0x0000000080600000|100%|HC|  |TAMS 0x0000000080600000, 0x0000000080500000| Complete 
|   6|0x0000000080600000, 0x0000000080700000, 0x0000000080700000|100%| O|  |TAMS 0x0000000080700000, 0x0000000080600000| Untracked 
|   7|0x0000000080700000, 0x0000000080800000, 0x0000000080800000|100%| O|  |TAMS 0x0000000080800000, 0x0000000080700000| Untracked 
|   8|0x0000000080800000, 0x0000000080900000, 0x0000000080900000|100%| O|  |TAMS 0x0000000080900000, 0x0000000080800000| Untracked 
|   9|0x0000000080900000, 0x0000000080a00000, 0x0000000080a00000|100%|HS|  |TAMS 0x0000000080a00000, 0x0000000080900000| Complete 
|  10|0x0000000080a00000, 0x0000000080b00000, 0x0000000080b00000|100%| O|  |TAMS 0x0000000080b00000, 0x0000000080a00000| Untracked 
|  11|0x0000000080b00000, 0x0000000080c00000, 0x0000000080c00000|100%| O|  |TAMS 0x0000000080c00000, 0x0000000080b00000| Untracked 
|  12|0x0000000080c00000, 0x0000000080d00000, 0x0000000080d00000|100%| O|  |TAMS 0x0000000080d00000, 0x0000000080c00000| Untracked 
|  13|0x0000000080d00000, 0x0000000080e00000, 0x0000000080e00000|100%| O|  |TAMS 0x0000000080e00000, 0x0000000080d00000| Untracked 
|  14|0x0000000080e00000, 0x0000000080f00000, 0x0000000080f00000|100%| O|  |TAMS 0x0000000080f00000, 0x0000000080e00000| Untracked 
|  15|0x0000000080f00000, 0x0000000081000000, 0x0000000081000000|100%| O|  |TAMS 0x0000000081000000, 0x0000000080f00000| Untracked 
|  16|0x0000000081000000, 0x0000000081100000, 0x0000000081100000|100%| O|  |TAMS 0x0000000081100000, 0x0000000081000000| Untracked 
|  17|0x0000000081100000, 0x0000000081200000, 0x0000000081200000|100%| O|  |TAMS 0x0000000081200000, 0x0000000081100000| Untracked 
|  18|0x0000000081200000, 0x0000000081300000, 0x0000000081300000|100%| O|  |TAMS 0x0000000081300000, 0x0000000081200000| Untracked 
|  19|0x0000000081300000, 0x0000000081400000, 0x0000000081400000|100%| O|  |TAMS 0x0000000081400000, 0x0000000081300000| Untracked 
|  20|0x0000000081400000, 0x0000000081500000, 0x0000000081500000|100%| O|  |TAMS 0x0000000081500000, 0x0000000081400000| Untracked 
|  21|0x0000000081500000, 0x0000000081519600, 0x0000000081600000|  9%| O|  |TAMS 0x0000000081519600, 0x0000000081500000| Untracked 
|  22|0x0000000081600000, 0x0000000081700000, 0x0000000081700000|100%| O|  |TAMS 0x0000000081700000, 0x0000000081600000| Untracked 
|  23|0x0000000081700000, 0x0000000081800000, 0x0000000081800000|100%| O|  |TAMS 0x0000000081800000, 0x0000000081700000| Untracked 
|  24|0x0000000081800000, 0x0000000081900000, 0x0000000081900000|100%| O|  |TAMS 0x0000000081900000, 0x0000000081800000| Untracked 
|  25|0x0000000081900000, 0x0000000081a00000, 0x0000000081a00000|100%| O|  |TAMS 0x0000000081a00000, 0x0000000081900000| Untracked 
|  26|0x0000000081a00000, 0x0000000081b00000, 0x0000000081b00000|100%| O|  |TAMS 0x0000000081b00000, 0x0000000081a00000| Untracked 
|  27|0x0000000081b00000, 0x0000000081c00000, 0x0000000081c00000|100%| O|  |TAMS 0x0000000081c00000, 0x0000000081b00000| Untracked 
|  28|0x0000000081c00000, 0x0000000081d00000, 0x0000000081d00000|100%| O|  |TAMS 0x0000000081d00000, 0x0000000081c00000| Untracked 
|  29|0x0000000081d00000, 0x0000000081e00000, 0x0000000081e00000|100%| O|  |TAMS 0x0000000081e00000, 0x0000000081d00000| Untracked 
|  30|0x0000000081e00000, 0x0000000081f00000, 0x0000000081f00000|100%| O|  |TAMS 0x0000000081f00000, 0x0000000081e00000| Untracked 
|  31|0x0000000081f00000, 0x0000000082000000, 0x0000000082000000|100%| O|  |TAMS 0x0000000082000000, 0x0000000081f00000| Untracked 
|  32|0x0000000082000000, 0x0000000082100000, 0x0000000082100000|100%| O|  |TAMS 0x0000000082100000, 0x0000000082000000| Untracked 
|  33|0x0000000082100000, 0x0000000082200000, 0x0000000082200000|100%| O|  |TAMS 0x0000000082200000, 0x0000000082100000| Untracked 
|  34|0x0000000082200000, 0x0000000082300000, 0x0000000082300000|100%| O|  |TAMS 0x0000000082300000, 0x0000000082200000| Untracked 
|  35|0x0000000082300000, 0x0000000082400000, 0x0000000082400000|100%| O|  |TAMS 0x0000000082400000, 0x0000000082300000| Untracked 
|  36|0x0000000082400000, 0x0000000082500000, 0x0000000082500000|100%| O|  |TAMS 0x0000000082500000, 0x0000000082400000| Untracked 
|  37|0x0000000082500000, 0x0000000082600000, 0x0000000082600000|100%| O|  |TAMS 0x0000000082600000, 0x0000000082500000| Untracked 
|  38|0x0000000082600000, 0x0000000082700000, 0x0000000082700000|100%| O|  |TAMS 0x0000000082700000, 0x0000000082600000| Untracked 
|  39|0x0000000082700000, 0x0000000082800000, 0x0000000082800000|100%| O|  |TAMS 0x0000000082800000, 0x0000000082700000| Untracked 
|  40|0x0000000082800000, 0x0000000082900000, 0x0000000082900000|100%| O|  |TAMS 0x0000000082900000, 0x0000000082800000| Untracked 
|  41|0x0000000082900000, 0x0000000082a00000, 0x0000000082a00000|100%| O|  |TAMS 0x0000000082a00000, 0x0000000082900000| Untracked 
|  42|0x0000000082a00000, 0x0000000082b00000, 0x0000000082b00000|100%| O|  |TAMS 0x0000000082b00000, 0x0000000082a00000| Untracked 
|  43|0x0000000082b00000, 0x0000000082c00000, 0x0000000082c00000|100%| O|  |TAMS 0x0000000082c00000, 0x0000000082b00000| Untracked 
|  44|0x0000000082c00000, 0x0000000082d00000, 0x0000000082d00000|100%| O|  |TAMS 0x0000000082d00000, 0x0000000082c00000| Untracked 
|  45|0x0000000082d00000, 0x0000000082e00000, 0x0000000082e00000|100%| O|  |TAMS 0x0000000082e00000, 0x0000000082d00000| Untracked 
|  46|0x0000000082e00000, 0x0000000082f00000, 0x0000000082f00000|100%| O|  |TAMS 0x0000000082f00000, 0x0000000082e00000| Untracked 
|  47|0x0000000082f00000, 0x0000000083000000, 0x0000000083000000|100%| O|  |TAMS 0x0000000083000000, 0x0000000082f00000| Untracked 
|  48|0x0000000083000000, 0x0000000083100000, 0x0000000083100000|100%|HS|  |TAMS 0x0000000083100000, 0x0000000083000000| Complete 
|  49|0x0000000083100000, 0x0000000083200000, 0x0000000083200000|100%|HC|  |TAMS 0x0000000083200000, 0x0000000083100000| Complete 
|  50|0x0000000083200000, 0x0000000083300000, 0x0000000083300000|100%|HS|  |TAMS 0x0000000083300000, 0x0000000083200000| Complete 
|  51|0x0000000083300000, 0x0000000083400000, 0x0000000083400000|100%|HC|  |TAMS 0x0000000083400000, 0x0000000083300000| Complete 
|  52|0x0000000083400000, 0x0000000083500000, 0x0000000083500000|100%|HS|  |TAMS 0x0000000083500000, 0x0000000083400000| Complete 
|  53|0x0000000083500000, 0x0000000083600000, 0x0000000083600000|100%|HC|  |TAMS 0x0000000083600000, 0x0000000083500000| Complete 
|  54|0x0000000083600000, 0x0000000083700000, 0x0000000083700000|100%|HC|  |TAMS 0x0000000083700000, 0x0000000083600000| Complete 
|  55|0x0000000083700000, 0x0000000083800000, 0x0000000083800000|100%|HC|  |TAMS 0x0000000083800000, 0x0000000083700000| Complete 
|  56|0x0000000083800000, 0x0000000083900000, 0x0000000083900000|100%| O|  |TAMS 0x0000000083900000, 0x0000000083800000| Untracked 
|  57|0x0000000083900000, 0x0000000083a00000, 0x0000000083a00000|100%|HS|  |TAMS 0x0000000083a00000, 0x0000000083900000| Complete 
|  58|0x0000000083a00000, 0x0000000083b00000, 0x0000000083b00000|100%|HC|  |TAMS 0x0000000083b00000, 0x0000000083a00000| Complete 
|  59|0x0000000083b00000, 0x0000000083c00000, 0x0000000083c00000|100%|HC|  |TAMS 0x0000000083c00000, 0x0000000083b00000| Complete 
|  60|0x0000000083c00000, 0x0000000083d00000, 0x0000000083d00000|100%|HC|  |TAMS 0x0000000083d00000, 0x0000000083c00000| Complete 
|  61|0x0000000083d00000, 0x0000000083e00000, 0x0000000083e00000|100%| O|  |TAMS 0x0000000083e00000, 0x0000000083d00000| Untracked 
|  62|0x0000000083e00000, 0x0000000083eba200, 0x0000000083f00000| 72%| O|  |TAMS 0x0000000083e34400, 0x0000000083e00000| Untracked 
|  63|0x0000000083f00000, 0x0000000083f00000, 0x0000000084000000|  0%| F|  |TAMS 0x0000000083f00000, 0x0000000083f00000| Untracked 
|  64|0x0000000084000000, 0x0000000084000000, 0x0000000084100000|  0%| F|  |TAMS 0x0000000084000000, 0x0000000084000000| Untracked 
|  65|0x0000000084100000, 0x0000000084100000, 0x0000000084200000|  0%| F|  |TAMS 0x0000000084100000, 0x0000000084100000| Untracked 
|  66|0x0000000084200000, 0x0000000084200000, 0x0000000084300000|  0%| F|  |TAMS 0x0000000084200000, 0x0000000084200000| Untracked 
|  67|0x0000000084300000, 0x0000000084300000, 0x0000000084400000|  0%| F|  |TAMS 0x0000000084300000, 0x0000000084300000| Untracked 
|  68|0x0000000084400000, 0x0000000084400000, 0x0000000084500000|  0%| F|  |TAMS 0x0000000084400000, 0x0000000084400000| Untracked 
|  69|0x0000000084500000, 0x0000000084500000, 0x0000000084600000|  0%| F|  |TAMS 0x0000000084500000, 0x0000000084500000| Untracked 
|  70|0x0000000084600000, 0x0000000084600000, 0x0000000084700000|  0%| F|  |TAMS 0x0000000084600000, 0x0000000084600000| Untracked 
|  71|0x0000000084700000, 0x0000000084700000, 0x0000000084800000|  0%| F|  |TAMS 0x0000000084700000, 0x0000000084700000| Untracked 
|  72|0x0000000084800000, 0x0000000084800000, 0x0000000084900000|  0%| F|  |TAMS 0x0000000084800000, 0x0000000084800000| Untracked 
|  73|0x0000000084900000, 0x0000000084900000, 0x0000000084a00000|  0%| F|  |TAMS 0x0000000084900000, 0x0000000084900000| Untracked 
|  74|0x0000000084a00000, 0x0000000084a00000, 0x0000000084b00000|  0%| F|  |TAMS 0x0000000084a00000, 0x0000000084a00000| Untracked 
|  75|0x0000000084b00000, 0x0000000084b00000, 0x0000000084c00000|  0%| F|  |TAMS 0x0000000084b00000, 0x0000000084b00000| Untracked 
|  76|0x0000000084c00000, 0x0000000084c00000, 0x0000000084d00000|  0%| F|  |TAMS 0x0000000084c00000, 0x0000000084c00000| Untracked 
|  77|0x0000000084d00000, 0x0000000084d00000, 0x0000000084e00000|  0%| F|  |TAMS 0x0000000084d00000, 0x0000000084d00000| Untracked 
|  78|0x0000000084e00000, 0x0000000084e00000, 0x0000000084f00000|  0%| F|  |TAMS 0x0000000084e00000, 0x0000000084e00000| Untracked 
|  79|0x0000000084f00000, 0x0000000084f00000, 0x0000000085000000|  0%| F|  |TAMS 0x0000000084f00000, 0x0000000084f00000| Untracked 
|  80|0x0000000085000000, 0x0000000085000000, 0x0000000085100000|  0%| F|  |TAMS 0x0000000085000000, 0x0000000085000000| Untracked 
|  81|0x0000000085100000, 0x0000000085100000, 0x0000000085200000|  0%| F|  |TAMS 0x0000000085100000, 0x0000000085100000| Untracked 
|  82|0x0000000085200000, 0x0000000085200000, 0x0000000085300000|  0%| F|  |TAMS 0x0000000085200000, 0x0000000085200000| Untracked 
|  83|0x0000000085300000, 0x0000000085400000, 0x0000000085400000|100%| S|CS|TAMS 0x0000000085300000, 0x0000000085300000| Complete 
|  84|0x0000000085400000, 0x0000000085400000, 0x0000000085500000|  0%| F|  |TAMS 0x0000000085400000, 0x0000000085400000| Untracked 
|  85|0x0000000085500000, 0x0000000085500000, 0x0000000085600000|  0%| F|  |TAMS 0x0000000085500000, 0x0000000085500000| Untracked 
|  86|0x0000000085600000, 0x0000000085600000, 0x0000000085700000|  0%| F|  |TAMS 0x0000000085600000, 0x0000000085600000| Untracked 
|  87|0x0000000085700000, 0x0000000085800000, 0x0000000085800000|100%| S|CS|TAMS 0x0000000085700000, 0x0000000085700000| Complete 
|  88|0x0000000085800000, 0x0000000085900000, 0x0000000085900000|100%| S|CS|TAMS 0x0000000085800000, 0x0000000085800000| Complete 
|  89|0x0000000085900000, 0x0000000085900000, 0x0000000085a00000|  0%| F|  |TAMS 0x0000000085900000, 0x0000000085900000| Untracked 
|  90|0x0000000085a00000, 0x0000000085a00000, 0x0000000085b00000|  0%| F|  |TAMS 0x0000000085a00000, 0x0000000085a00000| Untracked 
|  91|0x0000000085b00000, 0x0000000085b00000, 0x0000000085c00000|  0%| F|  |TAMS 0x0000000085b00000, 0x0000000085b00000| Untracked 
|  92|0x0000000085c00000, 0x0000000085c00000, 0x0000000085d00000|  0%| F|  |TAMS 0x0000000085c00000, 0x0000000085c00000| Untracked 
|  93|0x0000000085d00000, 0x0000000085d00000, 0x0000000085e00000|  0%| F|  |TAMS 0x0000000085d00000, 0x0000000085d00000| Untracked 
|  94|0x0000000085e00000, 0x0000000085e00000, 0x0000000085f00000|  0%| F|  |TAMS 0x0000000085e00000, 0x0000000085e00000| Untracked 
|  95|0x0000000085f00000, 0x0000000085f00000, 0x0000000086000000|  0%| F|  |TAMS 0x0000000085f00000, 0x0000000085f00000| Untracked 
|  96|0x0000000086000000, 0x0000000086000000, 0x0000000086100000|  0%| F|  |TAMS 0x0000000086000000, 0x0000000086000000| Untracked 
|  97|0x0000000086100000, 0x0000000086100000, 0x0000000086200000|  0%| F|  |TAMS 0x0000000086100000, 0x0000000086100000| Untracked 
|  98|0x0000000086200000, 0x0000000086300000, 0x0000000086300000|100%| E|  |TAMS 0x0000000086200000, 0x0000000086200000| Complete 
|  99|0x0000000086300000, 0x0000000086400000, 0x0000000086400000|100%| E|CS|TAMS 0x0000000086300000, 0x0000000086300000| Complete 
| 100|0x0000000086400000, 0x0000000086500000, 0x0000000086500000|100%| E|CS|TAMS 0x0000000086400000, 0x0000000086400000| Complete 
| 101|0x0000000086500000, 0x0000000086600000, 0x0000000086600000|100%| E|CS|TAMS 0x0000000086500000, 0x0000000086500000| Complete 
| 102|0x0000000086600000, 0x0000000086700000, 0x0000000086700000|100%| E|CS|TAMS 0x0000000086600000, 0x0000000086600000| Complete 
| 103|0x0000000086700000, 0x0000000086800000, 0x0000000086800000|100%| E|CS|TAMS 0x0000000086700000, 0x0000000086700000| Complete 
| 104|0x0000000086800000, 0x0000000086900000, 0x0000000086900000|100%| E|CS|TAMS 0x0000000086800000, 0x0000000086800000| Complete 
| 105|0x0000000086900000, 0x0000000086a00000, 0x0000000086a00000|100%| E|CS|TAMS 0x0000000086900000, 0x0000000086900000| Complete 
| 106|0x0000000086a00000, 0x0000000086b00000, 0x0000000086b00000|100%| E|CS|TAMS 0x0000000086a00000, 0x0000000086a00000| Complete 
| 107|0x0000000086b00000, 0x0000000086c00000, 0x0000000086c00000|100%| E|CS|TAMS 0x0000000086b00000, 0x0000000086b00000| Complete 
| 108|0x0000000086c00000, 0x0000000086d00000, 0x0000000086d00000|100%| E|CS|TAMS 0x0000000086c00000, 0x0000000086c00000| Complete 
| 109|0x0000000086d00000, 0x0000000086e00000, 0x0000000086e00000|100%| E|CS|TAMS 0x0000000086d00000, 0x0000000086d00000| Complete 
| 110|0x0000000086e00000, 0x0000000086f00000, 0x0000000086f00000|100%| E|CS|TAMS 0x0000000086e00000, 0x0000000086e00000| Complete 
| 111|0x0000000086f00000, 0x0000000087000000, 0x0000000087000000|100%| E|CS|TAMS 0x0000000086f00000, 0x0000000086f00000| Complete 
| 112|0x0000000087000000, 0x0000000087100000, 0x0000000087100000|100%| E|CS|TAMS 0x0000000087000000, 0x0000000087000000| Complete 
| 113|0x0000000087100000, 0x0000000087200000, 0x0000000087200000|100%| E|CS|TAMS 0x0000000087100000, 0x0000000087100000| Complete 

Card table byte_map: [0x0000000019fc0000,0x000000001a3c0000] _byte_map_base: 0x0000000019bc0000

Marking Bits (Prev, Next): (CMBitMap*) 0x0000000002b79750, (CMBitMap*) 0x0000000002b79710
 Prev Bits: [0x000000001c7c0000, 0x000000001e7c0000)
 Next Bits: [0x000000001a7c0000, 0x000000001c7c0000)

Polling page: 0x00000000022d0000

Metaspace:

Usage:
  Non-class:     54.18 MB used.
      Class:      8.93 MB used.
       Both:     63.11 MB used.

Virtual space:
  Non-class space:       64.00 MB reserved,      54.62 MB ( 85%) committed,  1 nodes.
      Class space:      416.00 MB reserved,       9.31 MB (  2%) committed,  1 nodes.
             Both:      480.00 MB reserved,      63.94 MB ( 13%) committed. 

Chunk freelists:
   Non-Class:  9.23 MB
       Class:  6.75 MB
        Both:  15.98 MB

MaxMetaspaceSize: 512.00 MB
CompressedClassSpaceSize: 416.00 MB
Initial GC threshold: 21.00 MB
Current GC threshold: 105.12 MB
CDS: on
MetaspaceReclaimPolicy: balanced
 - commit_granule_bytes: 65536.
 - commit_granule_words: 8192.
 - virtual_space_node_default_size: 8388608.
 - enlarge_chunks_in_place: 1.
 - new_chunks_are_fully_committed: 0.
 - uncommit_free_chunks: 1.
 - use_allocation_guard: 0.
 - handle_deallocations: 1.


Internal statistics:

num_allocs_failed_limit: 6.
num_arena_births: 976.
num_arena_deaths: 0.
num_vsnodes_births: 2.
num_vsnodes_deaths: 0.
num_space_committed: 1023.
num_space_uncommitted: 0.
num_chunks_returned_to_freelist: 6.
num_chunks_taken_from_freelist: 3684.
num_chunk_merges: 3.
num_chunk_splits: 2357.
num_chunks_enlarged: 1499.
num_inconsistent_stats: 0.

CodeHeap 'non-profiled nmethods': size=120000Kb used=4600Kb max_used=4600Kb free=115399Kb
 bounds [0x0000000012140000, 0x00000000125c0000, 0x0000000019670000]
CodeHeap 'profiled nmethods': size=120000Kb used=13978Kb max_used=13978Kb free=106021Kb
 bounds [0x000000000a670000, 0x000000000b420000, 0x0000000011ba0000]
CodeHeap 'non-nmethods': size=5760Kb used=2372Kb max_used=2424Kb free=3387Kb
 bounds [0x0000000011ba0000, 0x0000000011e10000, 0x0000000012140000]
 total_blobs=8076 nmethods=7176 adapters=812
 compilation: enabled
              stopped_count=0, restarted_count=0
 full_count=0

Compilation events (20 events):
Event: 18.013 Thread 0x0000000021716110 7935       3       org.gradle.internal.deprecation.DeprecationLogger::maybeEnable (24 bytes)
Event: 18.014 Thread 0x0000000021716110 nmethod 7935 0x000000000b410990 code [0x000000000b410b80, 0x000000000b411178]
Event: 18.014 Thread 0x0000000021716110 7936       1       org.gradle.api.internal.artifacts.configurations.DefaultConfiguration::getAttributes (5 bytes)
Event: 18.014 Thread 0x0000000021716110 nmethod 7936 0x00000000125bde10 code [0x00000000125bdfa0, 0x00000000125be078]
Event: 18.014 Thread 0x0000000021716110 7937       3       org.gradle.internal.instantiation.generator.ManagedObjectFactory$ManagedPropertyName::<init> (15 bytes)
Event: 18.015 Thread 0x0000000021716110 nmethod 7937 0x000000000b411390 code [0x000000000b411540, 0x000000000b411758]
Event: 18.015 Thread 0x0000000021716110 7938       3       org.gradle.api.internal.provider.AbstractProperty::getValidationDisplayName (16 bytes)
Event: 18.015 Thread 0x0000000021716110 nmethod 7938 0x000000000b411810 code [0x000000000b4119c0, 0x000000000b411b38]
Event: 18.018 Thread 0x0000000021716110 7939   !   3       java.security.AccessController::doPrivileged (22 bytes)
Event: 18.018 Thread 0x0000000021716110 nmethod 7939 0x000000000b411c10 code [0x000000000b411e00, 0x000000000b4122a8]
Event: 18.018 Thread 0x0000000021716110 7940       3       java.net.URLClassLoader$2::<init> (15 bytes)
Event: 18.018 Thread 0x0000000021716110 nmethod 7940 0x000000000b412510 code [0x000000000b4126c0, 0x000000000b4128d8]
Event: 18.018 Thread 0x0000000021716110 7941       3       java.net.URLClassLoader$2::run (5 bytes)
Event: 18.019 Thread 0x0000000021716110 nmethod 7941 0x000000000b412990 code [0x000000000b412b40, 0x000000000b412d28]
Event: 18.046 Thread 0x0000000021716110 7942       3       kotlin.jvm.internal.Reflection::getOrCreateKotlinClass (8 bytes)
Event: 18.047 Thread 0x0000000021716110 nmethod 7942 0x000000000b412e10 code [0x000000000b4130c0, 0x000000000b413cb8]
Event: 18.047 Thread 0x0000000021716110 7943       3       kotlin.reflect.jvm.internal.ReflectionFactoryImpl::getOrCreateKotlinClass (5 bytes)
Event: 18.047 Thread 0x0000000021716110 nmethod 7943 0x000000000b414110 code [0x000000000b4143c0, 0x000000000b414f58]
Event: 18.058 Thread 0x0000000021716110 7944       3       kotlin.reflect.jvm.internal.impl.name.FqNameUnsafe::shortName (56 bytes)
Event: 18.059 Thread 0x0000000021716110 nmethod 7944 0x000000000b415390 code [0x000000000b4155a0, 0x000000000b415a78]

GC Heap History (20 events):
Event: 12.579 GC heap before
{Heap before GC invocations=16 (full 0):
 garbage-first heap   total 92160K, used 74553K [0x0000000080000000, 0x0000000100000000)
  region size 1024K, 34 young (34816K), 3 survivors (3072K)
 Metaspace       used 50403K, committed 51072K, reserved 491520K
  class space    used 7044K, committed 7360K, reserved 425984K
}
Event: 12.582 GC heap after
{Heap after GC invocations=17 (full 0):
 garbage-first heap   total 92160K, used 41619K [0x0000000080000000, 0x0000000100000000)
  region size 1024K, 4 young (4096K), 4 survivors (4096K)
 Metaspace       used 50403K, committed 51072K, reserved 491520K
  class space    used 7044K, committed 7360K, reserved 425984K
}
Event: 13.294 GC heap before
{Heap before GC invocations=17 (full 0):
 garbage-first heap   total 92160K, used 74387K [0x0000000080000000, 0x0000000100000000)
  region size 1024K, 36 young (36864K), 4 survivors (4096K)
 Metaspace       used 53462K, committed 54080K, reserved 491520K
  class space    used 7512K, committed 7808K, reserved 425984K
}
Event: 13.301 GC heap after
{Heap after GC invocations=18 (full 0):
 garbage-first heap   total 92160K, used 44156K [0x0000000080000000, 0x0000000100000000)
  region size 1024K, 5 young (5120K), 5 survivors (5120K)
 Metaspace       used 53462K, committed 54080K, reserved 491520K
  class space    used 7512K, committed 7808K, reserved 425984K
}
Event: 14.192 GC heap before
{Heap before GC invocations=18 (full 0):
 garbage-first heap   total 92160K, used 73852K [0x0000000080000000, 0x0000000100000000)
  region size 1024K, 35 young (35840K), 5 survivors (5120K)
 Metaspace       used 55608K, committed 56320K, reserved 491520K
  class space    used 7840K, committed 8192K, reserved 425984K
}
Event: 14.197 GC heap after
{Heap after GC invocations=19 (full 0):
 garbage-first heap   total 92160K, used 46053K [0x0000000080000000, 0x0000000100000000)
  region size 1024K, 5 young (5120K), 5 survivors (5120K)
 Metaspace       used 55608K, committed 56320K, reserved 491520K
  class space    used 7840K, committed 8192K, reserved 425984K
}
Event: 14.879 GC heap before
{Heap before GC invocations=19 (full 0):
 garbage-first heap   total 92160K, used 73701K [0x0000000080000000, 0x0000000100000000)
  region size 1024K, 33 young (33792K), 5 survivors (5120K)
 Metaspace       used 56593K, committed 57280K, reserved 491520K
  class space    used 7963K, committed 8320K, reserved 425984K
}
Event: 14.884 GC heap after
{Heap after GC invocations=20 (full 0):
 garbage-first heap   total 92160K, used 47512K [0x0000000080000000, 0x0000000100000000)
  region size 1024K, 4 young (4096K), 4 survivors (4096K)
 Metaspace       used 56593K, committed 57280K, reserved 491520K
  class space    used 7963K, committed 8320K, reserved 425984K
}
Event: 15.732 GC heap before
{Heap before GC invocations=21 (full 0):
 garbage-first heap   total 92160K, used 76184K [0x0000000080000000, 0x0000000100000000)
  region size 1024K, 32 young (32768K), 4 survivors (4096K)
 Metaspace       used 58937K, committed 59648K, reserved 491520K
  class space    used 8380K, committed 8704K, reserved 425984K
}
Event: 15.736 GC heap after
{Heap after GC invocations=22 (full 0):
 garbage-first heap   total 92160K, used 48866K [0x0000000080000000, 0x0000000100000000)
  region size 1024K, 3 young (3072K), 3 survivors (3072K)
 Metaspace       used 58937K, committed 59648K, reserved 491520K
  class space    used 8380K, committed 8704K, reserved 425984K
}
Event: 15.818 GC heap before
{Heap before GC invocations=22 (full 0):
 garbage-first heap   total 92160K, used 49890K [0x0000000080000000, 0x0000000100000000)
  region size 1024K, 5 young (5120K), 3 survivors (3072K)
 Metaspace       used 59021K, committed 59712K, reserved 491520K
  class space    used 8393K, committed 8704K, reserved 425984K
}
Event: 15.821 GC heap after
{Heap after GC invocations=23 (full 0):
 garbage-first heap   total 92160K, used 49165K [0x0000000080000000, 0x0000000100000000)
  region size 1024K, 2 young (2048K), 2 survivors (2048K)
 Metaspace       used 59021K, committed 59712K, reserved 491520K
  class space    used 8393K, committed 8704K, reserved 425984K
}
Event: 16.358 GC heap before
{Heap before GC invocations=24 (full 0):
 garbage-first heap   total 94208K, used 71693K [0x0000000080000000, 0x0000000100000000)
  region size 1024K, 21 young (21504K), 2 survivors (2048K)
 Metaspace       used 60938K, committed 61760K, reserved 491520K
  class space    used 8657K, committed 9024K, reserved 425984K
}
Event: 16.362 GC heap after
{Heap after GC invocations=25 (full 0):
 garbage-first heap   total 94208K, used 54562K [0x0000000080000000, 0x0000000100000000)
  region size 1024K, 4 young (4096K), 4 survivors (4096K)
 Metaspace       used 60938K, committed 61760K, reserved 491520K
  class space    used 8657K, committed 9024K, reserved 425984K
}
Event: 16.417 GC heap before
{Heap before GC invocations=26 (full 0):
 garbage-first heap   total 104448K, used 58658K [0x0000000080000000, 0x0000000100000000)
  region size 1024K, 5 young (5120K), 4 survivors (4096K)
 Metaspace       used 60938K, committed 61760K, reserved 491520K
  class space    used 8657K, committed 9024K, reserved 425984K
}
Event: 16.420 GC heap after
{Heap after GC invocations=27 (full 0):
 garbage-first heap   total 104448K, used 59330K [0x0000000080000000, 0x0000000100000000)
  region size 1024K, 3 young (3072K), 3 survivors (3072K)
 Metaspace       used 60938K, committed 61760K, reserved 491520K
  class space    used 8657K, committed 9024K, reserved 425984K
}
Event: 16.900 GC heap before
{Heap before GC invocations=28 (full 0):
 garbage-first heap   total 111616K, used 81858K [0x0000000080000000, 0x0000000100000000)
  region size 1024K, 22 young (22528K), 3 survivors (3072K)
 Metaspace       used 62391K, committed 63104K, reserved 491520K
  class space    used 8830K, committed 9152K, reserved 425984K
}
Event: 16.903 GC heap after
{Heap after GC invocations=29 (full 0):
 garbage-first heap   total 111616K, used 64871K [0x0000000080000000, 0x0000000100000000)
  region size 1024K, 3 young (3072K), 3 survivors (3072K)
 Metaspace       used 62391K, committed 63104K, reserved 491520K
  class space    used 8830K, committed 9152K, reserved 425984K
}
Event: 17.290 GC heap before
{Heap before GC invocations=29 (full 0):
 garbage-first heap   total 111616K, used 85351K [0x0000000080000000, 0x0000000100000000)
  region size 1024K, 23 young (23552K), 3 survivors (3072K)
 Metaspace       used 63699K, committed 64448K, reserved 491520K
  class space    used 9015K, committed 9344K, reserved 425984K
}
Event: 17.293 GC heap after
{Heap after GC invocations=30 (full 0):
 garbage-first heap   total 111616K, used 66382K [0x0000000080000000, 0x0000000100000000)
  region size 1024K, 3 young (3072K), 3 survivors (3072K)
 Metaspace       used 63699K, committed 64448K, reserved 491520K
  class space    used 9015K, committed 9344K, reserved 425984K
}

Dll operation events (15 events):
Event: 0.031 Loaded shared library C:\Program Files\Eclipse Adoptium\jdk-17.0.16.8-hotspot\bin\java.dll
Event: 0.066 Loaded shared library C:\Program Files\Eclipse Adoptium\jdk-17.0.16.8-hotspot\bin\jsvml.dll
Event: 0.136 Loaded shared library C:\Program Files\Eclipse Adoptium\jdk-17.0.16.8-hotspot\bin\zip.dll
Event: 0.150 Loaded shared library C:\Program Files\Eclipse Adoptium\jdk-17.0.16.8-hotspot\bin\instrument.dll
Event: 0.171 Loaded shared library C:\Program Files\Eclipse Adoptium\jdk-17.0.16.8-hotspot\bin\net.dll
Event: 0.180 Loaded shared library C:\Program Files\Eclipse Adoptium\jdk-17.0.16.8-hotspot\bin\nio.dll
Event: 0.183 Loaded shared library C:\Program Files\Eclipse Adoptium\jdk-17.0.16.8-hotspot\bin\zip.dll
Event: 0.502 Loaded shared library C:\Program Files\Eclipse Adoptium\jdk-17.0.16.8-hotspot\bin\jimage.dll
Event: 0.843 Loaded shared library C:\Program Files\Eclipse Adoptium\jdk-17.0.16.8-hotspot\bin\verify.dll
Event: 1.088 Loaded shared library C:\Users\91926\.gradle\native\c067742578af261105cb4f569cf0c3c89f3d7b1fecec35dd04571415982c5e48\windows-amd64\native-platform.dll
Event: 1.106 Loaded shared library C:\Users\91926\.gradle\native\100fb08df4bc3b14c8652ba06237920a3bd2aa13389f12d3474272988ae205f9\windows-amd64\native-platform-file-events.dll
Event: 2.508 Loaded shared library C:\Program Files\Eclipse Adoptium\jdk-17.0.16.8-hotspot\bin\management.dll
Event: 2.517 Loaded shared library C:\Program Files\Eclipse Adoptium\jdk-17.0.16.8-hotspot\bin\management_ext.dll
Event: 3.213 Loaded shared library C:\Program Files\Eclipse Adoptium\jdk-17.0.16.8-hotspot\bin\extnet.dll
Event: 3.792 Loaded shared library C:\Program Files\Eclipse Adoptium\jdk-17.0.16.8-hotspot\bin\sunmscapi.dll

Deoptimization events (20 events):
Event: 16.900 Thread 0x00000000439ecf50 Uncommon trap: trap_request=0xffffff45 fr.pc=0x0000000012431adc relative=0x000000000000033c
Event: 16.900 Thread 0x00000000439ecf50 Uncommon trap: reason=unstable_if action=reinterpret pc=0x0000000012431adc method=java.lang.String.indexOf([BBILjava/lang/String;I)I @ 54 c2
Event: 16.900 Thread 0x00000000439ecf50 DEOPT PACKING pc=0x0000000012431adc sp=0x0000000045424490
Event: 16.900 Thread 0x00000000439ecf50 DEOPT UNPACKING pc=0x0000000011bf69a3 sp=0x00000000454243a0 mode 2
Event: 16.935 Thread 0x00000000439ecf50 Uncommon trap: trap_request=0xffffffde fr.pc=0x00000000125a1fa8 relative=0x0000000000000548
Event: 16.935 Thread 0x00000000439ecf50 Uncommon trap: reason=class_check action=maybe_recompile pc=0x00000000125a1fa8 method=kotlin.reflect.jvm.internal.impl.protobuf.CodedInputStream.tryRefillBuffer(I)Z @ 175 c2
Event: 16.935 Thread 0x00000000439ecf50 DEOPT PACKING pc=0x00000000125a1fa8 sp=0x0000000045424480
Event: 16.935 Thread 0x00000000439ecf50 DEOPT UNPACKING pc=0x0000000011bf69a3 sp=0x0000000045424368 mode 2
Event: 16.937 Thread 0x00000000439ecf50 Uncommon trap: trap_request=0xffffffde fr.pc=0x00000000125a1fa8 relative=0x0000000000000548
Event: 16.937 Thread 0x00000000439ecf50 Uncommon trap: reason=class_check action=maybe_recompile pc=0x00000000125a1fa8 method=kotlin.reflect.jvm.internal.impl.protobuf.CodedInputStream.tryRefillBuffer(I)Z @ 175 c2
Event: 16.937 Thread 0x00000000439ecf50 DEOPT PACKING pc=0x00000000125a1fa8 sp=0x0000000045424480
Event: 16.937 Thread 0x00000000439ecf50 DEOPT UNPACKING pc=0x0000000011bf69a3 sp=0x0000000045424368 mode 2
Event: 16.937 Thread 0x00000000439ecf50 Uncommon trap: trap_request=0xffffffde fr.pc=0x00000000125a1fa8 relative=0x0000000000000548
Event: 16.937 Thread 0x00000000439ecf50 Uncommon trap: reason=class_check action=maybe_recompile pc=0x00000000125a1fa8 method=kotlin.reflect.jvm.internal.impl.protobuf.CodedInputStream.tryRefillBuffer(I)Z @ 175 c2
Event: 16.937 Thread 0x00000000439ecf50 DEOPT PACKING pc=0x00000000125a1fa8 sp=0x0000000045424570
Event: 16.937 Thread 0x00000000439ecf50 DEOPT UNPACKING pc=0x0000000011bf69a3 sp=0x0000000045424458 mode 2
Event: 16.938 Thread 0x00000000439ecf50 Uncommon trap: trap_request=0xffffffde fr.pc=0x00000000125a1fa8 relative=0x0000000000000548
Event: 16.938 Thread 0x00000000439ecf50 Uncommon trap: reason=class_check action=maybe_recompile pc=0x00000000125a1fa8 method=kotlin.reflect.jvm.internal.impl.protobuf.CodedInputStream.tryRefillBuffer(I)Z @ 175 c2
Event: 16.938 Thread 0x00000000439ecf50 DEOPT PACKING pc=0x00000000125a1fa8 sp=0x0000000045424570
Event: 16.938 Thread 0x00000000439ecf50 DEOPT UNPACKING pc=0x0000000011bf69a3 sp=0x0000000045424458 mode 2

Classes loaded (20 events):
Event: 16.162 Loading class jdk/management/jfr/FlightRecorderMXBeanImpl$MXBeanListener
Event: 16.162 Loading class jdk/jfr/FlightRecorderListener
Event: 16.162 Loading class jdk/jfr/FlightRecorderListener done
Event: 16.162 Loading class jdk/management/jfr/FlightRecorderMXBeanImpl$MXBeanListener done
Event: 16.240 Loading class java/time/format/DateTimeFormatterBuilder$WeekBasedFieldPrinterParser
Event: 16.240 Loading class java/time/format/DateTimeFormatterBuilder$WeekBasedFieldPrinterParser done
Event: 16.289 Loading class com/sun/jmx/mbeanserver/StandardMBeanSupport
Event: 16.289 Loading class com/sun/jmx/mbeanserver/StandardMBeanSupport done
Event: 16.289 Loading class com/sun/jmx/mbeanserver/StandardMBeanIntrospector
Event: 16.289 Loading class com/sun/jmx/mbeanserver/StandardMBeanIntrospector done
Event: 16.524 Loading class sun/reflect/misc/MethodUtil
Event: 16.524 Loading class sun/reflect/misc/MethodUtil done
Event: 16.524 Loading class sun/reflect/misc/MethodUtil$1
Event: 16.524 Loading class sun/reflect/misc/MethodUtil$1 done
Event: 16.532 Loading class java/nio/channels/Channels$1
Event: 16.534 Loading class java/nio/channels/Channels$1 done
Event: 16.745 Loading class jdk/internal/access/foreign/MemorySegmentProxy
Event: 16.745 Loading class jdk/internal/access/foreign/MemorySegmentProxy done
Event: 16.922 Loading class java/lang/Override
Event: 16.923 Loading class java/lang/Override done

Classes unloaded (0 events):
No events

Classes redefined (0 events):
No events

Internal exceptions (20 events):
Event: 15.731 Thread 0x00000000439ec530 Exception <a 'java/lang/NoSuchMethodError'{0x0000000083eed318}: static Lorg/gradle/internal/build/event/types/DefaultPluginApplicationResult;.<clinit>()V> (0x0000000083eed318) 
thrown [s\src\hotspot\share\prims\jni.cpp, line 1112]
Event: 15.731 Thread 0x00000000439ec530 Exception <a 'java/lang/NoSuchMethodError'{0x0000000083ef7c68}: static Lorg/gradle/internal/build/event/types/DefaultBinaryPluginIdentifier;.<clinit>()V> (0x0000000083ef7c68) 
thrown [s\src\hotspot\share\prims\jni.cpp, line 1112]
Event: 15.738 Thread 0x00000000439ec530 Exception <a 'java/lang/NoSuchMethodError'{0x0000000085d7ce20}: static Lorg/gradle/internal/build/event/types/DefaultScriptPluginIdentifier;.<clinit>()V> (0x0000000085d7ce20) 
thrown [s\src\hotspot\share\prims\jni.cpp, line 1112]
Event: 15.798 Thread 0x00000000439ecf50 Implicit null exception at 0x00000000124b878f to 0x00000000124b8e74
Event: 15.798 Thread 0x00000000439ecf50 Implicit null exception at 0x00000000124b9b94 to 0x00000000124ba220
Event: 16.001 Thread 0x00000000439ecf50 Exception <a 'java/lang/NoSuchMethodError'{0x0000000085340598}: static Lorg/jetbrains/kotlin/gradle/plugin/internal/DefaultConfigurationTimePropertiesAccessorVariantFactory;.<clinit>()V> (0x0000000085340598) 
thrown [s\src\hotspot\share\prims\jni.cpp, line 1112]
Event: 16.003 Thread 0x00000000439ecf50 Exception <a 'java/lang/NoSuchMethodError'{0x0000000085366230}: static Lorg/jetbrains/kotlin/gradle/plugin/internal/DefaultProjectIsolationStartParameterAccessorVariantFactory;.<clinit>()V> (0x0000000085366230) 
thrown [s\src\hotspot\share\prims\jni.cpp, line 1112]
Event: 16.010 Thread 0x00000000439ecf50 Exception <a 'java/lang/NoSuchMethodError'{0x00000000853a4390}: static Lorg/jetbrains/kotlin/gradle/plugin/internal/DefaultArtifactTypeAttributeAccessorVariantFactory;.<clinit>()V> (0x00000000853a4390) 
thrown [s\src\hotspot\share\prims\jni.cpp, line 1112]
Event: 16.013 Thread 0x00000000439ecf50 Exception <a 'java/lang/NoSuchMethodError'{0x00000000853d9768}: static Lorg/jetbrains/kotlin/gradle/plugin/internal/DefaultCompatibilityConventionRegistrar$Factory;.<clinit>()V> (0x00000000853d9768) 
thrown [s\src\hotspot\share\prims\jni.cpp, line 1112]
Event: 16.015 Thread 0x00000000439ecf50 Exception <a 'java/lang/NoSuchMethodError'{0x00000000852003c0}: static Lorg/jetbrains/kotlin/gradle/plugin/internal/DefaultJavaSourceSetsAccessorVariantFactory;.<clinit>()V> (0x00000000852003c0) 
thrown [s\src\hotspot\share\prims\jni.cpp, line 1112]
Event: 16.017 Thread 0x00000000439ecf50 Exception <a 'java/lang/NoSuchMethodError'{0x0000000085226210}: static Lorg/jetbrains/kotlin/gradle/plugin/internal/DefaultIdeaSyncDetectorVariantFactory;.<clinit>()V> (0x0000000085226210) 
thrown [s\src\hotspot\share\prims\jni.cpp, line 1112]
Event: 16.018 Thread 0x00000000439ecf50 Exception <a 'java/lang/NoSuchMethodError'{0x000000008524dd48}: static Lorg/jetbrains/kotlin/gradle/plugin/internal/DefaultKotlinTestReportCompatibilityHelperVariantFactory;.<clinit>()V> (0x000000008524dd48) 
thrown [s\src\hotspot\share\prims\jni.cpp, line 1112]
Event: 16.020 Thread 0x00000000439ecf50 Exception <a 'java/lang/NoSuchMethodError'{0x0000000085274d58}: static Lorg/jetbrains/kotlin/gradle/plugin/internal/DefaultMppTestReportHelperVariantFactory;.<clinit>()V> (0x0000000085274d58) 
thrown [s\src\hotspot\share\prims\jni.cpp, line 1112]
Event: 16.023 Thread 0x00000000439ecf50 Exception <a 'java/lang/NoSuchMethodError'{0x00000000852aa7e0}: static Lorg/jetbrains/kotlin/gradle/plugin/internal/DefaultConfigurationCacheStartParameterAccessorVariantFactory;.<clinit>()V> (0x00000000852aa7e0) 
thrown [s\src\hotspot\share\prims\jni.cpp, line 1112]
Event: 16.024 Thread 0x00000000439ecf50 Exception <a 'java/lang/NoSuchMethodError'{0x00000000852d21b8}: static Lorg/jetbrains/kotlin/gradle/plugin/internal/MavenPluginConfigurator$DefaultMavenPluginConfiguratorVariantFactory;.<clinit>()V> (0x00000000852d21b8) 
thrown [s\src\hotspot\share\prims\jni.cpp, line 1112]
Event: 16.026 Thread 0x00000000439ecf50 Exception <a 'java/lang/NoSuchMethodError'{0x00000000852f82a0}: static Lorg/jetbrains/kotlin/gradle/targets/js/nodejs/DefaultUnameExecutorVariantFactory;.<clinit>()V> (0x00000000852f82a0) 
thrown [s\src\hotspot\share\prims\jni.cpp, line 1112]
Event: 16.028 Thread 0x00000000439ecf50 Exception <a 'java/lang/NoSuchMethodError'{0x000000008511ef70}: static Lorg/jetbrains/kotlin/gradle/plugin/internal/DefaultBasePluginConfigurationVariantFactory;.<clinit>()V> (0x000000008511ef70) 
thrown [s\src\hotspot\share\prims\jni.cpp, line 1112]
Event: 16.066 Thread 0x00000000439ecf50 Exception <a 'java/lang/IncompatibleClassChangeError'{0x00000000851ee3f8}: Found class java.lang.Object, but interface was expected> (0x00000000851ee3f8) 
thrown [s\src\hotspot\share\interpreter\linkResolver.cpp, line 826]
Event: 16.524 Thread 0x00000000439ecf50 Implicit null exception at 0x0000000012397154 to 0x00000000123972f4
Event: 16.525 Thread 0x00000000439ecf50 Implicit null exception at 0x0000000012386ab1 to 0x000000001238982c

VM Operations (20 events):
Event: 16.358 Executing VM operation: G1TryInitiateConcMark
Event: 16.362 Executing VM operation: G1TryInitiateConcMark done
Event: 16.389 Executing VM operation: G1PauseRemark
Event: 16.393 Executing VM operation: G1PauseRemark done
Event: 16.403 Executing VM operation: G1PauseCleanup
Event: 16.403 Executing VM operation: G1PauseCleanup done
Event: 16.417 Executing VM operation: G1TryInitiateConcMark
Event: 16.420 Executing VM operation: G1TryInitiateConcMark done
Event: 16.446 Executing VM operation: G1PauseRemark
Event: 16.452 Executing VM operation: G1PauseRemark done
Event: 16.467 Executing VM operation: G1PauseCleanup
Event: 16.467 Executing VM operation: G1PauseCleanup done
Event: 16.900 Executing VM operation: G1CollectForAllocation
Event: 16.903 Executing VM operation: G1CollectForAllocation done
Event: 17.290 Executing VM operation: G1CollectForAllocation
Event: 17.293 Executing VM operation: G1CollectForAllocation done
Event: 17.322 Executing VM operation: G1PauseRemark
Event: 17.326 Executing VM operation: G1PauseRemark done
Event: 17.338 Executing VM operation: G1PauseCleanup
Event: 17.338 Executing VM operation: G1PauseCleanup done

Memory protections (0 events):
No events

Nmethod flushes (20 events):
Event: 10.124 Thread 0x0000000021732730 flushing  nmethod 0x000000000ae58c90
Event: 10.124 Thread 0x0000000021732730 flushing  nmethod 0x000000000ae59310
Event: 10.124 Thread 0x0000000021732730 flushing  nmethod 0x000000000ae76610
Event: 10.124 Thread 0x0000000021732730 flushing  nmethod 0x000000000ae77a10
Event: 10.124 Thread 0x0000000021732730 flushing  nmethod 0x000000000ae77e10
Event: 10.124 Thread 0x0000000021732730 flushing  nmethod 0x000000000ae7e490
Event: 10.124 Thread 0x0000000021732730 flushing  nmethod 0x000000000ae7f010
Event: 10.124 Thread 0x0000000021732730 flushing  nmethod 0x000000000ae7f810
Event: 10.124 Thread 0x0000000021732730 flushing  nmethod 0x000000000ae80290
Event: 10.124 Thread 0x0000000021732730 flushing  nmethod 0x000000000ae81790
Event: 10.124 Thread 0x0000000021732730 flushing  nmethod 0x000000000ae90a10
Event: 10.124 Thread 0x0000000021732730 flushing  nmethod 0x000000000ae91b10
Event: 10.124 Thread 0x0000000021732730 flushing  nmethod 0x000000000aea7290
Event: 10.125 Thread 0x0000000021732730 flushing  nmethod 0x000000000aef0190
Event: 15.143 Thread 0x0000000021732730 flushing  nmethod 0x00000000123a5490
Event: 15.143 Thread 0x0000000021732730 flushing  nmethod 0x00000000123bbe90
Event: 15.143 Thread 0x0000000021732730 flushing  nmethod 0x00000000123be510
Event: 15.143 Thread 0x0000000021732730 flushing  nmethod 0x00000000123f9610
Event: 15.145 Thread 0x0000000021732730 flushing  nmethod 0x000000000a7f8b10
Event: 15.146 Thread 0x0000000021732730 flushing  nmethod 0x000000000a8a3610

Events (20 events):
Event: 14.254 Thread 0x00000000439ecf50 Thread added: 0x000000004805de50
Event: 14.301 Thread 0x00000000439ecf50 Thread added: 0x000000004805d430
Event: 14.303 Thread 0x00000000439ecf50 Thread added: 0x0000000048059260
Event: 14.304 Thread 0x00000000439ecf50 Thread added: 0x000000004805d940
Event: 14.306 Thread 0x00000000439ecf50 Thread added: 0x000000004805e360
Event: 14.307 Thread 0x00000000439ecf50 Thread added: 0x0000000048058840
Event: 14.308 Thread 0x00000000439ecf50 Thread added: 0x000000004805bae0
Event: 14.310 Thread 0x00000000439ecf50 Thread added: 0x000000004805cf20
Event: 14.311 Thread 0x00000000439ecf50 Thread added: 0x000000004805ca10
Event: 14.312 Thread 0x00000000439ecf50 Thread added: 0x000000004805e870
Event: 14.313 Thread 0x00000000439ecf50 Thread added: 0x000000004805bff0
Event: 14.315 Thread 0x00000000439ecf50 Thread added: 0x000000004805ed80
Event: 15.164 Thread 0x00000000439ecf50 Thread added: 0x0000000048059770
Event: 15.288 Thread 0x0000000042ca9620 Thread exited: 0x0000000042ca9620
Event: 15.288 Thread 0x0000000041598990 Thread exited: 0x0000000041598990
Event: 15.379 Thread 0x0000000021716110 Thread added: 0x000000004437ded0
Event: 15.379 Thread 0x0000000021716110 Thread added: 0x000000004b4c0a10
Event: 16.294 Thread 0x000000004b4c0a10 Thread exited: 0x000000004b4c0a10
Event: 16.304 Thread 0x00000000439ecf50 Thread added: 0x000000004805f290
Event: 17.083 Thread 0x000000004437ded0 Thread exited: 0x000000004437ded0


Dynamic libraries:
0x00007ff6c8470000 - 0x00007ff6c847e000 	C:\Program Files\Eclipse Adoptium\jdk-17.0.16.8-hotspot\bin\java.exe
0x00007ffb83570000 - 0x00007ffb83787000 	C:\Windows\SYSTEM32\ntdll.dll
0x00007ffb82600000 - 0x00007ffb826c4000 	C:\Windows\System32\KERNEL32.DLL
0x00007ffb80c10000 - 0x00007ffb80fe0000 	C:\Windows\System32\KERNELBASE.dll
0x00007ffb81060000 - 0x00007ffb81171000 	C:\Windows\System32\ucrtbase.dll
0x00007ffb50950000 - 0x00007ffb50967000 	C:\Program Files\Eclipse Adoptium\jdk-17.0.16.8-hotspot\bin\jli.dll
0x00007ffb81200000 - 0x00007ffb813b1000 	C:\Windows\System32\USER32.dll
0x00007ffb80aa0000 - 0x00007ffb80ac6000 	C:\Windows\System32\win32u.dll
0x00007ffb832d0000 - 0x00007ffb832f9000 	C:\Windows\System32\GDI32.dll
0x00007ffb6ab70000 - 0x00007ffb6ae0c000 	C:\Windows\WinSxS\amd64_microsoft.windows.common-controls_6595b64144ccf1df_6.0.22621.5840_none_2710ea077384a4fe\COMCTL32.dll
0x00007ffb80970000 - 0x00007ffb80a93000 	C:\Windows\System32\gdi32full.dll
0x00007ffb80810000 - 0x00007ffb808aa000 	C:\Windows\System32\msvcp_win.dll
0x00007ffb82550000 - 0x00007ffb825f7000 	C:\Windows\System32\msvcrt.dll
0x00007ffb4b5b0000 - 0x00007ffb4b5ce000 	C:\Program Files\Eclipse Adoptium\jdk-17.0.16.8-hotspot\bin\VCRUNTIME140.dll
0x00007ffb834f0000 - 0x00007ffb83521000 	C:\Windows\System32\IMM32.DLL
0x00007ffb74d10000 - 0x00007ffb74d1c000 	C:\Program Files\Eclipse Adoptium\jdk-17.0.16.8-hotspot\bin\vcruntime140_1.dll
0x00007ffadee00000 - 0x00007ffadee8d000 	C:\Program Files\Eclipse Adoptium\jdk-17.0.16.8-hotspot\bin\msvcp140.dll
0x00007ffa7c6f0000 - 0x00007ffa7d35b000 	C:\Program Files\Eclipse Adoptium\jdk-17.0.16.8-hotspot\bin\server\jvm.dll
0x00007ffb81de0000 - 0x00007ffb81e91000 	C:\Windows\System32\ADVAPI32.dll
0x00007ffb83220000 - 0x00007ffb832c8000 	C:\Windows\System32\sechost.dll
0x00007ffb80670000 - 0x00007ffb80698000 	C:\Windows\System32\bcrypt.dll
0x00007ffb819b0000 - 0x00007ffb81ac8000 	C:\Windows\System32\RPCRT4.dll
0x00007ffb80540000 - 0x00007ffb8058d000 	C:\Windows\SYSTEM32\POWRPROF.dll
0x00007ffb81930000 - 0x00007ffb819a1000 	C:\Windows\System32\WS2_32.dll
0x00007ffb7ab10000 - 0x00007ffb7ab44000 	C:\Windows\SYSTEM32\WINMM.dll
0x00007ffb76b10000 - 0x00007ffb76b1a000 	C:\Windows\SYSTEM32\VERSION.dll
0x00007ffb80520000 - 0x00007ffb80533000 	C:\Windows\SYSTEM32\UMPDC.dll
0x00007ffb7f630000 - 0x00007ffb7f648000 	C:\Windows\SYSTEM32\kernel.appcore.dll
0x00007ffb5c930000 - 0x00007ffb5c93a000 	C:\Program Files\Eclipse Adoptium\jdk-17.0.16.8-hotspot\bin\jimage.dll
0x00007ffb7e0e0000 - 0x00007ffb7e313000 	C:\Windows\SYSTEM32\DBGHELP.DLL
0x00007ffb82160000 - 0x00007ffb824f1000 	C:\Windows\System32\combase.dll
0x00007ffb82890000 - 0x00007ffb82968000 	C:\Windows\System32\OLEAUT32.dll
0x00007ffb76dd0000 - 0x00007ffb76e02000 	C:\Windows\SYSTEM32\dbgcore.DLL
0x00007ffb80fe0000 - 0x00007ffb8105b000 	C:\Windows\System32\bcryptPrimitives.dll
0x00007ffb5c880000 - 0x00007ffb5c88e000 	C:\Program Files\Eclipse Adoptium\jdk-17.0.16.8-hotspot\bin\instrument.dll
0x00007ffb38f10000 - 0x00007ffb38f35000 	C:\Program Files\Eclipse Adoptium\jdk-17.0.16.8-hotspot\bin\java.dll
0x00007ffade010000 - 0x00007ffade0e7000 	C:\Program Files\Eclipse Adoptium\jdk-17.0.16.8-hotspot\bin\jsvml.dll
0x00007ffb82970000 - 0x00007ffb83211000 	C:\Windows\System32\SHELL32.dll
0x00007ffb80ad0000 - 0x00007ffb80c0f000 	C:\Windows\System32\wintypes.dll
0x00007ffb7e500000 - 0x00007ffb7ee1a000 	C:\Windows\SYSTEM32\windows.storage.dll
0x00007ffb81cc0000 - 0x00007ffb81dca000 	C:\Windows\System32\SHCORE.dll
0x00007ffb820f0000 - 0x00007ffb82159000 	C:\Windows\System32\shlwapi.dll
0x00007ffb805a0000 - 0x00007ffb805c5000 	C:\Windows\SYSTEM32\profapi.dll
0x00007ffb4aaa0000 - 0x00007ffb4aab8000 	C:\Program Files\Eclipse Adoptium\jdk-17.0.16.8-hotspot\bin\zip.dll
0x00007ffb49f60000 - 0x00007ffb49f79000 	C:\Program Files\Eclipse Adoptium\jdk-17.0.16.8-hotspot\bin\net.dll
0x00007ffb7b460000 - 0x00007ffb7b58c000 	C:\Windows\SYSTEM32\WINHTTP.dll
0x00007ffb7fb20000 - 0x00007ffb7fb89000 	C:\Windows\system32\mswsock.dll
0x00007ffb45ef0000 - 0x00007ffb45f06000 	C:\Program Files\Eclipse Adoptium\jdk-17.0.16.8-hotspot\bin\nio.dll
0x00007ffb5c5d0000 - 0x00007ffb5c5e0000 	C:\Program Files\Eclipse Adoptium\jdk-17.0.16.8-hotspot\bin\verify.dll
0x00007ffb5ca70000 - 0x00007ffb5ca97000 	C:\Users\91926\.gradle\native\c067742578af261105cb4f569cf0c3c89f3d7b1fecec35dd04571415982c5e48\windows-amd64\native-platform.dll
0x00007ffadbf80000 - 0x00007ffadc0c4000 	C:\Users\91926\.gradle\native\100fb08df4bc3b14c8652ba06237920a3bd2aa13389f12d3474272988ae205f9\windows-amd64\native-platform-file-events.dll
0x00007ffb5c1c0000 - 0x00007ffb5c1ca000 	C:\Program Files\Eclipse Adoptium\jdk-17.0.16.8-hotspot\bin\management.dll
0x00007ffb5c0c0000 - 0x00007ffb5c0cb000 	C:\Program Files\Eclipse Adoptium\jdk-17.0.16.8-hotspot\bin\management_ext.dll
0x00007ffb81ca0000 - 0x00007ffb81ca8000 	C:\Windows\System32\PSAPI.DLL
0x00007ffb7fd70000 - 0x00007ffb7fd8b000 	C:\Windows\SYSTEM32\CRYPTSP.dll
0x00007ffb7f590000 - 0x00007ffb7f5c7000 	C:\Windows\system32\rsaenh.dll
0x00007ffb7fc10000 - 0x00007ffb7fc38000 	C:\Windows\SYSTEM32\USERENV.dll
0x00007ffb7fd90000 - 0x00007ffb7fd9c000 	C:\Windows\SYSTEM32\CRYPTBASE.dll
0x00007ffb7f080000 - 0x00007ffb7f0ad000 	C:\Windows\SYSTEM32\IPHLPAPI.DLL
0x00007ffb81cb0000 - 0x00007ffb81cb9000 	C:\Windows\System32\NSI.dll
0x00007ffb7b7d0000 - 0x00007ffb7b7e9000 	C:\Windows\SYSTEM32\dhcpcsvc6.DLL
0x00007ffb7b400000 - 0x00007ffb7b41f000 	C:\Windows\SYSTEM32\dhcpcsvc.DLL
0x00007ffb7f0f0000 - 0x00007ffb7f1e8000 	C:\Windows\SYSTEM32\DNSAPI.dll
0x00007ffb5bd80000 - 0x00007ffb5bd89000 	C:\Program Files\Eclipse Adoptium\jdk-17.0.16.8-hotspot\bin\extnet.dll
0x00007ffb5b9d0000 - 0x00007ffb5b9de000 	C:\Program Files\Eclipse Adoptium\jdk-17.0.16.8-hotspot\bin\sunmscapi.dll
0x00007ffb806a0000 - 0x00007ffb80808000 	C:\Windows\System32\CRYPT32.dll
0x00007ffb7ff10000 - 0x00007ffb7ff3d000 	C:\Windows\SYSTEM32\ncrypt.dll
0x00007ffb7fed0000 - 0x00007ffb7ff07000 	C:\Windows\SYSTEM32\NTASN1.dll
0x00007ffb7ac20000 - 0x00007ffb7ac28000 	C:\Windows\system32\wshunix.dll

dbghelp: loaded successfully - version: 4.0.5 - missing functions: none
symbol engine: initialized successfully - sym options: 0x614 - pdb path: .;C:\Program Files\Eclipse Adoptium\jdk-17.0.16.8-hotspot\bin;C:\Windows\SYSTEM32;C:\Windows\WinSxS\amd64_microsoft.windows.common-controls_6595b64144ccf1df_6.0.22621.5840_none_2710ea077384a4fe;C:\Program Files\Eclipse Adoptium\jdk-17.0.16.8-hotspot\bin\server;C:\Users\91926\.gradle\native\c067742578af261105cb4f569cf0c3c89f3d7b1fecec35dd04571415982c5e48\windows-amd64;C:\Users\91926\.gradle\native\100fb08df4bc3b14c8652ba06237920a3bd2aa13389f12d3474272988ae205f9\windows-amd64

VM Arguments:
jvm_args: -XX:MaxMetaspaceSize=512m --add-opens=java.base/java.util=ALL-UNNAMED --add-opens=java.base/java.lang=ALL-UNNAMED --add-opens=java.base/java.lang.invoke=ALL-UNNAMED --add-opens=java.prefs/java.util.prefs=ALL-UNNAMED --add-exports=jdk.compiler/com.sun.tools.javac.api=ALL-UNNAMED --add-exports=jdk.compiler/com.sun.tools.javac.util=ALL-UNNAMED --add-opens=java.base/java.nio.charset=ALL-UNNAMED --add-opens=java.base/java.net=ALL-UNNAMED --add-opens=java.base/java.util.concurrent.atomic=ALL-UNNAMED -Xmx2048m -Dfile.encoding=utf8 -Duser.country=IN -Duser.language=en -Duser.variant -javaagent:C:\Users\91926\.gradle\wrapper\dists\gradle-8.10.2-all\7iv73wktx1xtkvlq19urqw1wm\gradle-8.10.2\lib\agents\gradle-instrumentation-agent-8.10.2.jar 
java_command: org.gradle.launcher.daemon.bootstrap.GradleDaemon 8.10.2
java_class_path (initial): C:\Users\91926\.gradle\wrapper\dists\gradle-8.10.2-all\7iv73wktx1xtkvlq19urqw1wm\gradle-8.10.2\lib\gradle-daemon-main-8.10.2.jar
Launcher Type: SUN_STANDARD

[Global flags]
     intx CICompilerCount                          = 4                                         {product} {ergonomic}
   size_t CompressedClassSpaceSize                 = 436207616                                 {product} {ergonomic}
     uint ConcGCThreads                            = 3                                         {product} {ergonomic}
     uint G1ConcRefinementThreads                  = 10                                        {product} {ergonomic}
   size_t G1HeapRegionSize                         = 1048576                                   {product} {ergonomic}
    uintx GCDrainStackTargetSize                   = 64                                        {product} {ergonomic}
   size_t InitialHeapSize                          = 98566144                                  {product} {ergonomic}
   size_t MarkStackSize                            = 4194304                                   {product} {ergonomic}
   size_t MaxHeapSize                              = 2147483648                                {product} {command line}
   size_t MaxMetaspaceSize                         = 536870912                                 {product} {command line}
   size_t MaxNewSize                               = 1287651328                                {product} {ergonomic}
   size_t MinHeapDeltaBytes                        = 1048576                                   {product} {ergonomic}
   size_t MinHeapSize                              = 8388608                                   {product} {ergonomic}
    uintx NonNMethodCodeHeapSize                   = 5839372                                {pd product} {ergonomic}
    uintx NonProfiledCodeHeapSize                  = 122909434                              {pd product} {ergonomic}
    uintx ProfiledCodeHeapSize                     = 122909434                              {pd product} {ergonomic}
    uintx ReservedCodeCacheSize                    = 251658240                              {pd product} {ergonomic}
     bool SegmentedCodeCache                       = true                                      {product} {ergonomic}
   size_t SoftMaxHeapSize                          = 2147483648                             {manageable} {ergonomic}
     bool UseCompressedClassPointers               = true                           {product lp64_product} {ergonomic}
     bool UseCompressedOops                        = true                           {product lp64_product} {ergonomic}
     bool UseG1GC                                  = true                                      {product} {ergonomic}
     bool UseLargePagesIndividualAllocation        = false                                  {pd product} {ergonomic}

Logging:
Log output configuration:
 #0: stdout all=warning uptime,level,tags
 #1: stderr all=off uptime,level,tags

Environment Variables:
JAVA_HOME=C:\Program Files\Java\jdk-19
PATH=C:\Program Files (x86)\Common Files\Oracle\Java\java8path;C:\Program Files (x86)\Common Files\Oracle\Java\javapath;C:\Program Files\Eclipse Adoptium\jdk-17.0.16.8-hotspot\bin;C:\MinGW\msys\1.0\bin;C:\MinGW\bin;C:\Program Files\nodejs;D:\Program-Files\;D:\Program-Files;C:\Users\91926\AppData\Roaming\npm;C:\Program Files\Git\cmd;C:\Program Files\MongoDB\Server\7.0\bin;C:\Users\91926\AppData\Local\Programs\mongosh;C:\Users\91926\AppData\Local;C:\Users\91926\;C:\Users\91926\jdk-17\bin;C:\Users\91926\AppData\Local\Programs\Python\Python313\Scripts\;C:\Users\91926\AppData\Local\Programs\Python\Python313\;C:\MinGW\bin;C:\MinGW\msys\1.0\bin;C:\Users\91926\AppData\Roaming\npm;C:\Users\91926\AppData\Local\Programs\Microsoft VS Code\bin;D:\Program-Files;C:\Program Files\MongoDB\Server\7.0\bin;C:\Users\91926\AppData\Local\Programs\mongosh;C:\Users\91926\AppData\Local\Programs\mongosh\;C:\Users\91926\AppData\Local;C:\Users\91926\AppData\Local\GitHubDesktop\bin;C:\Users\91926\jdk-17\bin;
USERNAME=91926
OS=Windows_NT
PROCESSOR_IDENTIFIER=AMD64 Family 23 Model 104 Stepping 1, AuthenticAMD
TMP=C:\Users\91926\AppData\Local\Temp
TEMP=C:\Users\91926\AppData\Local\Temp



Periodic native trim disabled


---------------  S Y S T E M  ---------------

OS:
 Windows 11 , 64 bit Build 22621 (10.0.22621.5415)
OS uptime: 4 days 23:23 hours
Hyper-V role detected

CPU: total 12 (initial active 12) (12 cores per cpu, 2 threads per core) family 23 model 104 stepping 1 microcode 0x0, cx8, cmov, fxsr, ht, mmx, 3dnowpref, sse, sse2, sse3, ssse3, sse4a, sse4.1, sse4.2, popcnt, lzcnt, tsc, tscinvbit, avx, avx2, aes, clmul, bmi1, bmi2, adx, sha, fma, vzeroupper, clflush, clflushopt, hv
Processor Information for processor 0
  Max Mhz: 2100, Current Mhz: 2100, Mhz Limit: 2100
Processor Information for processor 1
  Max Mhz: 2100, Current Mhz: 2100, Mhz Limit: 2100
Processor Information for processor 2
  Max Mhz: 2100, Current Mhz: 2100, Mhz Limit: 2100
Processor Information for processor 3
  Max Mhz: 2100, Current Mhz: 1988, Mhz Limit: 2100
Processor Information for processor 4
  Max Mhz: 2100, Current Mhz: 1988, Mhz Limit: 2100
Processor Information for processor 5
  Max Mhz: 2100, Current Mhz: 2100, Mhz Limit: 2100
Processor Information for processor 6
  Max Mhz: 2100, Current Mhz: 2100, Mhz Limit: 2100
Processor Information for processor 7
  Max Mhz: 2100, Current Mhz: 1988, Mhz Limit: 2100
Processor Information for processor 8
  Max Mhz: 2100, Current Mhz: 2100, Mhz Limit: 2100
Processor Information for processor 9
  Max Mhz: 2100, Current Mhz: 2100, Mhz Limit: 2100
Processor Information for processor 10
  Max Mhz: 2100, Current Mhz: 1988, Mhz Limit: 2100
Processor Information for processor 11
  Max Mhz: 2100, Current Mhz: 1988, Mhz Limit: 2100

Memory: 4k page, system-wide physical 5989M (1095M free)
TotalPageFile size 24421M (AvailPageFile size 2M)
current process WorkingSet (physical memory assigned to process): 330M, peak: 330M
current process commit charge ("private bytes"): 377M, peak: 378M

vm_info: OpenJDK 64-Bit Server VM (17.0.16+8) for windows-amd64 JRE (17.0.16+8), built on Jul 16 2025 10:37:56 by "admin" with MS VC++ 17.7 (VS2022)

END.
