#
# There is insufficient memory for the Java Runtime Environment to continue.
# Native memory allocation (malloc) failed to allocate 32744 bytes. Error detail: Chunk::new
# Possible reasons:
#   The system is out of physical RAM or swap space
#   This process is running with CompressedOops enabled, and the Java Heap may be blocking the growth of the native heap
# Possible solutions:
#   Reduce memory load on the system
#   Increase physical memory or swap space
#   Check if swap backing store is full
#   Decrease Java heap size (-Xmx/-Xms)
#   Decrease number of Java threads
#   Decrease Java thread stack sizes (-Xss)
#   Set larger code cache with -XX:ReservedCodeCacheSize=
#   JVM is running with Unscaled Compressed Oops mode in which the Java heap is
#     placed in the first 4GB address space. The Java Heap base address is the
#     maximum limit for the native heap growth. Please use -XX:HeapBaseMinAddress
#     to set the Java Heap base and to place the Java Heap above 4GB virtual address.
# This output file may be truncated or incomplete.
#
#  Out of Memory Error (arena.cpp:168), pid=13660, tid=5412
#
# JRE version: OpenJDK Runtime Environment Temurin-21.0.8+9 (21.0.8+9) (build 21.0.8+9-LTS)
# Java VM: OpenJDK 64-Bit Server VM Temurin-21.0.8+9 (21.0.8+9-LTS, mixed mode, sharing, tiered, compressed oops, compressed class ptrs, parallel gc, windows-amd64)
# No core dump will be written. Minidumps are not enabled by default on client versions of Windows
#

---------------  S U M M A R Y ------------

Command Line: --add-modules=ALL-SYSTEM --add-opens=java.base/java.util=ALL-UNNAMED --add-opens=java.base/java.lang=ALL-UNNAMED --add-opens=java.base/sun.nio.fs=ALL-UNNAMED -Declipse.application=org.eclipse.jdt.ls.core.id1 -Dosgi.bundles.defaultStartLevel=4 -Declipse.product=org.eclipse.jdt.ls.core.product -Djava.import.generatesMetadataFilesAtProjectRoot=false -DDetectVMInstallationsJob.disabled=true -Dfile.encoding=utf8 -XX:+UseParallelGC -XX:GCTimeRatio=4 -XX:AdaptiveSizePolicyWeight=90 -Dsun.zip.disableMemoryMapping=true -Xmx2G -Xms100m -Xlog:disable -javaagent:c:\Users\91926\.vscode\extensions\redhat.java-1.44.0-win32-x64\lombok\lombok-1.18.39-4050.jar -XX:+HeapDumpOnOutOfMemoryError -XX:HeapDumpPath=c:\Users\91926\AppData\Roaming\Code\User\workspaceStorage\111bd3269bc96fc5a43bd4d4c92061d9\redhat.java -Daether.dependencyCollector.impl=bf c:\Users\91926\.vscode\extensions\redhat.java-1.44.0-win32-x64\server\plugins\org.eclipse.equinox.launcher_1.7.0.v20250519-0528.jar -configuration c:\Users\91926\AppData\Roaming\Code\User\globalStorage\redhat.java\1.44.0\config_win -data c:\Users\91926\AppData\Roaming\Code\User\workspaceStorage\111bd3269bc96fc5a43bd4d4c92061d9\redhat.java\jdt_ws --pipe=\\.\pipe\lsp-3c7e8963574abed42153e487695762e6-sock

Host: AMD Ryzen 5 5500U with Radeon Graphics         , 12 cores, 5G,  Windows 11 , 64 bit Build 22621 (10.0.22621.5415)
Time: Thu Aug 21 12:14:44 2025 India Standard Time elapsed time: 17.834704 seconds (0d 0h 0m 17s)

---------------  T H R E A D  ---------------

Current thread (0x000000005c8924b0):  JavaThread "C2 CompilerThread0" daemon [_thread_in_vm, id=5412, stack(0x0000000061300000,0x0000000061400000) (1024K)]


Current CompileTask:
C2:17835 1781 %     4       java.io.WinNTFileSystem::normalize @ 58 (224 bytes)

Stack: [0x0000000061300000,0x0000000061400000]
Native frames: (J=compiled Java code, j=interpreted, Vv=VM code, C=native code)
V  [jvm.dll+0x6d2449]
V  [jvm.dll+0x8ae341]
V  [jvm.dll+0x8b08be]
V  [jvm.dll+0x8b0fa3]
V  [jvm.dll+0x280c96]
V  [jvm.dll+0xc581d]
V  [jvm.dll+0xc5d53]
V  [jvm.dll+0x98f6]
V  [jvm.dll+0x1fca11]
V  [jvm.dll+0x1e975f]
V  [jvm.dll+0x1ea00d]
V  [jvm.dll+0x1e9db0]
V  [jvm.dll+0x204e42]
V  [jvm.dll+0x1f42a3]
V  [jvm.dll+0x1cc3d2]
V  [jvm.dll+0x2f45ac]
V  [jvm.dll+0x6ec842]
V  [jvm.dll+0x6e4833]
V  [jvm.dll+0x6e3f4e]
V  [jvm.dll+0x6e203c]
V  [jvm.dll+0x1cba2c]
V  [jvm.dll+0x2f45ac]
V  [jvm.dll+0x6ec842]
V  [jvm.dll+0x6e4833]
V  [jvm.dll+0x6e3f4e]
V  [jvm.dll+0x6e203c]
V  [jvm.dll+0x1cba2c]
V  [jvm.dll+0x2f45ac]
V  [jvm.dll+0x6ec842]
V  [jvm.dll+0x6e4833]
V  [jvm.dll+0x6e3f4e]
V  [jvm.dll+0x6e203c]
V  [jvm.dll+0x1cba2c]
V  [jvm.dll+0x1cc5ac]
V  [jvm.dll+0x2f45ac]
V  [jvm.dll+0x6ec842]
V  [jvm.dll+0x6e4833]
V  [jvm.dll+0x6e3f4e]
V  [jvm.dll+0x6e203c]
V  [jvm.dll+0x1cba2c]
V  [jvm.dll+0x24801e]
V  [jvm.dll+0x1c89ee]
V  [jvm.dll+0x257d4d]
V  [jvm.dll+0x2562ea]
V  [jvm.dll+0x3f2d16]
V  [jvm.dll+0x857e6b]
V  [jvm.dll+0x6d0b0d]
C  [ucrtbase.dll+0x29333]
C  [KERNEL32.DLL+0x1259d]
C  [ntdll.dll+0x5af78]


---------------  P R O C E S S  ---------------

Threads class SMR info:
_java_thread_list=0x00000000619b45b0, length=12, elements={
0x0000000002b6e360, 0x000000005c8804a0, 0x000000005c881ed0, 0x000000005c884860,
0x000000005c885770, 0x000000005c886680, 0x000000005c8882e0, 0x000000005c8924b0,
0x000000005c8bc260, 0x000000005c98b420, 0x000000005cb3a3a0, 0x000000005c8bb2a0
}

Java Threads: ( => current thread )
  0x0000000002b6e360 JavaThread "main"                              [_thread_in_native, id=24900, stack(0x0000000002120000,0x0000000002220000) (1024K)]
  0x000000005c8804a0 JavaThread "Reference Handler"          daemon [_thread_blocked, id=26532, stack(0x000000005cc80000,0x000000005cd80000) (1024K)]
  0x000000005c881ed0 JavaThread "Finalizer"                  daemon [_thread_blocked, id=24248, stack(0x000000005cd80000,0x000000005ce80000) (1024K)]
  0x000000005c884860 JavaThread "Signal Dispatcher"          daemon [_thread_blocked, id=5256, stack(0x000000005ce80000,0x000000005cf80000) (1024K)]
  0x000000005c885770 JavaThread "Attach Listener"            daemon [_thread_blocked, id=17400, stack(0x0000000061000000,0x0000000061100000) (1024K)]
  0x000000005c886680 JavaThread "Service Thread"             daemon [_thread_blocked, id=24692, stack(0x0000000061100000,0x0000000061200000) (1024K)]
  0x000000005c8882e0 JavaThread "Monitor Deflation Thread"   daemon [_thread_blocked, id=22552, stack(0x0000000061200000,0x0000000061300000) (1024K)]
=>0x000000005c8924b0 JavaThread "C2 CompilerThread0"         daemon [_thread_in_vm, id=5412, stack(0x0000000061300000,0x0000000061400000) (1024K)]
  0x000000005c8bc260 JavaThread "C1 CompilerThread0"         daemon [_thread_blocked, id=15740, stack(0x0000000061400000,0x0000000061500000) (1024K)]
  0x000000005c98b420 JavaThread "Common-Cleaner"             daemon [_thread_blocked, id=15820, stack(0x0000000061500000,0x0000000061600000) (1024K)]
  0x000000005cb3a3a0 JavaThread "Notification Thread"        daemon [_thread_blocked, id=3256, stack(0x0000000061e00000,0x0000000061f00000) (1024K)]
  0x000000005c8bb2a0 JavaThread "Active Thread: Equinox Container: 4314820b-7054-4d56-a701-b7aa4205c6ca"        [_thread_blocked, id=20880, stack(0x0000000063620000,0x0000000063720000) (1024K)]
Total: 12

Other Threads:
  0x0000000002c2e650 VMThread "VM Thread"                           [id=22520, stack(0x000000005c780000,0x000000005c880000) (1024K)]
  0x00000000194ecc40 WatcherThread "VM Periodic Task Thread"        [id=21840, stack(0x0000000019610000,0x0000000019710000) (1024K)]
  0x0000000002b8b480 WorkerThread "GC Thread#0"                     [id=2336, stack(0x0000000002920000,0x0000000002a20000) (1024K)]
  0x000000005cbf0570 WorkerThread "GC Thread#1"                     [id=14720, stack(0x0000000062050000,0x0000000062150000) (1024K)]
  0x000000005cbf0910 WorkerThread "GC Thread#2"                     [id=7208, stack(0x0000000062150000,0x0000000062250000) (1024K)]
  0x000000005cbf1b30 WorkerThread "GC Thread#3"                     [id=9496, stack(0x0000000062250000,0x0000000062350000) (1024K)]
  0x000000005cbf0cb0 WorkerThread "GC Thread#4"                     [id=14952, stack(0x0000000062350000,0x0000000062450000) (1024K)]
  0x000000005cbf1050 WorkerThread "GC Thread#5"                     [id=6004, stack(0x0000000062450000,0x0000000062550000) (1024K)]
  0x000000005cbf13f0 WorkerThread "GC Thread#6"                     [id=9360, stack(0x0000000062550000,0x0000000062650000) (1024K)]
Total: 9

Threads with active compile tasks:
C2 CompilerThread0  17914 1781 %     4       java.io.WinNTFileSystem::normalize @ 58 (224 bytes)
Total: 1

VM state: not at safepoint (normal execution)

VM Mutex/Monitor currently owned by a thread: None

Heap address: 0x0000000080000000, size: 2048 MB, Compressed Oops mode: 32-bit

CDS archive(s) mapped at: [0x000000001a000000-0x000000001aba0000-0x000000001aba0000), size 12189696, SharedBaseAddress: 0x000000001a000000, ArchiveRelocationMode: 1.
Compressed class space mapped at: 0x000000001b000000-0x000000005b000000, reserved size: 1073741824
Narrow klass base: 0x000000001a000000, Narrow klass shift: 0, Narrow klass range: 0x100000000

GC Precious Log:
 CardTable entry size: 512
 CPUs: 12 total, 12 available
 Memory: 5989M
 Large Page Support: Disabled
 NUMA Support: Disabled
 Compressed Oops: Enabled (32-bit)
 Alignments: Space 512K, Generation 512K, Heap 2M
 Heap Min Capacity: 100M
 Heap Initial Capacity: 100M
 Heap Max Capacity: 2G
 Pre-touch: Disabled
 Parallel Workers: 10

Heap:
 PSYoungGen      total 29696K, used 28148K [0x00000000d5580000, 0x00000000d7680000, 0x0000000100000000)
  eden space 25600K, 96% used [0x00000000d5580000,0x00000000d6dbb480,0x00000000d6e80000)
  from space 4096K, 81% used [0x00000000d6e80000,0x00000000d71c1bb8,0x00000000d7280000)
  to   space 4096K, 0% used [0x00000000d7280000,0x00000000d7280000,0x00000000d7680000)
 ParOldGen       total 68608K, used 0K [0x0000000080000000, 0x0000000084300000, 0x00000000d5580000)
  object space 68608K, 0% used [0x0000000080000000,0x0000000080000000,0x0000000084300000)
 Metaspace       used 7977K, committed 8256K, reserved 1114112K
  class space    used 831K, committed 960K, reserved 1048576K

Card table byte_map: [0x0000000002510000,0x0000000002920000] _byte_map_base: 0x0000000002110000

Marking Bits: (ParMarkBitMap*) 0x00007ffe155da340
 Begin Bits: [0x0000000015010000, 0x0000000017010000)
 End Bits:   [0x0000000017010000, 0x0000000019010000)

Polling page: 0x00000000005b0000

Metaspace:

Usage:
  Non-class:      6.98 MB used.
      Class:    831.10 KB used.
       Both:      7.79 MB used.

Virtual space:
  Non-class space:       64.00 MB reserved,       7.12 MB ( 11%) committed,  1 nodes.
      Class space:        1.00 GB reserved,     960.00 KB ( <1%) committed,  1 nodes.
             Both:        1.06 GB reserved,       8.06 MB ( <1%) committed. 

Chunk freelists:
   Non-Class:  8.80 MB
       Class:  14.91 MB
        Both:  23.70 MB

MaxMetaspaceSize: unlimited
CompressedClassSpaceSize: 1.00 GB
Initial GC threshold: 21.00 MB
Current GC threshold: 21.00 MB
CDS: on
 - commit_granule_bytes: 65536.
 - commit_granule_words: 8192.
 - virtual_space_node_default_size: 8388608.
 - enlarge_chunks_in_place: 1.
 - use_allocation_guard: 0.


Internal statistics:

num_allocs_failed_limit: 0.
num_arena_births: 228.
num_arena_deaths: 0.
num_vsnodes_births: 2.
num_vsnodes_deaths: 0.
num_space_committed: 129.
num_space_uncommitted: 0.
num_chunks_returned_to_freelist: 0.
num_chunks_taken_from_freelist: 420.
num_chunk_merges: 0.
num_chunk_splits: 269.
num_chunks_enlarged: 181.
num_inconsistent_stats: 0.

CodeHeap 'non-profiled nmethods': size=120000Kb used=717Kb max_used=717Kb free=119282Kb
 bounds [0x000000000d830000, 0x000000000daa0000, 0x0000000014d60000]
CodeHeap 'profiled nmethods': size=120000Kb used=3242Kb max_used=3242Kb free=116757Kb
 bounds [0x0000000005d60000, 0x0000000006090000, 0x000000000d290000]
CodeHeap 'non-nmethods': size=5760Kb used=1216Kb max_used=1231Kb free=4543Kb
 bounds [0x000000000d290000, 0x000000000d500000, 0x000000000d830000]
CodeCache: size=245760Kb, used=5175Kb, max_used=5190Kb, free=240582Kb
 total_blobs=2259, nmethods=1777, adapters=389, full_count=0
Compilation: enabled, stopped_count=0, restarted_count=0

Compilation events (20 events):
Event: 7.195 Thread 0x000000005c8bc260 1770   !   3       java.util.zip.Inflater::reset (64 bytes)
Event: 7.196 Thread 0x000000005c8924b0 nmethod 1731 0x000000000d8e2e10 code [0x000000000d8e2fa0, 0x000000000d8e3128]
Event: 7.196 Thread 0x000000005c8bc260 nmethod 1770 0x0000000006084710 code [0x00000000060848e0, 0x0000000006084be8]
Event: 7.359 Thread 0x000000005c8bc260 1771   !   3       java.net.URL::getURLStreamHandler (191 bytes)
Event: 7.426 Thread 0x000000005c8bc260 nmethod 1771 0x0000000006084d90 code [0x0000000006085040, 0x0000000006085e68]
Event: 8.155 Thread 0x000000005c8bc260 1774       3       java.util.StringTokenizer::<init> (8 bytes)
Event: 8.155 Thread 0x000000005c8bc260 nmethod 1774 0x0000000006086310 code [0x00000000060864c0, 0x0000000006086600]
Event: 9.714 Thread 0x000000005c8bc260 1775       3       java.lang.StringBuilder::append (10 bytes)
Event: 9.715 Thread 0x000000005c8bc260 nmethod 1775 0x0000000006086690 code [0x0000000006086840, 0x0000000006086990]
Event: 9.715 Thread 0x000000005c8bc260 1776       3       java.lang.AbstractStringBuilder::append (67 bytes)
Event: 9.715 Thread 0x000000005c8bc260 nmethod 1776 0x0000000006086a90 code [0x0000000006086ca0, 0x0000000006087320]
Event: 10.272 Thread 0x000000005c8bc260 1777       3       java.net.URL::isValidProtocol (78 bytes)
Event: 10.275 Thread 0x000000005c8bc260 nmethod 1777 0x0000000006087510 code [0x0000000006087820, 0x0000000006088a58]
Event: 10.281 Thread 0x000000005c8bc260 1778       1       sun.nio.fs.NativeBuffer::address (5 bytes)
Event: 10.281 Thread 0x000000005c8bc260 nmethod 1778 0x000000000d8e3290 code [0x000000000d8e3420, 0x000000000d8e34e8]
Event: 17.635 Thread 0x000000005c8bc260 1779       3       sun.nio.fs.WindowsPathParser::nextNonSlash (24 bytes)
Event: 17.672 Thread 0x000000005c8bc260 nmethod 1779 0x0000000006089190 code [0x00000000060893a0, 0x0000000006089aa8]
Event: 17.673 Thread 0x000000005c8bc260 1780       3       java.lang.ThreadLocal$ThreadLocalMap::getEntry (42 bytes)
Event: 17.674 Thread 0x000000005c8bc260 nmethod 1780 0x0000000006089e10 code [0x0000000006089fe0, 0x000000000608a3a0]
Event: 17.767 Thread 0x000000005c8924b0 1781 %     4       java.io.WinNTFileSystem::normalize @ 58 (224 bytes)

GC Heap History (2 events):
Event: 3.900 GC heap before
{Heap before GC invocations=1 (full 0):
 PSYoungGen      total 29696K, used 25600K [0x00000000d5580000, 0x00000000d7680000, 0x0000000100000000)
  eden space 25600K, 100% used [0x00000000d5580000,0x00000000d6e80000,0x00000000d6e80000)
  from space 4096K, 0% used [0x00000000d7280000,0x00000000d7280000,0x00000000d7680000)
  to   space 4096K, 0% used [0x00000000d6e80000,0x00000000d6e80000,0x00000000d7280000)
 ParOldGen       total 68608K, used 0K [0x0000000080000000, 0x0000000084300000, 0x00000000d5580000)
  object space 68608K, 0% used [0x0000000080000000,0x0000000080000000,0x0000000084300000)
 Metaspace       used 4330K, committed 4608K, reserved 1114112K
  class space    used 471K, committed 576K, reserved 1048576K
}
Event: 3.957 GC heap after
{Heap after GC invocations=1 (full 0):
 PSYoungGen      total 29696K, used 3334K [0x00000000d5580000, 0x00000000d7680000, 0x0000000100000000)
  eden space 25600K, 0% used [0x00000000d5580000,0x00000000d5580000,0x00000000d6e80000)
  from space 4096K, 81% used [0x00000000d6e80000,0x00000000d71c1bb8,0x00000000d7280000)
  to   space 4096K, 0% used [0x00000000d7280000,0x00000000d7280000,0x00000000d7680000)
 ParOldGen       total 68608K, used 0K [0x0000000080000000, 0x0000000084300000, 0x00000000d5580000)
  object space 68608K, 0% used [0x0000000080000000,0x0000000080000000,0x0000000084300000)
 Metaspace       used 4330K, committed 4608K, reserved 1114112K
  class space    used 471K, committed 576K, reserved 1048576K
}

Dll operation events (8 events):
Event: 0.117 Loaded shared library c:\Users\91926\.vscode\extensions\redhat.java-1.44.0-win32-x64\jre\21.0.8-win32-x86_64\bin\java.dll
Event: 0.644 Loaded shared library c:\Users\91926\.vscode\extensions\redhat.java-1.44.0-win32-x64\jre\21.0.8-win32-x86_64\bin\zip.dll
Event: 0.712 Loaded shared library C:\Users\91926\.vscode\extensions\redhat.java-1.44.0-win32-x64\jre\21.0.8-win32-x86_64\bin\instrument.dll
Event: 0.732 Loaded shared library C:\Users\91926\.vscode\extensions\redhat.java-1.44.0-win32-x64\jre\21.0.8-win32-x86_64\bin\net.dll
Event: 0.749 Loaded shared library C:\Users\91926\.vscode\extensions\redhat.java-1.44.0-win32-x64\jre\21.0.8-win32-x86_64\bin\nio.dll
Event: 0.789 Loaded shared library C:\Users\91926\.vscode\extensions\redhat.java-1.44.0-win32-x64\jre\21.0.8-win32-x86_64\bin\zip.dll
Event: 0.852 Loaded shared library C:\Users\91926\.vscode\extensions\redhat.java-1.44.0-win32-x64\jre\21.0.8-win32-x86_64\bin\jimage.dll
Event: 1.099 Loaded shared library c:\Users\91926\.vscode\extensions\redhat.java-1.44.0-win32-x64\jre\21.0.8-win32-x86_64\bin\verify.dll

Deoptimization events (20 events):
Event: 7.098 Thread 0x0000000002b6e360 DEOPT PACKING pc=0x0000000005ee8508 sp=0x000000000221c950
Event: 7.098 Thread 0x0000000002b6e360 DEOPT UNPACKING pc=0x000000000d2e4242 sp=0x000000000221bdd0 mode 0
Event: 7.098 Thread 0x0000000002b6e360 DEOPT PACKING pc=0x0000000005e5e986 sp=0x000000000221c810
Event: 7.098 Thread 0x0000000002b6e360 DEOPT UNPACKING pc=0x000000000d2e4242 sp=0x000000000221bc90 mode 0
Event: 7.100 Thread 0x0000000002b6e360 DEOPT PACKING pc=0x0000000005ee8508 sp=0x000000000221cc60
Event: 7.100 Thread 0x0000000002b6e360 DEOPT UNPACKING pc=0x000000000d2e4242 sp=0x000000000221c0e0 mode 0
Event: 7.103 Thread 0x0000000002b6e360 Uncommon trap: trap_request=0xffffff45 fr.pc=0x000000000d8de228 relative=0x0000000000000948
Event: 7.103 Thread 0x0000000002b6e360 Uncommon trap: reason=unstable_if action=reinterpret pc=0x000000000d8de228 method=java.util.HashMap.putVal(ILjava/lang/Object;Ljava/lang/Object;ZZ)Ljava/lang/Object; @ 81 c2
Event: 7.103 Thread 0x0000000002b6e360 DEOPT PACKING pc=0x000000000d8de228 sp=0x000000000221d310
Event: 7.103 Thread 0x0000000002b6e360 DEOPT UNPACKING pc=0x000000000d2e3aa2 sp=0x000000000221d290 mode 2
Event: 7.103 Thread 0x0000000002b6e360 Uncommon trap: trap_request=0xffffff45 fr.pc=0x000000000d8dc1d4 relative=0x0000000000000974
Event: 7.103 Thread 0x0000000002b6e360 Uncommon trap: reason=unstable_if action=reinterpret pc=0x000000000d8dc1d4 method=java.util.HashMap.putVal(ILjava/lang/Object;Ljava/lang/Object;ZZ)Ljava/lang/Object; @ 81 c2
Event: 7.104 Thread 0x0000000002b6e360 DEOPT PACKING pc=0x000000000d8dc1d4 sp=0x000000000221d4c0
Event: 7.104 Thread 0x0000000002b6e360 DEOPT UNPACKING pc=0x000000000d2e3aa2 sp=0x000000000221d3e8 mode 2
Event: 7.106 Thread 0x0000000002b6e360 DEOPT PACKING pc=0x0000000005e5e986 sp=0x000000000221ca60
Event: 7.106 Thread 0x0000000002b6e360 DEOPT UNPACKING pc=0x000000000d2e4242 sp=0x000000000221bee0 mode 0
Event: 7.106 Thread 0x0000000002b6e360 DEOPT PACKING pc=0x0000000005ee8508 sp=0x000000000221cbb0
Event: 7.106 Thread 0x0000000002b6e360 DEOPT UNPACKING pc=0x000000000d2e4242 sp=0x000000000221c030 mode 0
Event: 7.108 Thread 0x0000000002b6e360 DEOPT PACKING pc=0x0000000005ee8508 sp=0x000000000221ceb0
Event: 7.108 Thread 0x0000000002b6e360 DEOPT UNPACKING pc=0x000000000d2e4242 sp=0x000000000221c330 mode 0

Classes loaded (20 events):
Event: 7.079 Loading class java/security/KeyStoreException
Event: 7.080 Loading class java/security/KeyStoreException done
Event: 7.151 Loading class java/util/LinkedList$Node
Event: 7.152 Loading class java/util/LinkedList$Node done
Event: 7.153 Loading class java/util/LinkedList$ListItr
Event: 7.153 Loading class java/util/LinkedList$ListItr done
Event: 7.155 Loading class java/lang/Thread$Builder$OfPlatform
Event: 7.156 Loading class java/lang/Thread$Builder
Event: 7.159 Loading class java/lang/Thread$Builder done
Event: 7.160 Loading class java/lang/Thread$Builder$OfPlatform done
Event: 7.162 Loading class java/lang/Thread$Builder$OfVirtual
Event: 7.162 Loading class java/lang/Thread$Builder$OfVirtual done
Event: 7.189 Loading class sun/nio/fs/WindowsChannelFactory
Event: 7.191 Loading class sun/nio/fs/WindowsChannelFactory done
Event: 7.191 Loading class sun/nio/fs/WindowsChannelFactory$1
Event: 7.191 Loading class sun/nio/fs/WindowsChannelFactory$1 done
Event: 7.191 Loading class sun/nio/fs/WindowsChannelFactory$Flags
Event: 7.191 Loading class sun/nio/fs/WindowsChannelFactory$Flags done
Event: 7.192 Loading class sun/nio/ch/FileChannelImpl$Closer
Event: 7.192 Loading class sun/nio/ch/FileChannelImpl$Closer done

Classes unloaded (0 events):
No events

Classes redefined (0 events):
No events

Internal exceptions (20 events):
Event: 2.437 Thread 0x0000000002b6e360 Exception <a 'java/lang/NoSuchMethodError'{0x00000000d65664b0}: 'int java.lang.invoke.DirectMethodHandle$Holder.invokeStatic(java.lang.Object, java.lang.Object, java.lang.Object, java.lang.Object, java.lang.Object)'> (0x00000000d65664b0) 
thrown [s\src\hotspot\share\interpreter\linkResolver.cpp, line 773]
Event: 2.653 Thread 0x0000000002b6e360 Exception <a 'java/lang/NoSuchMethodError'{0x00000000d65f9e98}: 'java.lang.Object java.lang.invoke.DirectMethodHandle$Holder.invokeInterface(java.lang.Object, java.lang.Object, int)'> (0x00000000d65f9e98) 
thrown [s\src\hotspot\share\interpreter\linkResolver.cpp, line 773]
Event: 3.552 Thread 0x0000000002b6e360 Exception <a 'java/lang/NoSuchMethodError'{0x00000000d6a7d080}: 'java.lang.ClassLoader java.lang.ClassLoader.getPlatformClassLoader(java.lang.Class)'> (0x00000000d6a7d080) 
thrown [s\src\hotspot\share\interpreter\linkResolver.cpp, line 773]
Event: 3.988 Thread 0x0000000002b6e360 Exception <a 'java/lang/ClassNotFoundException'{0x00000000d5597638}: sun/net/www/protocol/c/Handler> (0x00000000d5597638) 
thrown [s\src\hotspot\share\classfile\systemDictionary.cpp, line 312]
Event: 3.989 Thread 0x0000000002b6e360 Exception <a 'java/lang/ClassNotFoundException'{0x00000000d5598a40}: sun/net/www/protocol/c/Handler> (0x00000000d5598a40) 
thrown [s\src\hotspot\share\classfile\systemDictionary.cpp, line 312]
Event: 3.989 Thread 0x0000000002b6e360 Exception <a 'java/lang/ClassNotFoundException'{0x00000000d5599cc8}: sun/net/www/protocol/c/Handler> (0x00000000d5599cc8) 
thrown [s\src\hotspot\share\classfile\systemDictionary.cpp, line 312]
Event: 4.030 Thread 0x0000000002b6e360 Exception <a 'java/io/FileNotFoundException'{0x00000000d55c2280}> (0x00000000d55c2280) 
thrown [s\src\hotspot\share\prims\jni.cpp, line 520]
Event: 4.320 Thread 0x0000000002b6e360 Implicit null exception at 0x000000000d882a29 to 0x000000000d8832a0
Event: 4.321 Thread 0x0000000002b6e360 Implicit null exception at 0x000000000d89529a to 0x000000000d8954a8
Event: 4.323 Thread 0x0000000002b6e360 Exception <a 'java/lang/NoSuchMethodError'{0x00000000d576dd80}: 'void java.lang.invoke.DirectMethodHandle$Holder.invokeStatic(java.lang.Object, java.lang.Object, java.lang.Object, java.lang.Object)'> (0x00000000d576dd80) 
thrown [s\src\hotspot\share\interpreter\linkResolver.cpp, line 773]
Event: 4.328 Thread 0x0000000002b6e360 Implicit null exception at 0x000000000d88673c to 0x000000000d8869cc
Event: 4.328 Thread 0x0000000002b6e360 Implicit null exception at 0x000000000d885cbd to 0x000000000d885d41
Event: 5.087 Thread 0x0000000002b6e360 Exception <a 'java/lang/NoSuchMethodError'{0x00000000d5a05758}: 'void java.lang.invoke.DirectMethodHandle$Holder.invokeSpecial(java.lang.Object, java.lang.Object, java.lang.Object)'> (0x00000000d5a05758) 
thrown [s\src\hotspot\share\interpreter\linkResolver.cpp, line 773]
Event: 6.364 Thread 0x0000000002b6e360 Exception <a 'java/lang/NoSuchMethodError'{0x00000000d640bec0}: 'int java.lang.invoke.DirectMethodHandle$Holder.invokeVirtual(java.lang.Object, java.lang.Object)'> (0x00000000d640bec0) 
thrown [s\src\hotspot\share\interpreter\linkResolver.cpp, line 773]
Event: 6.616 Thread 0x0000000002b6e360 Exception <a 'java/lang/NoSuchMethodError'{0x00000000d6591ef0}: 'int java.lang.invoke.DirectMethodHandle$Holder.invokeStaticInit(java.lang.Object, java.lang.Object, java.lang.Object, java.lang.Object)'> (0x00000000d6591ef0) 
thrown [s\src\hotspot\share\interpreter\linkResolver.cpp, line 773]
Event: 6.620 Thread 0x0000000002b6e360 Exception <a 'java/lang/IncompatibleClassChangeError'{0x00000000d659a378}: Found class java.lang.Object, but interface was expected> (0x00000000d659a378) 
thrown [s\src\hotspot\share\interpreter\linkResolver.cpp, line 840]
Event: 6.622 Thread 0x0000000002b6e360 Exception <a 'java/lang/NoSuchMethodError'{0x00000000d65a12a8}: 'void java.lang.invoke.DirectMethodHandle$Holder.invokeStaticInit(java.lang.Object, java.lang.Object)'> (0x00000000d65a12a8) 
thrown [s\src\hotspot\share\interpreter\linkResolver.cpp, line 773]
Event: 6.627 Thread 0x0000000002b6e360 Exception <a 'java/lang/NoSuchMethodError'{0x00000000d65aaf00}: 'int java.lang.invoke.DirectMethodHandle$Holder.invokeStaticInit(java.lang.Object, java.lang.Object)'> (0x00000000d65aaf00) 
thrown [s\src\hotspot\share\interpreter\linkResolver.cpp, line 773]
Event: 6.788 Thread 0x0000000002b6e360 Exception <a 'java/lang/NoSuchMethodError'{0x00000000d68146c8}: 'java.lang.Object java.lang.invoke.DirectMethodHandle$Holder.newInvokeSpecial(java.lang.Object, int, java.lang.Object)'> (0x00000000d68146c8) 
thrown [s\src\hotspot\share\interpreter\linkResolver.cpp, line 773]
Event: 6.951 Thread 0x0000000002b6e360 Exception <a 'java/lang/ClassNotFoundException'{0x00000000d6a263c0}: sun/net/www/protocol/plurl/Handler> (0x00000000d6a263c0) 
thrown [s\src\hotspot\share\classfile\systemDictionary.cpp, line 312]

ZGC Phase Switch (0 events):
No events

VM Operations (20 events):
Event: 3.177 Executing VM operation: Cleanup
Event: 3.178 Executing VM operation: Cleanup done
Event: 3.815 Executing VM operation: HandshakeAllThreads (Deoptimize)
Event: 3.816 Executing VM operation: HandshakeAllThreads (Deoptimize) done
Event: 3.899 Executing VM operation: ParallelGCFailedAllocation (Allocation Failure)
Event: 3.957 Executing VM operation: ParallelGCFailedAllocation (Allocation Failure) done
Event: 4.961 Executing VM operation: Cleanup
Event: 4.961 Executing VM operation: Cleanup done
Event: 5.972 Executing VM operation: Cleanup
Event: 5.972 Executing VM operation: Cleanup done
Event: 6.723 Executing VM operation: HandshakeAllThreads (Deoptimize)
Event: 6.723 Executing VM operation: HandshakeAllThreads (Deoptimize) done
Event: 6.748 Executing VM operation: HandshakeAllThreads (Deoptimize)
Event: 6.748 Executing VM operation: HandshakeAllThreads (Deoptimize) done
Event: 6.890 Executing VM operation: HandshakeAllThreads (Deoptimize)
Event: 6.890 Executing VM operation: HandshakeAllThreads (Deoptimize) done
Event: 6.934 Executing VM operation: HandshakeAllThreads (Deoptimize)
Event: 6.934 Executing VM operation: HandshakeAllThreads (Deoptimize) done
Event: 7.939 Executing VM operation: Cleanup
Event: 7.939 Executing VM operation: Cleanup done

Memory protections (0 events):
No events

Nmethod flushes (0 events):
No events

Events (12 events):
Event: 0.191 Thread 0x0000000002b6e360 Thread added: 0x0000000002b6e360
Event: 0.299 Thread 0x0000000002b6e360 Thread added: 0x000000005c8804a0
Event: 0.299 Thread 0x0000000002b6e360 Thread added: 0x000000005c881ed0
Event: 0.300 Thread 0x0000000002b6e360 Thread added: 0x000000005c884860
Event: 0.300 Thread 0x0000000002b6e360 Thread added: 0x000000005c885770
Event: 0.301 Thread 0x0000000002b6e360 Thread added: 0x000000005c886680
Event: 0.301 Thread 0x0000000002b6e360 Thread added: 0x000000005c8882e0
Event: 0.302 Thread 0x0000000002b6e360 Thread added: 0x000000005c8924b0
Event: 0.312 Thread 0x0000000002b6e360 Thread added: 0x000000005c8bc260
Event: 0.549 Thread 0x0000000002b6e360 Thread added: 0x000000005c98b420
Event: 1.328 Thread 0x0000000002b6e360 Thread added: 0x000000005cb3a3a0
Event: 6.690 Thread 0x0000000002b6e360 Thread added: 0x000000005c8bb2a0


Dynamic libraries:
0x00007ff6359b0000 - 0x00007ff6359be000 	c:\Users\91926\.vscode\extensions\redhat.java-1.44.0-win32-x64\jre\21.0.8-win32-x86_64\bin\java.exe
0x00007fff19cd0000 - 0x00007fff19ee7000 	C:\Windows\SYSTEM32\ntdll.dll
0x00007fff19a90000 - 0x00007fff19b54000 	C:\Windows\System32\KERNEL32.DLL
0x00007fff172f0000 - 0x00007fff176c2000 	C:\Windows\System32\KERNELBASE.dll
0x00007fff17840000 - 0x00007fff17951000 	C:\Windows\System32\ucrtbase.dll
0x00007fff12900000 - 0x00007fff12918000 	c:\Users\91926\.vscode\extensions\redhat.java-1.44.0-win32-x64\jre\21.0.8-win32-x86_64\bin\jli.dll
0x00007fff18c20000 - 0x00007fff18dd1000 	C:\Windows\System32\USER32.dll
0x00007fff17810000 - 0x00007fff17836000 	C:\Windows\System32\win32u.dll
0x00007fff18650000 - 0x00007fff18679000 	C:\Windows\System32\GDI32.dll
0x00007fff17050000 - 0x00007fff17173000 	C:\Windows\System32\gdi32full.dll
0x00007fff16e40000 - 0x00007fff16eda000 	C:\Windows\System32\msvcp_win.dll
0x00007ffef3360000 - 0x00007ffef337e000 	c:\Users\91926\.vscode\extensions\redhat.java-1.44.0-win32-x64\jre\21.0.8-win32-x86_64\bin\VCRUNTIME140.dll
0x00007fff036d0000 - 0x00007fff0396b000 	C:\Windows\WinSxS\amd64_microsoft.windows.common-controls_6595b64144ccf1df_6.0.22621.5697_none_27154c497380d676\COMCTL32.dll
0x00007fff19130000 - 0x00007fff191d7000 	C:\Windows\System32\msvcrt.dll
0x00007fff17aa0000 - 0x00007fff17ad1000 	C:\Windows\System32\IMM32.DLL
0x00007fff08120000 - 0x00007fff0812c000 	c:\Users\91926\.vscode\extensions\redhat.java-1.44.0-win32-x64\jre\21.0.8-win32-x86_64\bin\vcruntime140_1.dll
0x00007ffef32d0000 - 0x00007ffef335d000 	c:\Users\91926\.vscode\extensions\redhat.java-1.44.0-win32-x64\jre\21.0.8-win32-x86_64\bin\msvcp140.dll
0x00007ffe14920000 - 0x00007ffe156b7000 	c:\Users\91926\.vscode\extensions\redhat.java-1.44.0-win32-x64\jre\21.0.8-win32-x86_64\bin\server\jvm.dll
0x00007fff189c0000 - 0x00007fff18a71000 	C:\Windows\System32\ADVAPI32.dll
0x00007fff18200000 - 0x00007fff182a8000 	C:\Windows\System32\sechost.dll
0x00007fff17180000 - 0x00007fff171a8000 	C:\Windows\System32\bcrypt.dll
0x00007fff17960000 - 0x00007fff17a77000 	C:\Windows\System32\RPCRT4.dll
0x00007fff18180000 - 0x00007fff181f1000 	C:\Windows\System32\WS2_32.dll
0x00007fff16c90000 - 0x00007fff16cdd000 	C:\Windows\SYSTEM32\POWRPROF.dll
0x00007fff126e0000 - 0x00007fff12714000 	C:\Windows\SYSTEM32\WINMM.dll
0x00007fff0cb70000 - 0x00007fff0cb7a000 	C:\Windows\SYSTEM32\VERSION.dll
0x00007fff16c70000 - 0x00007fff16c83000 	C:\Windows\SYSTEM32\UMPDC.dll
0x00007fff15d80000 - 0x00007fff15d98000 	C:\Windows\SYSTEM32\kernel.appcore.dll
0x00007fff02870000 - 0x00007fff0287a000 	c:\Users\91926\.vscode\extensions\redhat.java-1.44.0-win32-x64\jre\21.0.8-win32-x86_64\bin\jimage.dll
0x00007fff14850000 - 0x00007fff14a83000 	C:\Windows\SYSTEM32\DBGHELP.DLL
0x00007fff182b0000 - 0x00007fff18642000 	C:\Windows\System32\combase.dll
0x00007fff18e80000 - 0x00007fff18f58000 	C:\Windows\System32\OLEAUT32.dll
0x00007fff0e850000 - 0x00007fff0e882000 	C:\Windows\SYSTEM32\dbgcore.DLL
0x00007fff17270000 - 0x00007fff172eb000 	C:\Windows\System32\bcryptPrimitives.dll
0x00007ffef3200000 - 0x00007ffef320f000 	c:\Users\91926\.vscode\extensions\redhat.java-1.44.0-win32-x64\jre\21.0.8-win32-x86_64\bin\instrument.dll
0x00007ffef32b0000 - 0x00007ffef32cf000 	c:\Users\91926\.vscode\extensions\redhat.java-1.44.0-win32-x64\jre\21.0.8-win32-x86_64\bin\java.dll
0x00007fff191e0000 - 0x00007fff19a81000 	C:\Windows\System32\SHELL32.dll
0x00007fff176d0000 - 0x00007fff1780f000 	C:\Windows\System32\wintypes.dll
0x00007fff14c50000 - 0x00007fff1556a000 	C:\Windows\SYSTEM32\windows.storage.dll
0x00007fff18830000 - 0x00007fff1893b000 	C:\Windows\System32\SHCORE.dll
0x00007fff18700000 - 0x00007fff18769000 	C:\Windows\System32\shlwapi.dll
0x00007fff16cf0000 - 0x00007fff16d1b000 	C:\Windows\SYSTEM32\profapi.dll
0x00007ffef3290000 - 0x00007ffef32a8000 	c:\Users\91926\.vscode\extensions\redhat.java-1.44.0-win32-x64\jre\21.0.8-win32-x86_64\bin\zip.dll
0x00007fff01ed0000 - 0x00007fff01ee0000 	C:\Users\91926\.vscode\extensions\redhat.java-1.44.0-win32-x64\jre\21.0.8-win32-x86_64\bin\net.dll
0x00007fff129e0000 - 0x00007fff12b0c000 	C:\Windows\SYSTEM32\WINHTTP.dll
0x00007fff16270000 - 0x00007fff162d9000 	C:\Windows\system32\mswsock.dll
0x00007ffef3270000 - 0x00007ffef3286000 	C:\Users\91926\.vscode\extensions\redhat.java-1.44.0-win32-x64\jre\21.0.8-win32-x86_64\bin\nio.dll
0x00007ffef3230000 - 0x00007ffef3240000 	c:\Users\91926\.vscode\extensions\redhat.java-1.44.0-win32-x64\jre\21.0.8-win32-x86_64\bin\verify.dll

JVMTI agents:
c:\Users\91926\.vscode\extensions\redhat.java-1.44.0-win32-x64\lombok\lombok-1.18.39-4050.jar path:c:\Users\91926\.vscode\extensions\redhat.java-1.44.0-win32-x64\jre\21.0.8-win32-x86_64\bin\instrument.dll, loaded, initialized, instrumentlib options:none

dbghelp: loaded successfully - version: 4.0.5 - missing functions: none
symbol engine: initialized successfully - sym options: 0x614 - pdb path: .;c:\Users\91926\.vscode\extensions\redhat.java-1.44.0-win32-x64\jre\21.0.8-win32-x86_64\bin;C:\Windows\SYSTEM32;C:\Windows\WinSxS\amd64_microsoft.windows.common-controls_6595b64144ccf1df_6.0.22621.5697_none_27154c497380d676;c:\Users\91926\.vscode\extensions\redhat.java-1.44.0-win32-x64\jre\21.0.8-win32-x86_64\bin\server

VM Arguments:
jvm_args: --add-modules=ALL-SYSTEM --add-opens=java.base/java.util=ALL-UNNAMED --add-opens=java.base/java.lang=ALL-UNNAMED --add-opens=java.base/sun.nio.fs=ALL-UNNAMED -Declipse.application=org.eclipse.jdt.ls.core.id1 -Dosgi.bundles.defaultStartLevel=4 -Declipse.product=org.eclipse.jdt.ls.core.product -Djava.import.generatesMetadataFilesAtProjectRoot=false -DDetectVMInstallationsJob.disabled=true -Dfile.encoding=utf8 -XX:+UseParallelGC -XX:GCTimeRatio=4 -XX:AdaptiveSizePolicyWeight=90 -Dsun.zip.disableMemoryMapping=true -Xmx2G -Xms100m -Xlog:disable -javaagent:c:\Users\91926\.vscode\extensions\redhat.java-1.44.0-win32-x64\lombok\lombok-1.18.39-4050.jar -XX:+HeapDumpOnOutOfMemoryError -XX:HeapDumpPath=c:\Users\91926\AppData\Roaming\Code\User\workspaceStorage\111bd3269bc96fc5a43bd4d4c92061d9\redhat.java -Daether.dependencyCollector.impl=bf 
java_command: c:\Users\91926\.vscode\extensions\redhat.java-1.44.0-win32-x64\server\plugins\org.eclipse.equinox.launcher_1.7.0.v20250519-0528.jar -configuration c:\Users\91926\AppData\Roaming\Code\User\globalStorage\redhat.java\1.44.0\config_win -data c:\Users\91926\AppData\Roaming\Code\User\workspaceStorage\111bd3269bc96fc5a43bd4d4c92061d9\redhat.java\jdt_ws --pipe=\\.\pipe\lsp-3c7e8963574abed42153e487695762e6-sock
java_class_path (initial): c:\Users\91926\.vscode\extensions\redhat.java-1.44.0-win32-x64\server\plugins\org.eclipse.equinox.launcher_1.7.0.v20250519-0528.jar
Launcher Type: SUN_STANDARD

[Global flags]
    uintx AdaptiveSizePolicyWeight                 = 90                                        {product} {command line}
     intx CICompilerCount                          = 4                                         {product} {ergonomic}
    uintx GCTimeRatio                              = 4                                         {product} {command line}
     bool HeapDumpOnOutOfMemoryError               = true                                   {manageable} {command line}
    ccstr HeapDumpPath                             = c:\Users\91926\AppData\Roaming\Code\User\workspaceStorage\111bd3269bc96fc5a43bd4d4c92061d9\redhat.java         {manageable} {command line}
   size_t InitialHeapSize                          = 104857600                                 {product} {command line}
   size_t MaxHeapSize                              = 2147483648                                {product} {command line}
   size_t MaxNewSize                               = 715653120                                 {product} {ergonomic}
   size_t MinHeapDeltaBytes                        = 524288                                    {product} {ergonomic}
   size_t MinHeapSize                              = 104857600                                 {product} {command line}
   size_t NewSize                                  = 34603008                                  {product} {ergonomic}
    uintx NonNMethodCodeHeapSize                   = 5839372                                {pd product} {ergonomic}
    uintx NonProfiledCodeHeapSize                  = 122909434                              {pd product} {ergonomic}
   size_t OldSize                                  = 70254592                                  {product} {ergonomic}
    uintx ProfiledCodeHeapSize                     = 122909434                              {pd product} {ergonomic}
    uintx ReservedCodeCacheSize                    = 251658240                              {pd product} {ergonomic}
     bool SegmentedCodeCache                       = true                                      {product} {ergonomic}
   size_t SoftMaxHeapSize                          = 2147483648                             {manageable} {ergonomic}
     bool UseCompressedOops                        = true                           {product lp64_product} {ergonomic}
     bool UseLargePagesIndividualAllocation        = false                                  {pd product} {ergonomic}
     bool UseParallelGC                            = true                                      {product} {command line}

Logging:
Log output configuration:
 #0: stdout all=off uptime,level,tags foldmultilines=false
 #1: stderr all=off uptime,level,tags foldmultilines=false

Environment Variables:
JAVA_HOME=C:\Program Files\Java\jdk-19
PATH=C:\Program Files (x86)\Common Files\Oracle\Java\java8path;C:\Program Files (x86)\Common Files\Oracle\Java\javapath;C:\Program Files\Eclipse Adoptium\jdk-17.0.16.8-hotspot\bin;C:\MinGW\msys\1.0\bin;C:\MinGW\bin;C:\Program Files\nodejs;D:\Program-Files\;D:\Program-Files;C:\Users\91926\AppData\Roaming\npm;C:\Program Files\Git\cmd;C:\Program Files\MongoDB\Server\7.0\bin;C:\Users\91926\AppData\Local\Programs\mongosh;C:\Users\91926\AppData\Local;C:\Users\91926\;C:\Users\91926\jdk-17\bin;C:\Users\91926\AppData\Local\Programs\Python\Python313\Scripts\;C:\Users\91926\AppData\Local\Programs\Python\Python313\;C:\MinGW\bin;C:\MinGW\msys\1.0\bin;C:\Users\91926\AppData\Roaming\npm;C:\Users\91926\AppData\Local\Programs\Microsoft VS Code\bin;D:\Program-Files;C:\Program Files\MongoDB\Server\7.0\bin;C:\Users\91926\AppData\Local\Programs\mongosh;C:\Users\91926\AppData\Local\Programs\mongosh\;C:\Users\91926\AppData\Local;C:\Users\91926\AppData\Local\GitHubDesktop\bin;C:\Users\91926\jdk-17\bin;
USERNAME=91926
OS=Windows_NT
PROCESSOR_IDENTIFIER=AMD64 Family 23 Model 104 Stepping 1, AuthenticAMD
TMP=C:\Users\91926\AppData\Local\Temp
TEMP=C:\Users\91926\AppData\Local\Temp




Periodic native trim disabled

---------------  S Y S T E M  ---------------

OS:
 Windows 11 , 64 bit Build 22621 (10.0.22621.5415)
OS uptime: 0 days 19:12 hours
Hyper-V role detected

CPU: total 12 (initial active 12) (12 cores per cpu, 2 threads per core) family 23 model 104 stepping 1 microcode 0x0, cx8, cmov, fxsr, ht, mmx, 3dnowpref, sse, sse2, sse3, ssse3, sse4a, sse4.1, sse4.2, popcnt, lzcnt, tsc, tscinvbit, avx, avx2, aes, clmul, bmi1, bmi2, adx, sha, fma, vzeroupper, clflush, clflushopt, hv, rdtscp, rdpid, f16c
Processor Information for the first 12 processors :
  Max Mhz: 2100, Current Mhz: 1893, Mhz Limit: 2100

Memory: 4k page, system-wide physical 5989M (356M free)
TotalPageFile size 24421M (AvailPageFile size 0M)
current process WorkingSet (physical memory assigned to process): 11M, peak: 69M
current process commit charge ("private bytes"): 241M, peak: 244M

vm_info: OpenJDK 64-Bit Server VM (21.0.8+9-LTS) for windows-amd64 JRE (21.0.8+9-LTS), built on 2025-07-15T00:00:00Z by "admin" with MS VC++ 17.7 (VS2022)

END.
