#
# There is insufficient memory for the Java Runtime Environment to continue.
# Native memory allocation (malloc) failed to allocate 134176 bytes. Error detail: Chunk::new
# Possible reasons:
#   The system is out of physical RAM or swap space
#   This process is running with CompressedOops enabled, and the Java Heap may be blocking the growth of the native heap
# Possible solutions:
#   Reduce memory load on the system
#   Increase physical memory or swap space
#   Check if swap backing store is full
#   Decrease Java heap size (-Xmx/-Xms)
#   Decrease number of Java threads
#   Decrease Java thread stack sizes (-Xss)
#   Set larger code cache with -XX:ReservedCodeCacheSize=
#   JVM is running with Unscaled Compressed Oops mode in which the Java heap is
#     placed in the first 4GB address space. The Java Heap base address is the
#     maximum limit for the native heap growth. Please use -XX:HeapBaseMinAddress
#     to set the Java Heap base and to place the Java Heap above 4GB virtual address.
# This output file may be truncated or incomplete.
#
#  Out of Memory Error (arena.cpp:168), pid=10340, tid=10060
#
# JRE version: OpenJDK Runtime Environment Temurin-21.0.8+9 (21.0.8+9) (build 21.0.8+9-LTS)
# Java VM: OpenJDK 64-Bit Server VM Temurin-21.0.8+9 (21.0.8+9-LTS, mixed mode, sharing, tiered, compressed oops, compressed class ptrs, parallel gc, windows-amd64)
# No core dump will be written. Minidumps are not enabled by default on client versions of Windows
#

---------------  S U M M A R Y ------------

Command Line: --add-modules=ALL-SYSTEM --add-opens=java.base/java.util=ALL-UNNAMED --add-opens=java.base/java.lang=ALL-UNNAMED --add-opens=java.base/sun.nio.fs=ALL-UNNAMED -Declipse.application=org.eclipse.jdt.ls.core.id1 -Dosgi.bundles.defaultStartLevel=4 -Declipse.product=org.eclipse.jdt.ls.core.product -Djava.import.generatesMetadataFilesAtProjectRoot=false -DDetectVMInstallationsJob.disabled=true -Dfile.encoding=utf8 -XX:+UseParallelGC -XX:GCTimeRatio=4 -XX:AdaptiveSizePolicyWeight=90 -Dsun.zip.disableMemoryMapping=true -Xmx2G -Xms100m -Xlog:disable -javaagent:c:\Users\91926\.vscode\extensions\redhat.java-1.45.0-win32-x64\lombok\lombok-1.18.39-4050.jar -XX:+HeapDumpOnOutOfMemoryError -XX:HeapDumpPath=c:\Users\91926\AppData\Roaming\Code\User\workspaceStorage\6ebc18211fee6ab9ead269bb8419cef8\redhat.java -Daether.dependencyCollector.impl=bf c:\Users\91926\.vscode\extensions\redhat.java-1.45.0-win32-x64\server\plugins\org.eclipse.equinox.launcher_1.7.0.v20250519-0528.jar -configuration c:\Users\91926\AppData\Roaming\Code\User\globalStorage\redhat.java\1.45.0\config_win -data c:\Users\91926\AppData\Roaming\Code\User\workspaceStorage\6ebc18211fee6ab9ead269bb8419cef8\redhat.java\jdt_ws --pipe=\\.\pipe\lsp-770643b2bd773826f042a8be6bdbbe96-sock

Host: AMD Ryzen 5 5500U with Radeon Graphics         , 12 cores, 5G,  Windows 11 , 64 bit Build 26100 (10.0.26100.5074)
Time: Mon Sep 15 01:16:24 2025 India Standard Time elapsed time: 5.771414 seconds (0d 0h 0m 5s)

---------------  T H R E A D  ---------------

Current thread (0x000000005c86de10):  JavaThread "C2 CompilerThread0" daemon [_thread_in_native, id=10060, stack(0x0000000061300000,0x0000000061400000) (1024K)]


Current CompileTask:
C2:5771 1210       4       java.lang.StringLatin1::toUpperCase (186 bytes)

Stack: [0x0000000061300000,0x0000000061400000]
Native frames: (J=compiled Java code, j=interpreted, Vv=VM code, C=native code)
V  [jvm.dll+0x6d2449]
V  [jvm.dll+0x8ae341]
V  [jvm.dll+0x8b08be]
V  [jvm.dll+0x8b0fa3]
V  [jvm.dll+0x280c96]
V  [jvm.dll+0xc581d]
V  [jvm.dll+0xc5d53]
V  [jvm.dll+0x2f539d]
V  [jvm.dll+0x5fa00a]
V  [jvm.dll+0x252092]
V  [jvm.dll+0x25244f]
V  [jvm.dll+0x24ad14]
V  [jvm.dll+0x2483a4]
V  [jvm.dll+0x1c89ee]
V  [jvm.dll+0x257d4d]
V  [jvm.dll+0x2562ea]
V  [jvm.dll+0x3f2d16]
V  [jvm.dll+0x857e6b]
V  [jvm.dll+0x6d0b0d]
C  [ucrtbase.dll+0x37b0]
C  [KERNEL32.DLL+0x2e8d7]
C  [ntdll.dll+0x8d9c]


---------------  P R O C E S S  ---------------

Threads class SMR info:
_java_thread_list=0x000000005cb19b00, length=11, elements={
0x0000000002cdc540, 0x000000001977de20, 0x000000005c8657b0, 0x000000005c868ee0,
0x000000005c869b30, 0x000000005c86c590, 0x000000005c86cfe0, 0x000000005c86de10,
0x000000005c8da700, 0x000000005c95f6a0, 0x000000005cbb4fb0
}

Java Threads: ( => current thread )
  0x0000000002cdc540 JavaThread "main"                              [_thread_in_native, id=26020, stack(0x0000000002290000,0x0000000002390000) (1024K)]
  0x000000001977de20 JavaThread "Reference Handler"          daemon [_thread_blocked, id=16912, stack(0x000000005cc60000,0x000000005cd60000) (1024K)]
  0x000000005c8657b0 JavaThread "Finalizer"                  daemon [_thread_blocked, id=26992, stack(0x000000005cd60000,0x000000005ce60000) (1024K)]
  0x000000005c868ee0 JavaThread "Signal Dispatcher"          daemon [_thread_blocked, id=6372, stack(0x000000005ce60000,0x000000005cf60000) (1024K)]
  0x000000005c869b30 JavaThread "Attach Listener"            daemon [_thread_blocked, id=15016, stack(0x0000000061000000,0x0000000061100000) (1024K)]
  0x000000005c86c590 JavaThread "Service Thread"             daemon [_thread_blocked, id=8228, stack(0x0000000061100000,0x0000000061200000) (1024K)]
  0x000000005c86cfe0 JavaThread "Monitor Deflation Thread"   daemon [_thread_blocked, id=19040, stack(0x0000000061200000,0x0000000061300000) (1024K)]
=>0x000000005c86de10 JavaThread "C2 CompilerThread0"         daemon [_thread_in_native, id=10060, stack(0x0000000061300000,0x0000000061400000) (1024K)]
  0x000000005c8da700 JavaThread "C1 CompilerThread0"         daemon [_thread_blocked, id=26664, stack(0x0000000061400000,0x0000000061500000) (1024K)]
  0x000000005c95f6a0 JavaThread "Common-Cleaner"             daemon [_thread_blocked, id=24260, stack(0x0000000061500000,0x0000000061600000) (1024K)]
  0x000000005cbb4fb0 JavaThread "Notification Thread"        daemon [_thread_blocked, id=25144, stack(0x0000000061e00000,0x0000000061f00000) (1024K)]
Total: 11

Other Threads:
  0x0000000019763ff0 VMThread "VM Thread"                           [id=26944, stack(0x000000005c760000,0x000000005c860000) (1024K)]
  0x000000001965ca00 WatcherThread "VM Periodic Task Thread"        [id=16580, stack(0x0000000002b90000,0x0000000002c90000) (1024K)]
  0x0000000002cfad60 WorkerThread "GC Thread#0"                     [id=26228, stack(0x0000000002a90000,0x0000000002b90000) (1024K)]
  0x00000000618941b0 WorkerThread "GC Thread#1"                     [id=15128, stack(0x0000000062060000,0x0000000062160000) (1024K)]
  0x00000000618950c0 WorkerThread "GC Thread#2"                     [id=18208, stack(0x0000000062160000,0x0000000062260000) (1024K)]
  0x0000000061895460 WorkerThread "GC Thread#3"                     [id=18244, stack(0x0000000062260000,0x0000000062360000) (1024K)]
  0x000000006169ce80 WorkerThread "GC Thread#4"                     [id=23744, stack(0x0000000062360000,0x0000000062460000) (1024K)]
  0x000000006169e1a0 WorkerThread "GC Thread#5"                     [id=26348, stack(0x0000000062460000,0x0000000062560000) (1024K)]
  0x00000000619e82f0 WorkerThread "GC Thread#6"                     [id=17552, stack(0x0000000062560000,0x0000000062660000) (1024K)]
Total: 9

Threads with active compile tasks:
C2 CompilerThread0  11428 1210       4       java.lang.StringLatin1::toUpperCase (186 bytes)
Total: 1

VM state: not at safepoint (normal execution)

VM Mutex/Monitor currently owned by a thread: None

Heap address: 0x0000000080000000, size: 2048 MB, Compressed Oops mode: 32-bit

CDS archive(s) mapped at: [0x000000001a000000-0x000000001aba0000-0x000000001aba0000), size 12189696, SharedBaseAddress: 0x000000001a000000, ArchiveRelocationMode: 1.
Compressed class space mapped at: 0x000000001b000000-0x000000005b000000, reserved size: 1073741824
Narrow klass base: 0x000000001a000000, Narrow klass shift: 0, Narrow klass range: 0x100000000

GC Precious Log:
 CardTable entry size: 512
 CPUs: 12 total, 12 available
 Memory: 5989M
 Large Page Support: Disabled
 NUMA Support: Disabled
 Compressed Oops: Enabled (32-bit)
 Alignments: Space 512K, Generation 512K, Heap 2M
 Heap Min Capacity: 100M
 Heap Initial Capacity: 100M
 Heap Max Capacity: 2G
 Pre-touch: Disabled
 Parallel Workers: 10

Heap:
 PSYoungGen      total 29696K, used 18978K [0x00000000d5580000, 0x00000000d7680000, 0x0000000100000000)
  eden space 25600K, 61% used [0x00000000d5580000,0x00000000d64c0a20,0x00000000d6e80000)
  from space 4096K, 82% used [0x00000000d6e80000,0x00000000d71c80b8,0x00000000d7280000)
  to   space 4096K, 0% used [0x00000000d7280000,0x00000000d7280000,0x00000000d7680000)
 ParOldGen       total 68608K, used 16K [0x0000000080000000, 0x0000000084300000, 0x00000000d5580000)
  object space 68608K, 0% used [0x0000000080000000,0x0000000080004000,0x0000000084300000)
 Metaspace       used 6566K, committed 6848K, reserved 1114112K
  class space    used 667K, committed 832K, reserved 1048576K

Card table byte_map: [0x0000000002680000,0x0000000002a90000] _byte_map_base: 0x0000000002280000

Marking Bits: (ParMarkBitMap*) 0x00007ffea722a340
 Begin Bits: [0x0000000015180000, 0x0000000017180000)
 End Bits:   [0x0000000017180000, 0x0000000019180000)

Polling page: 0x00000000009e0000

Metaspace:

Usage:
  Non-class:      5.76 MB used.
      Class:    667.38 KB used.
       Both:      6.41 MB used.

Virtual space:
  Non-class space:       64.00 MB reserved,       5.88 MB (  9%) committed,  1 nodes.
      Class space:        1.00 GB reserved,     832.00 KB ( <1%) committed,  1 nodes.
             Both:        1.06 GB reserved,       6.69 MB ( <1%) committed. 

Chunk freelists:
   Non-Class:  9.69 MB
       Class:  15.04 MB
        Both:  24.74 MB

MaxMetaspaceSize: unlimited
CompressedClassSpaceSize: 1.00 GB
Initial GC threshold: 21.00 MB
Current GC threshold: 21.00 MB
CDS: on
 - commit_granule_bytes: 65536.
 - commit_granule_words: 8192.
 - virtual_space_node_default_size: 8388608.
 - enlarge_chunks_in_place: 1.
 - use_allocation_guard: 0.


Internal statistics:

num_allocs_failed_limit: 0.
num_arena_births: 200.
num_arena_deaths: 0.
num_vsnodes_births: 2.
num_vsnodes_deaths: 0.
num_space_committed: 107.
num_space_uncommitted: 0.
num_chunks_returned_to_freelist: 0.
num_chunks_taken_from_freelist: 335.
num_chunk_merges: 0.
num_chunk_splits: 218.
num_chunks_enlarged: 144.
num_inconsistent_stats: 0.

CodeHeap 'non-profiled nmethods': size=120000Kb used=495Kb max_used=495Kb free=119504Kb
 bounds [0x000000000d9a0000, 0x000000000dc10000, 0x0000000014ed0000]
CodeHeap 'profiled nmethods': size=120000Kb used=2548Kb max_used=2548Kb free=117451Kb
 bounds [0x0000000005ed0000, 0x0000000006150000, 0x000000000d400000]
CodeHeap 'non-nmethods': size=5760Kb used=1205Kb max_used=1214Kb free=4554Kb
 bounds [0x000000000d400000, 0x000000000d670000, 0x000000000d9a0000]
CodeCache: size=245760Kb, used=4248Kb, max_used=4257Kb, free=241509Kb
 total_blobs=1962, nmethods=1491, adapters=378, full_count=0
Compilation: enabled, stopped_count=0, restarted_count=0

Compilation events (20 events):
Event: 3.256 Thread 0x000000005c8da700 nmethod 1198 0x000000000da15b90 code [0x000000000da15d20, 0x000000000da15de8]
Event: 3.260 Thread 0x000000005c8da700 1200       3       java.io.RandomAccessFile::readFully (45 bytes)
Event: 3.260 Thread 0x000000005c8da700 nmethod 1200 0x00000000060b9890 code [0x00000000060b9a60, 0x00000000060b9dc8]
Event: 3.260 Thread 0x000000005c8da700 1201       1       java.security.MessageDigest::getAlgorithm (5 bytes)
Event: 3.260 Thread 0x000000005c8da700 nmethod 1201 0x000000000da16290 code [0x000000000da16420, 0x000000000da164e8]
Event: 3.260 Thread 0x000000005c8da700 1202       3       java.util.jar.JarFile::getJarEntry (9 bytes)
Event: 3.260 Thread 0x000000005c8da700 nmethod 1202 0x00000000060b9f90 code [0x00000000060ba140, 0x00000000060ba3f8]
Event: 3.261 Thread 0x000000005c8da700 1203       3       java.lang.Module::isNamed (13 bytes)
Event: 3.262 Thread 0x000000005c8da700 nmethod 1203 0x00000000060ba490 code [0x00000000060ba620, 0x00000000060ba780]
Event: 3.264 Thread 0x000000005c8da700 1205   !   3       jdk.internal.loader.URLClassPath$JarLoader::ensureOpen (36 bytes)
Event: 3.265 Thread 0x000000005c8da700 nmethod 1205 0x00000000060ba810 code [0x00000000060baa00, 0x00000000060bae90]
Event: 3.265 Thread 0x000000005c8da700 1206       3       java.net.URL::<init> (8 bytes)
Event: 3.265 Thread 0x000000005c8da700 nmethod 1206 0x00000000060bb010 code [0x00000000060bb1c0, 0x00000000060bb308]
Event: 3.273 Thread 0x000000005c8da700 1207       3       sun.net.util.IPAddressUtil::checkHost (156 bytes)
Event: 3.275 Thread 0x000000005c8da700 nmethod 1207 0x00000000060bb390 code [0x00000000060bb820, 0x00000000060bd470]
Event: 3.275 Thread 0x000000005c8da700 1208       3       sun.net.util.IPAddressUtil::scan (92 bytes)
Event: 3.276 Thread 0x000000005c8da700 nmethod 1208 0x00000000060bdf90 code [0x00000000060be200, 0x00000000060becf8]
Event: 3.322 Thread 0x000000005c86de10 1209       4       java.util.ArrayList::iterator (9 bytes)
Event: 3.323 Thread 0x000000005c86de10 nmethod 1209 0x000000000da16990 code [0x000000000da16b20, 0x000000000da16c28]
Event: 3.324 Thread 0x000000005c86de10 1210       4       java.lang.StringLatin1::toUpperCase (186 bytes)

GC Heap History (2 events):
Event: 3.014 GC heap before
{Heap before GC invocations=1 (full 0):
 PSYoungGen      total 29696K, used 25600K [0x00000000d5580000, 0x00000000d7680000, 0x0000000100000000)
  eden space 25600K, 100% used [0x00000000d5580000,0x00000000d6e80000,0x00000000d6e80000)
  from space 4096K, 0% used [0x00000000d7280000,0x00000000d7280000,0x00000000d7680000)
  to   space 4096K, 0% used [0x00000000d6e80000,0x00000000d6e80000,0x00000000d7280000)
 ParOldGen       total 68608K, used 0K [0x0000000080000000, 0x0000000084300000, 0x00000000d5580000)
  object space 68608K, 0% used [0x0000000080000000,0x0000000080000000,0x0000000084300000)
 Metaspace       used 4322K, committed 4608K, reserved 1114112K
  class space    used 471K, committed 576K, reserved 1048576K
}
Event: 3.022 GC heap after
{Heap after GC invocations=1 (full 0):
 PSYoungGen      total 29696K, used 3360K [0x00000000d5580000, 0x00000000d7680000, 0x0000000100000000)
  eden space 25600K, 0% used [0x00000000d5580000,0x00000000d5580000,0x00000000d6e80000)
  from space 4096K, 82% used [0x00000000d6e80000,0x00000000d71c80b8,0x00000000d7280000)
  to   space 4096K, 0% used [0x00000000d7280000,0x00000000d7280000,0x00000000d7680000)
 ParOldGen       total 68608K, used 16K [0x0000000080000000, 0x0000000084300000, 0x00000000d5580000)
  object space 68608K, 0% used [0x0000000080000000,0x0000000080004000,0x0000000084300000)
 Metaspace       used 4322K, committed 4608K, reserved 1114112K
  class space    used 471K, committed 576K, reserved 1048576K
}

Dll operation events (8 events):
Event: 0.015 Loaded shared library c:\Users\91926\.vscode\extensions\redhat.java-1.45.0-win32-x64\jre\21.0.8-win32-x86_64\bin\java.dll
Event: 0.230 Loaded shared library c:\Users\91926\.vscode\extensions\redhat.java-1.45.0-win32-x64\jre\21.0.8-win32-x86_64\bin\zip.dll
Event: 0.273 Loaded shared library C:\Users\91926\.vscode\extensions\redhat.java-1.45.0-win32-x64\jre\21.0.8-win32-x86_64\bin\instrument.dll
Event: 0.282 Loaded shared library C:\Users\91926\.vscode\extensions\redhat.java-1.45.0-win32-x64\jre\21.0.8-win32-x86_64\bin\net.dll
Event: 0.286 Loaded shared library C:\Users\91926\.vscode\extensions\redhat.java-1.45.0-win32-x64\jre\21.0.8-win32-x86_64\bin\nio.dll
Event: 0.292 Loaded shared library C:\Users\91926\.vscode\extensions\redhat.java-1.45.0-win32-x64\jre\21.0.8-win32-x86_64\bin\zip.dll
Event: 0.363 Loaded shared library C:\Users\91926\.vscode\extensions\redhat.java-1.45.0-win32-x64\jre\21.0.8-win32-x86_64\bin\jimage.dll
Event: 0.548 Loaded shared library c:\Users\91926\.vscode\extensions\redhat.java-1.45.0-win32-x64\jre\21.0.8-win32-x86_64\bin\verify.dll

Deoptimization events (20 events):
Event: 3.116 Thread 0x0000000002cdc540 Uncommon trap: trap_request=0xffffffde fr.pc=0x000000000d9d9894 relative=0x00000000000001d4
Event: 3.116 Thread 0x0000000002cdc540 Uncommon trap: reason=class_check action=maybe_recompile pc=0x000000000d9d9894 method=java.util.Collections$UnmodifiableCollection$1.next()Ljava/lang/Object; @ 4 c2
Event: 3.116 Thread 0x0000000002cdc540 DEOPT PACKING pc=0x000000000d9d9894 sp=0x000000000238edd0
Event: 3.116 Thread 0x0000000002cdc540 DEOPT UNPACKING pc=0x000000000d453aa2 sp=0x000000000238ed80 mode 2
Event: 3.120 Thread 0x0000000002cdc540 Uncommon trap: trap_request=0xffffff45 fr.pc=0x000000000d9fafb8 relative=0x00000000000008d8
Event: 3.120 Thread 0x0000000002cdc540 Uncommon trap: reason=unstable_if action=reinterpret pc=0x000000000d9fafb8 method=java.util.HashMap.hash(Ljava/lang/Object;)I @ 1 c2
Event: 3.120 Thread 0x0000000002cdc540 DEOPT PACKING pc=0x000000000d9fafb8 sp=0x000000000238edb0
Event: 3.120 Thread 0x0000000002cdc540 DEOPT UNPACKING pc=0x000000000d453aa2 sp=0x000000000238ed30 mode 2
Event: 3.121 Thread 0x0000000002cdc540 Uncommon trap: trap_request=0xffffff45 fr.pc=0x000000000da0cbb8 relative=0x0000000000000278
Event: 3.121 Thread 0x0000000002cdc540 Uncommon trap: reason=unstable_if action=reinterpret pc=0x000000000da0cbb8 method=java.util.HashMap.hash(Ljava/lang/Object;)I @ 1 c2
Event: 3.121 Thread 0x0000000002cdc540 DEOPT PACKING pc=0x000000000da0cbb8 sp=0x000000000238ece0
Event: 3.121 Thread 0x0000000002cdc540 DEOPT UNPACKING pc=0x000000000d453aa2 sp=0x000000000238eb78 mode 2
Event: 3.124 Thread 0x0000000002cdc540 Uncommon trap: trap_request=0xffffff45 fr.pc=0x000000000d9fd4e0 relative=0x0000000000000300
Event: 3.124 Thread 0x0000000002cdc540 Uncommon trap: reason=unstable_if action=reinterpret pc=0x000000000d9fd4e0 method=java.util.HashMap.hash(Ljava/lang/Object;)I @ 1 c2
Event: 3.124 Thread 0x0000000002cdc540 DEOPT PACKING pc=0x000000000d9fd4e0 sp=0x000000000238ec80
Event: 3.124 Thread 0x0000000002cdc540 DEOPT UNPACKING pc=0x000000000d453aa2 sp=0x000000000238eb88 mode 2
Event: 3.124 Thread 0x0000000002cdc540 Uncommon trap: trap_request=0xffffff45 fr.pc=0x000000000d9fda50 relative=0x00000000000000b0
Event: 3.124 Thread 0x0000000002cdc540 Uncommon trap: reason=unstable_if action=reinterpret pc=0x000000000d9fda50 method=java.util.HashMap.hash(Ljava/lang/Object;)I @ 1 c2
Event: 3.124 Thread 0x0000000002cdc540 DEOPT PACKING pc=0x000000000d9fda50 sp=0x000000000238ed00
Event: 3.124 Thread 0x0000000002cdc540 DEOPT UNPACKING pc=0x000000000d453aa2 sp=0x000000000238ec98 mode 2

Classes loaded (20 events):
Event: 3.283 Loading class sun/nio/ch/NativeDispatcher
Event: 3.283 Loading class sun/nio/ch/NativeDispatcher done
Event: 3.283 Loading class sun/nio/ch/FileDispatcher done
Event: 3.283 Loading class sun/nio/ch/FileDispatcherImpl done
Event: 3.283 Loading class sun/nio/ch/IOUtil
Event: 3.284 Loading class sun/nio/ch/IOUtil done
Event: 3.321 Loading class sun/nio/ch/NativeThreadSet
Event: 3.321 Loading class sun/nio/ch/NativeThreadSet done
Event: 3.321 Loading class sun/nio/ch/FileLockImpl
Event: 3.321 Loading class java/nio/channels/FileLock
Event: 3.321 Loading class java/nio/channels/FileLock done
Event: 3.321 Loading class sun/nio/ch/FileLockImpl done
Event: 3.321 Loading class sun/nio/ch/NativeThread
Event: 3.321 Loading class sun/nio/ch/NativeThread done
Event: 3.321 Loading class sun/nio/ch/FileLockTable
Event: 3.322 Loading class sun/nio/ch/FileLockTable done
Event: 3.322 Loading class sun/nio/ch/FileKey
Event: 3.322 Loading class sun/nio/ch/FileKey done
Event: 3.323 Loading class sun/nio/ch/FileLockTable$FileLockReference
Event: 3.323 Loading class sun/nio/ch/FileLockTable$FileLockReference done

Classes unloaded (0 events):
No events

Classes redefined (0 events):
No events

Internal exceptions (20 events):
Event: 1.355 Thread 0x0000000002cdc540 Exception <a 'java/lang/ClassNotFoundException'{0x00000000d6466018}: sun/net/www/protocol/c/Handler> (0x00000000d6466018) 
thrown [s\src\hotspot\share\classfile\systemDictionary.cpp, line 312]
Event: 1.450 Thread 0x0000000002cdc540 Exception <a 'java/io/FileNotFoundException'{0x00000000d64c3ab8}> (0x00000000d64c3ab8) 
thrown [s\src\hotspot\share\prims\jni.cpp, line 520]
Event: 1.451 Thread 0x0000000002cdc540 Exception <a 'java/io/FileNotFoundException'{0x00000000d64c4e20}> (0x00000000d64c4e20) 
thrown [s\src\hotspot\share\prims\jni.cpp, line 520]
Event: 1.451 Thread 0x0000000002cdc540 Exception <a 'java/io/FileNotFoundException'{0x00000000d64c5a98}> (0x00000000d64c5a98) 
thrown [s\src\hotspot\share\prims\jni.cpp, line 520]
Event: 1.451 Thread 0x0000000002cdc540 Exception <a 'java/io/FileNotFoundException'{0x00000000d64c65d8}> (0x00000000d64c65d8) 
thrown [s\src\hotspot\share\prims\jni.cpp, line 520]
Event: 1.461 Thread 0x0000000002cdc540 Exception <a 'java/io/FileNotFoundException'{0x00000000d64fea28}> (0x00000000d64fea28) 
thrown [s\src\hotspot\share\prims\jni.cpp, line 520]
Event: 1.477 Thread 0x0000000002cdc540 Exception <a 'java/lang/NoSuchMethodError'{0x00000000d6537188}: 'java.lang.Object java.lang.invoke.DirectMethodHandle$Holder.invokeInterface(java.lang.Object, java.lang.Object)'> (0x00000000d6537188) 
thrown [s\src\hotspot\share\interpreter\linkResolver.cpp, line 773]
Event: 1.483 Thread 0x0000000002cdc540 Exception <a 'java/lang/NoSuchMethodError'{0x00000000d654a790}: 'java.lang.Object java.lang.invoke.Invokers$Holder.invokeExact_MT(java.lang.Object, java.lang.Object, java.lang.Object, java.lang.Object, java.lang.Object, java.lang.Object)'> (0x00000000d654a790) 
thrown [s\src\hotspot\share\interpreter\linkResolver.cpp, line 773]
Event: 1.489 Thread 0x0000000002cdc540 Exception <a 'java/lang/NoSuchMethodError'{0x00000000d65619e8}: 'int java.lang.invoke.DirectMethodHandle$Holder.invokeStatic(java.lang.Object, java.lang.Object, java.lang.Object, java.lang.Object, java.lang.Object)'> (0x00000000d65619e8) 
thrown [s\src\hotspot\share\interpreter\linkResolver.cpp, line 773]
Event: 1.527 Thread 0x0000000002cdc540 Exception <a 'java/lang/NoSuchMethodError'{0x00000000d65f6780}: 'java.lang.Object java.lang.invoke.DirectMethodHandle$Holder.invokeInterface(java.lang.Object, java.lang.Object, int)'> (0x00000000d65f6780) 
thrown [s\src\hotspot\share\interpreter\linkResolver.cpp, line 773]
Event: 1.894 Thread 0x0000000002cdc540 Exception <a 'java/lang/NoSuchMethodError'{0x00000000d6a7ded8}: 'java.lang.ClassLoader java.lang.ClassLoader.getPlatformClassLoader(java.lang.Class)'> (0x00000000d6a7ded8) 
thrown [s\src\hotspot\share\interpreter\linkResolver.cpp, line 773]
Event: 3.029 Thread 0x0000000002cdc540 Exception <a 'java/lang/ClassNotFoundException'{0x00000000d5599e58}: sun/net/www/protocol/c/Handler> (0x00000000d5599e58) 
thrown [s\src\hotspot\share\classfile\systemDictionary.cpp, line 312]
Event: 3.029 Thread 0x0000000002cdc540 Exception <a 'java/lang/ClassNotFoundException'{0x00000000d559b228}: sun/net/www/protocol/c/Handler> (0x00000000d559b228) 
thrown [s\src\hotspot\share\classfile\systemDictionary.cpp, line 312]
Event: 3.030 Thread 0x0000000002cdc540 Exception <a 'java/lang/ClassNotFoundException'{0x00000000d559c460}: sun/net/www/protocol/c/Handler> (0x00000000d559c460) 
thrown [s\src\hotspot\share\classfile\systemDictionary.cpp, line 312]
Event: 3.047 Thread 0x0000000002cdc540 Exception <a 'java/io/FileNotFoundException'{0x00000000d55c4b80}> (0x00000000d55c4b80) 
thrown [s\src\hotspot\share\prims\jni.cpp, line 520]
Event: 3.120 Thread 0x0000000002cdc540 Implicit null exception at 0x000000000d9fa729 to 0x000000000d9fafa0
Event: 3.121 Thread 0x0000000002cdc540 Implicit null exception at 0x000000000da0c99a to 0x000000000da0cba0
Event: 3.122 Thread 0x0000000002cdc540 Exception <a 'java/lang/NoSuchMethodError'{0x00000000d57b1dd8}: 'void java.lang.invoke.DirectMethodHandle$Holder.invokeStatic(java.lang.Object, java.lang.Object, java.lang.Object, java.lang.Object)'> (0x00000000d57b1dd8) 
thrown [s\src\hotspot\share\interpreter\linkResolver.cpp, line 773]
Event: 3.124 Thread 0x0000000002cdc540 Implicit null exception at 0x000000000d9fd23c to 0x000000000d9fd4c8
Event: 3.124 Thread 0x0000000002cdc540 Implicit null exception at 0x000000000d9fd9bd to 0x000000000d9fda41

ZGC Phase Switch (0 events):
No events

VM Operations (20 events):
Event: 0.228 Executing VM operation: HandshakeAllThreads (Deoptimize)
Event: 0.228 Executing VM operation: HandshakeAllThreads (Deoptimize) done
Event: 0.404 Executing VM operation: HandshakeAllThreads (Deoptimize)
Event: 0.404 Executing VM operation: HandshakeAllThreads (Deoptimize) done
Event: 1.300 Executing VM operation: HandshakeAllThreads (Deoptimize)
Event: 1.300 Executing VM operation: HandshakeAllThreads (Deoptimize) done
Event: 1.300 Executing VM operation: Cleanup
Event: 1.300 Executing VM operation: Cleanup done
Event: 1.330 Executing VM operation: HandshakeAllThreads (Deoptimize)
Event: 1.330 Executing VM operation: HandshakeAllThreads (Deoptimize) done
Event: 2.330 Executing VM operation: Cleanup
Event: 2.934 Executing VM operation: Cleanup done
Event: 2.990 Executing VM operation: HandshakeAllThreads (Deoptimize)
Event: 2.990 Executing VM operation: HandshakeAllThreads (Deoptimize) done
Event: 3.014 Executing VM operation: ParallelGCFailedAllocation (Allocation Failure)
Event: 3.022 Executing VM operation: ParallelGCFailedAllocation (Allocation Failure) done
Event: 3.090 Executing VM operation: HandshakeAllThreads (Deoptimize)
Event: 3.090 Executing VM operation: HandshakeAllThreads (Deoptimize) done
Event: 4.104 Executing VM operation: Cleanup
Event: 4.105 Executing VM operation: Cleanup done

Memory protections (0 events):
No events

Nmethod flushes (0 events):
No events

Events (11 events):
Event: 0.040 Thread 0x0000000002cdc540 Thread added: 0x0000000002cdc540
Event: 0.093 Thread 0x0000000002cdc540 Thread added: 0x000000001977de20
Event: 0.094 Thread 0x0000000002cdc540 Thread added: 0x000000005c8657b0
Event: 0.094 Thread 0x0000000002cdc540 Thread added: 0x000000005c868ee0
Event: 0.095 Thread 0x0000000002cdc540 Thread added: 0x000000005c869b30
Event: 0.095 Thread 0x0000000002cdc540 Thread added: 0x000000005c86c590
Event: 0.095 Thread 0x0000000002cdc540 Thread added: 0x000000005c86cfe0
Event: 0.095 Thread 0x0000000002cdc540 Thread added: 0x000000005c86de10
Event: 0.098 Thread 0x0000000002cdc540 Thread added: 0x000000005c8da700
Event: 0.193 Thread 0x0000000002cdc540 Thread added: 0x000000005c95f6a0
Event: 0.876 Thread 0x0000000002cdc540 Thread added: 0x000000005cbb4fb0


Dynamic libraries:
0x00007ff7052c0000 - 0x00007ff7052ce000 	c:\Users\91926\.vscode\extensions\redhat.java-1.45.0-win32-x64\jre\21.0.8-win32-x86_64\bin\java.exe
0x00007fff30da0000 - 0x00007fff31009000 	C:\WINDOWS\SYSTEM32\ntdll.dll
0x00007fff2f930000 - 0x00007fff2f9f9000 	C:\WINDOWS\System32\KERNEL32.DLL
0x00007fff2dfc0000 - 0x00007fff2e3b3000 	C:\WINDOWS\System32\KERNELBASE.dll
0x00007fff2e5f0000 - 0x00007fff2e73b000 	C:\WINDOWS\System32\ucrtbase.dll
0x00007fff255b0000 - 0x00007fff255c8000 	c:\Users\91926\.vscode\extensions\redhat.java-1.45.0-win32-x64\jre\21.0.8-win32-x86_64\bin\jli.dll
0x00007fff2fb30000 - 0x00007fff2fcf4000 	C:\WINDOWS\System32\USER32.dll
0x00007fff2e7e0000 - 0x00007fff2e807000 	C:\WINDOWS\System32\win32u.dll
0x00007fff30c70000 - 0x00007fff30c9b000 	C:\WINDOWS\System32\GDI32.dll
0x00007fff2e810000 - 0x00007fff2e93d000 	C:\WINDOWS\System32\gdi32full.dll
0x00007fff2e540000 - 0x00007fff2e5e3000 	C:\WINDOWS\System32\msvcp_win.dll
0x00007fff18d70000 - 0x00007fff19003000 	C:\WINDOWS\WinSxS\amd64_microsoft.windows.common-controls_6595b64144ccf1df_6.0.26100.5074_none_3e0d6f78e32fd63f\COMCTL32.dll
0x00007fff25590000 - 0x00007fff255ae000 	c:\Users\91926\.vscode\extensions\redhat.java-1.45.0-win32-x64\jre\21.0.8-win32-x86_64\bin\VCRUNTIME140.dll
0x00007fff2ed40000 - 0x00007fff2ede9000 	C:\WINDOWS\System32\msvcrt.dll
0x00007fff2ed00000 - 0x00007fff2ed2f000 	C:\WINDOWS\System32\IMM32.DLL
0x00007fff25560000 - 0x00007fff2556c000 	c:\Users\91926\.vscode\extensions\redhat.java-1.45.0-win32-x64\jre\21.0.8-win32-x86_64\bin\vcruntime140_1.dll
0x00007fff1c770000 - 0x00007fff1c7fd000 	c:\Users\91926\.vscode\extensions\redhat.java-1.45.0-win32-x64\jre\21.0.8-win32-x86_64\bin\msvcp140.dll
0x00007ffea6570000 - 0x00007ffea7307000 	c:\Users\91926\.vscode\extensions\redhat.java-1.45.0-win32-x64\jre\21.0.8-win32-x86_64\bin\server\jvm.dll
0x00007fff30ba0000 - 0x00007fff30c54000 	C:\WINDOWS\System32\ADVAPI32.dll
0x00007fff2fa60000 - 0x00007fff2fb06000 	C:\WINDOWS\System32\sechost.dll
0x00007fff2ebe0000 - 0x00007fff2ecf8000 	C:\WINDOWS\System32\RPCRT4.dll
0x00007fff2f4d0000 - 0x00007fff2f544000 	C:\WINDOWS\System32\WS2_32.dll
0x00007fff2dd90000 - 0x00007fff2ddee000 	C:\WINDOWS\SYSTEM32\POWRPROF.dll
0x00007fff26f90000 - 0x00007fff26f9b000 	C:\WINDOWS\SYSTEM32\VERSION.dll
0x00007fff255f0000 - 0x00007fff25625000 	C:\WINDOWS\SYSTEM32\WINMM.dll
0x00007fff2dd70000 - 0x00007fff2dd84000 	C:\WINDOWS\SYSTEM32\UMPDC.dll
0x00007fff2cd10000 - 0x00007fff2cd2b000 	C:\WINDOWS\SYSTEM32\kernel.appcore.dll
0x00007fff25550000 - 0x00007fff2555a000 	c:\Users\91926\.vscode\extensions\redhat.java-1.45.0-win32-x64\jre\21.0.8-win32-x86_64\bin\jimage.dll
0x00007fff2b900000 - 0x00007fff2bb42000 	C:\WINDOWS\SYSTEM32\DBGHELP.DLL
0x00007fff2fe70000 - 0x00007fff301eb000 	C:\WINDOWS\System32\combase.dll
0x00007fff2fd90000 - 0x00007fff2fe67000 	C:\WINDOWS\System32\OLEAUT32.dll
0x00007fff19600000 - 0x00007fff1963d000 	C:\WINDOWS\SYSTEM32\dbgcore.DLL
0x00007fff2e740000 - 0x00007fff2e7d9000 	C:\WINDOWS\System32\bcryptPrimitives.dll
0x00007fff25250000 - 0x00007fff2525f000 	c:\Users\91926\.vscode\extensions\redhat.java-1.45.0-win32-x64\jre\21.0.8-win32-x86_64\bin\instrument.dll
0x00007fff25530000 - 0x00007fff2554f000 	c:\Users\91926\.vscode\extensions\redhat.java-1.45.0-win32-x64\jre\21.0.8-win32-x86_64\bin\java.dll
0x00007fff301f0000 - 0x00007fff3093d000 	C:\WINDOWS\System32\SHELL32.dll
0x00007fff2ea00000 - 0x00007fff2eb6c000 	C:\WINDOWS\System32\wintypes.dll
0x00007fff2bb80000 - 0x00007fff2c3d9000 	C:\WINDOWS\SYSTEM32\windows.storage.dll
0x00007fff2f550000 - 0x00007fff2f640000 	C:\WINDOWS\System32\SHCORE.dll
0x00007fff2eb70000 - 0x00007fff2ebd2000 	C:\WINDOWS\System32\shlwapi.dll
0x00007fff2de50000 - 0x00007fff2de79000 	C:\WINDOWS\SYSTEM32\profapi.dll
0x00007fff25510000 - 0x00007fff25528000 	c:\Users\91926\.vscode\extensions\redhat.java-1.45.0-win32-x64\jre\21.0.8-win32-x86_64\bin\zip.dll
0x00007fff25260000 - 0x00007fff25270000 	C:\Users\91926\.vscode\extensions\redhat.java-1.45.0-win32-x64\jre\21.0.8-win32-x86_64\bin\net.dll
0x00007fff25390000 - 0x00007fff254af000 	C:\WINDOWS\SYSTEM32\WINHTTP.dll
0x00007fff2d290000 - 0x00007fff2d2fb000 	C:\WINDOWS\system32\mswsock.dll
0x00007fff25160000 - 0x00007fff25176000 	C:\Users\91926\.vscode\extensions\redhat.java-1.45.0-win32-x64\jre\21.0.8-win32-x86_64\bin\nio.dll
0x00007fff22bb0000 - 0x00007fff22bc0000 	c:\Users\91926\.vscode\extensions\redhat.java-1.45.0-win32-x64\jre\21.0.8-win32-x86_64\bin\verify.dll

JVMTI agents:
c:\Users\91926\.vscode\extensions\redhat.java-1.45.0-win32-x64\lombok\lombok-1.18.39-4050.jar path:c:\Users\91926\.vscode\extensions\redhat.java-1.45.0-win32-x64\jre\21.0.8-win32-x86_64\bin\instrument.dll, loaded, initialized, instrumentlib options:none

dbghelp: loaded successfully - version: 4.0.5 - missing functions: none
symbol engine: initialized successfully - sym options: 0x614 - pdb path: .;c:\Users\91926\.vscode\extensions\redhat.java-1.45.0-win32-x64\jre\21.0.8-win32-x86_64\bin;C:\WINDOWS\SYSTEM32;C:\WINDOWS\WinSxS\amd64_microsoft.windows.common-controls_6595b64144ccf1df_6.0.26100.5074_none_3e0d6f78e32fd63f;c:\Users\91926\.vscode\extensions\redhat.java-1.45.0-win32-x64\jre\21.0.8-win32-x86_64\bin\server

VM Arguments:
jvm_args: --add-modules=ALL-SYSTEM --add-opens=java.base/java.util=ALL-UNNAMED --add-opens=java.base/java.lang=ALL-UNNAMED --add-opens=java.base/sun.nio.fs=ALL-UNNAMED -Declipse.application=org.eclipse.jdt.ls.core.id1 -Dosgi.bundles.defaultStartLevel=4 -Declipse.product=org.eclipse.jdt.ls.core.product -Djava.import.generatesMetadataFilesAtProjectRoot=false -DDetectVMInstallationsJob.disabled=true -Dfile.encoding=utf8 -XX:+UseParallelGC -XX:GCTimeRatio=4 -XX:AdaptiveSizePolicyWeight=90 -Dsun.zip.disableMemoryMapping=true -Xmx2G -Xms100m -Xlog:disable -javaagent:c:\Users\91926\.vscode\extensions\redhat.java-1.45.0-win32-x64\lombok\lombok-1.18.39-4050.jar -XX:+HeapDumpOnOutOfMemoryError -XX:HeapDumpPath=c:\Users\91926\AppData\Roaming\Code\User\workspaceStorage\6ebc18211fee6ab9ead269bb8419cef8\redhat.java -Daether.dependencyCollector.impl=bf 
java_command: c:\Users\91926\.vscode\extensions\redhat.java-1.45.0-win32-x64\server\plugins\org.eclipse.equinox.launcher_1.7.0.v20250519-0528.jar -configuration c:\Users\91926\AppData\Roaming\Code\User\globalStorage\redhat.java\1.45.0\config_win -data c:\Users\91926\AppData\Roaming\Code\User\workspaceStorage\6ebc18211fee6ab9ead269bb8419cef8\redhat.java\jdt_ws --pipe=\\.\pipe\lsp-770643b2bd773826f042a8be6bdbbe96-sock
java_class_path (initial): c:\Users\91926\.vscode\extensions\redhat.java-1.45.0-win32-x64\server\plugins\org.eclipse.equinox.launcher_1.7.0.v20250519-0528.jar
Launcher Type: SUN_STANDARD

[Global flags]
    uintx AdaptiveSizePolicyWeight                 = 90                                        {product} {command line}
     intx CICompilerCount                          = 4                                         {product} {ergonomic}
    uintx GCTimeRatio                              = 4                                         {product} {command line}
     bool HeapDumpOnOutOfMemoryError               = true                                   {manageable} {command line}
    ccstr HeapDumpPath                             = c:\Users\91926\AppData\Roaming\Code\User\workspaceStorage\6ebc18211fee6ab9ead269bb8419cef8\redhat.java         {manageable} {command line}
   size_t InitialHeapSize                          = 104857600                                 {product} {command line}
   size_t MaxHeapSize                              = 2147483648                                {product} {command line}
   size_t MaxNewSize                               = 715653120                                 {product} {ergonomic}
   size_t MinHeapDeltaBytes                        = 524288                                    {product} {ergonomic}
   size_t MinHeapSize                              = 104857600                                 {product} {command line}
   size_t NewSize                                  = 34603008                                  {product} {ergonomic}
    uintx NonNMethodCodeHeapSize                   = 5839372                                {pd product} {ergonomic}
    uintx NonProfiledCodeHeapSize                  = 122909434                              {pd product} {ergonomic}
   size_t OldSize                                  = 70254592                                  {product} {ergonomic}
    uintx ProfiledCodeHeapSize                     = 122909434                              {pd product} {ergonomic}
    uintx ReservedCodeCacheSize                    = 251658240                              {pd product} {ergonomic}
     bool SegmentedCodeCache                       = true                                      {product} {ergonomic}
   size_t SoftMaxHeapSize                          = 2147483648                             {manageable} {ergonomic}
     bool UseCompressedOops                        = true                           {product lp64_product} {ergonomic}
     bool UseLargePagesIndividualAllocation        = false                                  {pd product} {ergonomic}
     bool UseParallelGC                            = true                                      {product} {command line}

Logging:
Log output configuration:
 #0: stdout all=off uptime,level,tags foldmultilines=false
 #1: stderr all=off uptime,level,tags foldmultilines=false

Environment Variables:
JAVA_HOME=C:\Program Files\Java\jdk-19
PATH=C:\Program Files (x86)\Common Files\Oracle\Java\java8path;C:\Program Files (x86)\Common Files\Oracle\Java\javapath;C:\Program Files\Eclipse Adoptium\jdk-17.0.16.8-hotspot\bin;C:\MinGW\msys\1.0\bin;C:\MinGW\bin;C:\Program Files\nodejs;D:\Program-Files\;D:\Program-Files;C:\Users\91926\AppData\Roaming\npm;C:\Program Files\Git\cmd;C:\Program Files\MongoDB\Server\7.0\bin;C:\Users\91926\AppData\Local\Programs\mongosh;C:\Users\91926\AppData\Local;C:\Users\91926\;C:\Users\91926\jdk-17\bin;;%SystemRoot%\system32;%SystemRoot%;%SystemRoot%\System32\Wbem;%SYSTEMROOT%\System32\WindowsPowerShell\v1.0\;%SYSTEMROOT%\System32\OpenSSH\;C:\Users\91926\AppData\Local\Programs\Python\Python313\Scripts\;C:\Users\91926\AppData\Local\Programs\Python\Python313\;C:\MinGW\bin;C:\MinGW\msys\1.0\bin;C:\Users\91926\AppData\Roaming\npm;C:\Users\91926\AppData\Local\Programs\Microsoft VS Code\bin;D:\Program-Files;C:\Program Files\MongoDB\Server\7.0\bin;C:\Users\91926\AppData\Local\Programs\mongosh;C:\Users\91926\AppData\Local\Programs\mongosh\;C:\Users\91926\AppData\Local;C:\Users\91926\AppData\Local\GitHubDesktop\bin;C:\Users\91926\jdk-17\bin;;%USERPROFILE%\AppData\Local\Microsoft\WindowsApps
USERNAME=91926
OS=Windows_NT
PROCESSOR_IDENTIFIER=AMD64 Family 23 Model 104 Stepping 1, AuthenticAMD
TMP=C:\Users\91926\AppData\Local\Temp
TEMP=C:\Users\91926\AppData\Local\Temp




Periodic native trim disabled

---------------  S Y S T E M  ---------------

OS:
 Windows 11 , 64 bit Build 26100 (10.0.26100.5074)
OS uptime: 0 days 6:46 hours
Hyper-V role detected

CPU: total 12 (initial active 12) (12 cores per cpu, 2 threads per core) family 23 model 104 stepping 1 microcode 0x8608103, cx8, cmov, fxsr, ht, mmx, 3dnowpref, sse, sse2, sse3, ssse3, sse4a, sse4.1, sse4.2, popcnt, lzcnt, tsc, tscinvbit, avx, avx2, aes, clmul, bmi1, bmi2, adx, sha, fma, vzeroupper, clflush, clflushopt, hv, rdtscp, rdpid, f16c
Processor Information for processor 0
  Max Mhz: 2100, Current Mhz: 2100, Mhz Limit: 2100
Processor Information for processor 1
  Max Mhz: 2100, Current Mhz: 1813, Mhz Limit: 2100
Processor Information for processor 2
  Max Mhz: 2100, Current Mhz: 2100, Mhz Limit: 2100
Processor Information for processor 3
  Max Mhz: 2100, Current Mhz: 1813, Mhz Limit: 2100
Processor Information for processor 4
  Max Mhz: 2100, Current Mhz: 2100, Mhz Limit: 2100
Processor Information for processor 5
  Max Mhz: 2100, Current Mhz: 1813, Mhz Limit: 2100
Processor Information for processor 6
  Max Mhz: 2100, Current Mhz: 2100, Mhz Limit: 2100
Processor Information for processor 7
  Max Mhz: 2100, Current Mhz: 1813, Mhz Limit: 2100
Processor Information for processor 8
  Max Mhz: 2100, Current Mhz: 2100, Mhz Limit: 2100
Processor Information for processor 9
  Max Mhz: 2100, Current Mhz: 2100, Mhz Limit: 2100
Processor Information for processor 10
  Max Mhz: 2100, Current Mhz: 2100, Mhz Limit: 2100
Processor Information for processor 11
  Max Mhz: 2100, Current Mhz: 1813, Mhz Limit: 2100

Memory: 4k page, system-wide physical 5989M (231M free)
TotalPageFile size 24421M (AvailPageFile size 5M)
current process WorkingSet (physical memory assigned to process): 77M, peak: 81M
current process commit charge ("private bytes"): 242M, peak: 242M

vm_info: OpenJDK 64-Bit Server VM (21.0.8+9-LTS) for windows-amd64 JRE (21.0.8+9-LTS), built on 2025-07-15T00:00:00Z by "admin" with MS VC++ 17.7 (VS2022)

END.
