#
# There is insufficient memory for the Java Runtime Environment to continue.
# Native memory allocation (malloc) failed to allocate 32744 bytes. Error detail: Chunk::new
# Possible reasons:
#   The system is out of physical RAM or swap space
#   This process is running with CompressedOops enabled, and the Java Heap may be blocking the growth of the native heap
# Possible solutions:
#   Reduce memory load on the system
#   Increase physical memory or swap space
#   Check if swap backing store is full
#   Decrease Java heap size (-Xmx/-Xms)
#   Decrease number of Java threads
#   Decrease Java thread stack sizes (-Xss)
#   Set larger code cache with -XX:ReservedCodeCacheSize=
#   JVM is running with Unscaled Compressed Oops mode in which the Java heap is
#     placed in the first 4GB address space. The Java Heap base address is the
#     maximum limit for the native heap growth. Please use -XX:HeapBaseMinAddress
#     to set the Java Heap base and to place the Java Heap above 4GB virtual address.
# This output file may be truncated or incomplete.
#
#  Out of Memory Error (arena.cpp:168), pid=28168, tid=9060
#
# JRE version: OpenJDK Runtime Environment Temurin-21.0.8+9 (21.0.8+9) (build 21.0.8+9-LTS)
# Java VM: OpenJDK 64-Bit Server VM Temurin-21.0.8+9 (21.0.8+9-LTS, mixed mode, sharing, tiered, compressed oops, compressed class ptrs, parallel gc, windows-amd64)
# No core dump will be written. Minidumps are not enabled by default on client versions of Windows
#

---------------  S U M M A R Y ------------

Command Line: --add-modules=ALL-SYSTEM --add-opens=java.base/java.util=ALL-UNNAMED --add-opens=java.base/java.lang=ALL-UNNAMED --add-opens=java.base/sun.nio.fs=ALL-UNNAMED -Declipse.application=org.eclipse.jdt.ls.core.id1 -Dosgi.bundles.defaultStartLevel=4 -Declipse.product=org.eclipse.jdt.ls.core.product -Djava.import.generatesMetadataFilesAtProjectRoot=false -DDetectVMInstallationsJob.disabled=true -Dfile.encoding=utf8 -XX:+UseParallelGC -XX:GCTimeRatio=4 -XX:AdaptiveSizePolicyWeight=90 -Dsun.zip.disableMemoryMapping=true -Xmx2G -Xms100m -Xlog:disable -javaagent:c:\Users\91926\.vscode\extensions\redhat.java-1.45.0-win32-x64\lombok\lombok-1.18.39-4050.jar -XX:+HeapDumpOnOutOfMemoryError -XX:HeapDumpPath=c:\Users\91926\AppData\Roaming\Code\User\workspaceStorage\6ebc18211fee6ab9ead269bb8419cef8\redhat.java -Daether.dependencyCollector.impl=bf c:\Users\91926\.vscode\extensions\redhat.java-1.45.0-win32-x64\server\plugins\org.eclipse.equinox.launcher_1.7.0.v20250519-0528.jar -configuration c:\Users\91926\AppData\Roaming\Code\User\globalStorage\redhat.java\1.45.0\config_win -data c:\Users\91926\AppData\Roaming\Code\User\workspaceStorage\6ebc18211fee6ab9ead269bb8419cef8\redhat.java\jdt_ws --pipe=\\.\pipe\lsp-7ef8267b4ad475d0166038457f3e622f-sock

Host: AMD Ryzen 5 5500U with Radeon Graphics         , 12 cores, 5G,  Windows 11 , 64 bit Build 22621 (10.0.22621.5415)
Time: Fri Sep  5 16:51:53 2025 India Standard Time elapsed time: 6.228989 seconds (0d 0h 0m 6s)

---------------  T H R E A D  ---------------

Current thread (0x000000005c9d0320):  JavaThread "C1 CompilerThread0" daemon [_thread_in_native, id=9060, stack(0x0000000061500000,0x0000000061600000) (1024K)]


Current CompileTask:
C1:6229 1771       3       java.net.URL::<init> (438 bytes)

Stack: [0x0000000061500000,0x0000000061600000]
Native frames: (J=compiled Java code, j=interpreted, Vv=VM code, C=native code)
V  [jvm.dll+0x6d2449]
V  [jvm.dll+0x8ae341]
V  [jvm.dll+0x8b08be]
V  [jvm.dll+0x8b0fa3]
V  [jvm.dll+0x280c96]
V  [jvm.dll+0xc581d]
V  [jvm.dll+0xc5d53]
V  [jvm.dll+0x190ba5]
V  [jvm.dll+0x17dc0e]
V  [jvm.dll+0x16bd80]
V  [jvm.dll+0x154b67]
V  [jvm.dll+0x154438]
V  [jvm.dll+0x154684]
V  [jvm.dll+0x153ab6]
V  [jvm.dll+0x15588d]
V  [jvm.dll+0x257d4d]
V  [jvm.dll+0x2562ea]
V  [jvm.dll+0x3f2d16]
V  [jvm.dll+0x857e6b]
V  [jvm.dll+0x6d0b0d]
C  [ucrtbase.dll+0x29333]
C  [KERNEL32.DLL+0x1259d]
C  [ntdll.dll+0x5af78]


---------------  P R O C E S S  ---------------

Threads class SMR info:
_java_thread_list=0x00000000622d2080, length=12, elements={
0x0000000002c3f550, 0x00000000196de070, 0x000000005c9919e0, 0x000000005c993830,
0x000000005c994870, 0x000000005c995d80, 0x000000005c9a67e0, 0x000000005c9c9800,
0x000000005c9d0320, 0x0000000002ca7cf0, 0x000000005cd064d0, 0x00000000622e83c0
}

Java Threads: ( => current thread )
  0x0000000002c3f550 JavaThread "main"                              [_thread_in_native, id=26424, stack(0x0000000000a20000,0x0000000000b20000) (1024K)]
  0x00000000196de070 JavaThread "Reference Handler"          daemon [_thread_blocked, id=28476, stack(0x000000005cd90000,0x000000005ce90000) (1024K)]
  0x000000005c9919e0 JavaThread "Finalizer"                  daemon [_thread_blocked, id=4256, stack(0x000000005ce90000,0x000000005cf90000) (1024K)]
  0x000000005c993830 JavaThread "Signal Dispatcher"          daemon [_thread_blocked, id=21328, stack(0x0000000061000000,0x0000000061100000) (1024K)]
  0x000000005c994870 JavaThread "Attach Listener"            daemon [_thread_blocked, id=9112, stack(0x0000000061100000,0x0000000061200000) (1024K)]
  0x000000005c995d80 JavaThread "Service Thread"             daemon [_thread_blocked, id=7432, stack(0x0000000061200000,0x0000000061300000) (1024K)]
  0x000000005c9a67e0 JavaThread "Monitor Deflation Thread"   daemon [_thread_blocked, id=24688, stack(0x0000000061300000,0x0000000061400000) (1024K)]
  0x000000005c9c9800 JavaThread "C2 CompilerThread0"         daemon [_thread_blocked, id=27736, stack(0x0000000061400000,0x0000000061500000) (1024K)]
=>0x000000005c9d0320 JavaThread "C1 CompilerThread0"         daemon [_thread_in_native, id=9060, stack(0x0000000061500000,0x0000000061600000) (1024K)]
  0x0000000002ca7cf0 JavaThread "Common-Cleaner"             daemon [_thread_blocked, id=11440, stack(0x0000000061600000,0x0000000061700000) (1024K)]
  0x000000005cd064d0 JavaThread "Notification Thread"        daemon [_thread_blocked, id=26896, stack(0x0000000062000000,0x0000000062100000) (1024K)]
  0x00000000622e83c0 JavaThread "Active Thread: Equinox Container: 68915483-9a79-4dbd-b0e8-8914234a02c4"        [_thread_blocked, id=18912, stack(0x0000000061700000,0x0000000061800000) (1024K)]
Total: 12

Other Threads:
  0x0000000002cfeb60 VMThread "VM Thread"                           [id=3304, stack(0x000000005c890000,0x000000005c990000) (1024K)]
  0x00000000195bca00 WatcherThread "VM Periodic Task Thread"        [id=11124, stack(0x00000000196e0000,0x00000000197e0000) (1024K)]
  0x0000000002c5c5b0 WorkerThread "GC Thread#0"                     [id=26848, stack(0x0000000002a00000,0x0000000002b00000) (1024K)]
  0x0000000061e3a490 WorkerThread "GC Thread#1"                     [id=26536, stack(0x0000000063220000,0x0000000063320000) (1024K)]
  0x0000000061f8a360 WorkerThread "GC Thread#2"                     [id=26496, stack(0x0000000063320000,0x0000000063420000) (1024K)]
  0x0000000061f8a700 WorkerThread "GC Thread#3"                     [id=27432, stack(0x0000000063420000,0x0000000063520000) (1024K)]
  0x0000000061f8aaa0 WorkerThread "GC Thread#4"                     [id=21612, stack(0x0000000063520000,0x0000000063620000) (1024K)]
  0x00000000619a41b0 WorkerThread "GC Thread#5"                     [id=27636, stack(0x0000000063620000,0x0000000063720000) (1024K)]
  0x00000000619a4550 WorkerThread "GC Thread#6"                     [id=20368, stack(0x0000000063720000,0x0000000063820000) (1024K)]
Total: 9

Threads with active compile tasks:
C1 CompilerThread0  6261 1771       3       java.net.URL::<init> (438 bytes)
Total: 1

VM state: not at safepoint (normal execution)

VM Mutex/Monitor currently owned by a thread: None

Heap address: 0x0000000080000000, size: 2048 MB, Compressed Oops mode: 32-bit

CDS archive(s) mapped at: [0x000000001a000000-0x000000001aba0000-0x000000001aba0000), size 12189696, SharedBaseAddress: 0x000000001a000000, ArchiveRelocationMode: 1.
Compressed class space mapped at: 0x000000001b000000-0x000000005b000000, reserved size: 1073741824
Narrow klass base: 0x000000001a000000, Narrow klass shift: 0, Narrow klass range: 0x100000000

GC Precious Log:
 CardTable entry size: 512
 CPUs: 12 total, 12 available
 Memory: 5989M
 Large Page Support: Disabled
 NUMA Support: Disabled
 Compressed Oops: Enabled (32-bit)
 Alignments: Space 512K, Generation 512K, Heap 2M
 Heap Min Capacity: 100M
 Heap Initial Capacity: 100M
 Heap Max Capacity: 2G
 Pre-touch: Disabled
 Parallel Workers: 10

Heap:
 PSYoungGen      total 29696K, used 28557K [0x00000000d5580000, 0x00000000d7680000, 0x0000000100000000)
  eden space 25600K, 98% used [0x00000000d5580000,0x00000000d6e257f8,0x00000000d6e80000)
  from space 4096K, 81% used [0x00000000d6e80000,0x00000000d71bde08,0x00000000d7280000)
  to   space 4096K, 0% used [0x00000000d7280000,0x00000000d7280000,0x00000000d7680000)
 ParOldGen       total 68608K, used 16K [0x0000000080000000, 0x0000000084300000, 0x00000000d5580000)
  object space 68608K, 0% used [0x0000000080000000,0x0000000080004000,0x0000000084300000)
 Metaspace       used 7929K, committed 8192K, reserved 1114112K
  class space    used 829K, committed 960K, reserved 1048576K

Card table byte_map: [0x00000000025f0000,0x0000000002a00000] _byte_map_base: 0x00000000021f0000

Marking Bits: (ParMarkBitMap*) 0x00007ffe34dea340
 Begin Bits: [0x00000000150e0000, 0x00000000170e0000)
 End Bits:   [0x00000000170e0000, 0x00000000190e0000)

Polling page: 0x0000000000b20000

Metaspace:

Usage:
  Non-class:      6.93 MB used.
      Class:    829.95 KB used.
       Both:      7.74 MB used.

Virtual space:
  Non-class space:       64.00 MB reserved,       7.06 MB ( 11%) committed,  1 nodes.
      Class space:        1.00 GB reserved,     960.00 KB ( <1%) committed,  1 nodes.
             Both:        1.06 GB reserved,       8.00 MB ( <1%) committed. 

Chunk freelists:
   Non-Class:  8.84 MB
       Class:  14.91 MB
        Both:  23.75 MB

MaxMetaspaceSize: unlimited
CompressedClassSpaceSize: 1.00 GB
Initial GC threshold: 21.00 MB
Current GC threshold: 21.00 MB
CDS: on
 - commit_granule_bytes: 65536.
 - commit_granule_words: 8192.
 - virtual_space_node_default_size: 8388608.
 - enlarge_chunks_in_place: 1.
 - use_allocation_guard: 0.


Internal statistics:

num_allocs_failed_limit: 0.
num_arena_births: 228.
num_arena_deaths: 0.
num_vsnodes_births: 2.
num_vsnodes_deaths: 0.
num_space_committed: 128.
num_space_uncommitted: 0.
num_chunks_returned_to_freelist: 0.
num_chunks_taken_from_freelist: 418.
num_chunk_merges: 0.
num_chunk_splits: 267.
num_chunks_enlarged: 180.
num_inconsistent_stats: 0.

CodeHeap 'non-profiled nmethods': size=120000Kb used=776Kb max_used=776Kb free=119223Kb
 bounds [0x000000000d900000, 0x000000000db70000, 0x0000000014e30000]
CodeHeap 'profiled nmethods': size=120000Kb used=3175Kb max_used=3175Kb free=116824Kb
 bounds [0x0000000005e30000, 0x0000000006150000, 0x000000000d360000]
CodeHeap 'non-nmethods': size=5760Kb used=1215Kb max_used=1235Kb free=4544Kb
 bounds [0x000000000d360000, 0x000000000d5d0000, 0x000000000d900000]
CodeCache: size=245760Kb, used=5166Kb, max_used=5186Kb, free=240591Kb
 total_blobs=2252, nmethods=1769, adapters=390, full_count=0
Compilation: enabled, stopped_count=0, restarted_count=0

Compilation events (20 events):
Event: 5.104 Thread 0x000000005c9d0320 1763       3       java.io.File::isAbsolute (8 bytes)
Event: 5.104 Thread 0x000000005c9d0320 nmethod 1763 0x0000000006146590 code [0x0000000006146740, 0x0000000006146890]
Event: 5.104 Thread 0x000000005c9d0320 1764       3       java.io.WinNTFileSystem::isAbsolute (36 bytes)
Event: 5.105 Thread 0x000000005c9d0320 nmethod 1764 0x0000000006146910 code [0x0000000006146b20, 0x00000000061471b0]
Event: 5.106 Thread 0x000000005c9d0320 1765       3       java.lang.ThreadLocal::get (35 bytes)
Event: 5.107 Thread 0x000000005c9d0320 nmethod 1765 0x0000000006147490 code [0x0000000006147660, 0x0000000006147968]
Event: 5.169 Thread 0x000000005c9c9800 nmethod 1759 0x000000000d9bb910 code [0x000000000d9bbc80, 0x000000000d9bd6f8]
Event: 5.170 Thread 0x000000005c9c9800 1766       4       java.io.WinNTFileSystem::normalize (224 bytes)
Event: 5.233 Thread 0x000000005c9c9800 nmethod 1766 0x000000000d9be910 code [0x000000000d9bec40, 0x000000000d9c0558]
Event: 5.234 Thread 0x000000005c9c9800 1760       4       sun.nio.fs.WindowsPathParser::isSlash (18 bytes)
Event: 5.234 Thread 0x000000005c9c9800 nmethod 1760 0x000000000d9c1710 code [0x000000000d9c18a0, 0x000000000d9c1930]
Event: 5.640 Thread 0x000000005c9c9800 1767       4       java.lang.StringBuilder::toString (9 bytes)
Event: 5.649 Thread 0x000000005c9c9800 nmethod 1767 0x000000000d9c1a10 code [0x000000000d9c1bc0, 0x000000000d9c20d0]
Event: 5.680 Thread 0x000000005c9d0320 1768       3       sun.net.util.IPAddressUtil::checkUserInfo (44 bytes)
Event: 5.682 Thread 0x000000005c9d0320 nmethod 1768 0x0000000006147b10 code [0x0000000006147da0, 0x00000000061487e8]
Event: 5.682 Thread 0x000000005c9d0320 1769       3       sun.net.util.IPAddressUtil::scan (62 bytes)
Event: 5.683 Thread 0x000000005c9d0320 nmethod 1769 0x0000000006148c90 code [0x0000000006148ee0, 0x00000000061497a0]
Event: 5.713 Thread 0x000000005c9d0320 1770       3       java.util.Collections::emptyIterator (4 bytes)
Event: 5.713 Thread 0x000000005c9d0320 nmethod 1770 0x0000000006149b90 code [0x0000000006149d20, 0x0000000006149e18]
Event: 6.224 Thread 0x000000005c9d0320 1771       3       java.net.URL::<init> (438 bytes)

GC Heap History (2 events):
Event: 1.224 GC heap before
{Heap before GC invocations=1 (full 0):
 PSYoungGen      total 29696K, used 25600K [0x00000000d5580000, 0x00000000d7680000, 0x0000000100000000)
  eden space 25600K, 100% used [0x00000000d5580000,0x00000000d6e80000,0x00000000d6e80000)
  from space 4096K, 0% used [0x00000000d7280000,0x00000000d7280000,0x00000000d7680000)
  to   space 4096K, 0% used [0x00000000d6e80000,0x00000000d6e80000,0x00000000d7280000)
 ParOldGen       total 68608K, used 0K [0x0000000080000000, 0x0000000084300000, 0x00000000d5580000)
  object space 68608K, 0% used [0x0000000080000000,0x0000000080000000,0x0000000084300000)
 Metaspace       used 4301K, committed 4544K, reserved 1114112K
  class space    used 470K, committed 576K, reserved 1048576K
}
Event: 1.233 GC heap after
{Heap after GC invocations=1 (full 0):
 PSYoungGen      total 29696K, used 3319K [0x00000000d5580000, 0x00000000d7680000, 0x0000000100000000)
  eden space 25600K, 0% used [0x00000000d5580000,0x00000000d5580000,0x00000000d6e80000)
  from space 4096K, 81% used [0x00000000d6e80000,0x00000000d71bde08,0x00000000d7280000)
  to   space 4096K, 0% used [0x00000000d7280000,0x00000000d7280000,0x00000000d7680000)
 ParOldGen       total 68608K, used 16K [0x0000000080000000, 0x0000000084300000, 0x00000000d5580000)
  object space 68608K, 0% used [0x0000000080000000,0x0000000080004000,0x0000000084300000)
 Metaspace       used 4301K, committed 4544K, reserved 1114112K
  class space    used 470K, committed 576K, reserved 1048576K
}

Dll operation events (8 events):
Event: 0.058 Loaded shared library c:\Users\91926\.vscode\extensions\redhat.java-1.45.0-win32-x64\jre\21.0.8-win32-x86_64\bin\java.dll
Event: 0.162 Loaded shared library c:\Users\91926\.vscode\extensions\redhat.java-1.45.0-win32-x64\jre\21.0.8-win32-x86_64\bin\zip.dll
Event: 0.197 Loaded shared library C:\Users\91926\.vscode\extensions\redhat.java-1.45.0-win32-x64\jre\21.0.8-win32-x86_64\bin\instrument.dll
Event: 0.205 Loaded shared library C:\Users\91926\.vscode\extensions\redhat.java-1.45.0-win32-x64\jre\21.0.8-win32-x86_64\bin\net.dll
Event: 0.210 Loaded shared library C:\Users\91926\.vscode\extensions\redhat.java-1.45.0-win32-x64\jre\21.0.8-win32-x86_64\bin\nio.dll
Event: 0.215 Loaded shared library C:\Users\91926\.vscode\extensions\redhat.java-1.45.0-win32-x64\jre\21.0.8-win32-x86_64\bin\zip.dll
Event: 0.243 Loaded shared library C:\Users\91926\.vscode\extensions\redhat.java-1.45.0-win32-x64\jre\21.0.8-win32-x86_64\bin\jimage.dll
Event: 0.358 Loaded shared library c:\Users\91926\.vscode\extensions\redhat.java-1.45.0-win32-x64\jre\21.0.8-win32-x86_64\bin\verify.dll

Deoptimization events (20 events):
Event: 3.135 Thread 0x0000000002c3f550 DEOPT PACKING pc=0x000000000d983afc sp=0x0000000000b1e6e0
Event: 3.135 Thread 0x0000000002c3f550 DEOPT UNPACKING pc=0x000000000d3b3aa2 sp=0x0000000000b1e608 mode 2
Event: 3.157 Thread 0x0000000002c3f550 Uncommon trap: trap_request=0xffffffde fr.pc=0x000000000d983afc relative=0x000000000000093c
Event: 3.157 Thread 0x0000000002c3f550 Uncommon trap: reason=class_check action=maybe_recompile pc=0x000000000d983afc method=java.util.HashMap.putVal(ILjava/lang/Object;Ljava/lang/Object;ZZ)Ljava/lang/Object; @ 253 c2
Event: 3.157 Thread 0x0000000002c3f550 DEOPT PACKING pc=0x000000000d983afc sp=0x0000000000b1e750
Event: 3.157 Thread 0x0000000002c3f550 DEOPT UNPACKING pc=0x000000000d3b3aa2 sp=0x0000000000b1e678 mode 2
Event: 3.157 Thread 0x0000000002c3f550 Uncommon trap: trap_request=0xffffffde fr.pc=0x000000000d9101fc relative=0x00000000000008bc
Event: 3.157 Thread 0x0000000002c3f550 Uncommon trap: reason=class_check action=maybe_recompile pc=0x000000000d9101fc method=java.util.HashMap.putVal(ILjava/lang/Object;Ljava/lang/Object;ZZ)Ljava/lang/Object; @ 253 c2
Event: 3.157 Thread 0x0000000002c3f550 DEOPT PACKING pc=0x000000000d9101fc sp=0x0000000000b1e6b0
Event: 3.157 Thread 0x0000000002c3f550 DEOPT UNPACKING pc=0x000000000d3b3aa2 sp=0x0000000000b1e670 mode 2
Event: 3.208 Thread 0x0000000002c3f550 Uncommon trap: trap_request=0xffffff45 fr.pc=0x000000000d9a00dc relative=0x00000000000000bc
Event: 3.208 Thread 0x0000000002c3f550 Uncommon trap: reason=unstable_if action=reinterpret pc=0x000000000d9a00dc method=java.util.LinkedHashMap.afterNodeAccess(Ljava/util/HashMap$Node;)V @ 19 c2
Event: 3.208 Thread 0x0000000002c3f550 DEOPT PACKING pc=0x000000000d9a00dc sp=0x0000000000b1d220
Event: 3.208 Thread 0x0000000002c3f550 DEOPT UNPACKING pc=0x000000000d3b3aa2 sp=0x0000000000b1d188 mode 2
Event: 3.209 Thread 0x0000000002c3f550 DEOPT PACKING pc=0x0000000005f2ce86 sp=0x0000000000b1c7b0
Event: 3.209 Thread 0x0000000002c3f550 DEOPT UNPACKING pc=0x000000000d3b4242 sp=0x0000000000b1bc30 mode 0
Event: 3.212 Thread 0x0000000002c3f550 DEOPT PACKING pc=0x0000000005f2ce86 sp=0x0000000000b1ca00
Event: 3.212 Thread 0x0000000002c3f550 DEOPT UNPACKING pc=0x000000000d3b4242 sp=0x0000000000b1be80 mode 0
Event: 5.112 Thread 0x0000000002c3f550 DEOPT PACKING pc=0x0000000005ee72b9 sp=0x0000000000b1ee10
Event: 5.112 Thread 0x0000000002c3f550 DEOPT UNPACKING pc=0x000000000d3b4242 sp=0x0000000000b1e310 mode 0

Classes loaded (20 events):
Event: 3.203 Loading class java/security/KeyStoreException
Event: 3.203 Loading class java/security/KeyStoreException done
Event: 3.235 Loading class java/util/LinkedList$Node
Event: 3.235 Loading class java/util/LinkedList$Node done
Event: 3.235 Loading class java/util/LinkedList$ListItr
Event: 3.235 Loading class java/util/LinkedList$ListItr done
Event: 3.237 Loading class java/lang/Thread$Builder$OfPlatform
Event: 3.237 Loading class java/lang/Thread$Builder
Event: 3.237 Loading class java/lang/Thread$Builder done
Event: 3.237 Loading class java/lang/Thread$Builder$OfPlatform done
Event: 3.237 Loading class java/lang/Thread$Builder$OfVirtual
Event: 3.237 Loading class java/lang/Thread$Builder$OfVirtual done
Event: 3.249 Loading class sun/nio/fs/WindowsChannelFactory
Event: 3.250 Loading class sun/nio/fs/WindowsChannelFactory done
Event: 3.250 Loading class sun/nio/fs/WindowsChannelFactory$1
Event: 3.250 Loading class sun/nio/fs/WindowsChannelFactory$1 done
Event: 3.250 Loading class sun/nio/fs/WindowsChannelFactory$Flags
Event: 3.250 Loading class sun/nio/fs/WindowsChannelFactory$Flags done
Event: 3.250 Loading class sun/nio/ch/FileChannelImpl$Closer
Event: 3.250 Loading class sun/nio/ch/FileChannelImpl$Closer done

Classes unloaded (0 events):
No events

Classes redefined (0 events):
No events

Internal exceptions (20 events):
Event: 0.945 Thread 0x0000000002c3f550 Exception <a 'java/lang/NoSuchMethodError'{0x00000000d65fc1f8}: 'java.lang.Object java.lang.invoke.DirectMethodHandle$Holder.invokeInterface(java.lang.Object, java.lang.Object, int)'> (0x00000000d65fc1f8) 
thrown [s\src\hotspot\share\interpreter\linkResolver.cpp, line 773]
Event: 1.120 Thread 0x0000000002c3f550 Exception <a 'java/lang/NoSuchMethodError'{0x00000000d6a84f08}: 'java.lang.ClassLoader java.lang.ClassLoader.getPlatformClassLoader(java.lang.Class)'> (0x00000000d6a84f08) 
thrown [s\src\hotspot\share\interpreter\linkResolver.cpp, line 773]
Event: 1.239 Thread 0x0000000002c3f550 Exception <a 'java/lang/ClassNotFoundException'{0x00000000d55a0db0}: sun/net/www/protocol/c/Handler> (0x00000000d55a0db0) 
thrown [s\src\hotspot\share\classfile\systemDictionary.cpp, line 312]
Event: 1.239 Thread 0x0000000002c3f550 Exception <a 'java/lang/ClassNotFoundException'{0x00000000d55a2180}: sun/net/www/protocol/c/Handler> (0x00000000d55a2180) 
thrown [s\src\hotspot\share\classfile\systemDictionary.cpp, line 312]
Event: 1.239 Thread 0x0000000002c3f550 Exception <a 'java/lang/ClassNotFoundException'{0x00000000d55a33b8}: sun/net/www/protocol/c/Handler> (0x00000000d55a33b8) 
thrown [s\src\hotspot\share\classfile\systemDictionary.cpp, line 312]
Event: 1.247 Thread 0x0000000002c3f550 Exception <a 'java/io/FileNotFoundException'{0x00000000d55cbad8}> (0x00000000d55cbad8) 
thrown [s\src\hotspot\share\prims\jni.cpp, line 520]
Event: 1.288 Thread 0x0000000002c3f550 Implicit null exception at 0x000000000d9565a9 to 0x000000000d956e1c
Event: 1.289 Thread 0x0000000002c3f550 Implicit null exception at 0x000000000d95c79a to 0x000000000d95c9a4
Event: 1.289 Thread 0x0000000002c3f550 Exception <a 'java/lang/NoSuchMethodError'{0x00000000d57b7a90}: 'void java.lang.invoke.DirectMethodHandle$Holder.invokeStatic(java.lang.Object, java.lang.Object, java.lang.Object, java.lang.Object)'> (0x00000000d57b7a90) 
thrown [s\src\hotspot\share\interpreter\linkResolver.cpp, line 773]
Event: 1.290 Thread 0x0000000002c3f550 Implicit null exception at 0x000000000d95e89a to 0x000000000d95eaa4
Event: 1.291 Thread 0x0000000002c3f550 Implicit null exception at 0x000000000d957f3d to 0x000000000d957fc1
Event: 1.722 Thread 0x0000000002c3f550 Exception <a 'java/lang/NoSuchMethodError'{0x00000000d5a4e2c0}: 'void java.lang.invoke.DirectMethodHandle$Holder.invokeSpecial(java.lang.Object, java.lang.Object, java.lang.Object)'> (0x00000000d5a4e2c0) 
thrown [s\src\hotspot\share\interpreter\linkResolver.cpp, line 773]
Event: 2.522 Thread 0x0000000002c3f550 Exception <a 'java/lang/NoSuchMethodError'{0x00000000d6453be0}: 'int java.lang.invoke.DirectMethodHandle$Holder.invokeVirtual(java.lang.Object, java.lang.Object)'> (0x00000000d6453be0) 
thrown [s\src\hotspot\share\interpreter\linkResolver.cpp, line 773]
Event: 3.050 Thread 0x0000000002c3f550 Exception <a 'java/lang/NoSuchMethodError'{0x00000000d65da098}: 'int java.lang.invoke.DirectMethodHandle$Holder.invokeStaticInit(java.lang.Object, java.lang.Object, java.lang.Object, java.lang.Object)'> (0x00000000d65da098) 
thrown [s\src\hotspot\share\interpreter\linkResolver.cpp, line 773]
Event: 3.052 Thread 0x0000000002c3f550 Exception <a 'java/lang/IncompatibleClassChangeError'{0x00000000d65e2520}: Found class java.lang.Object, but interface was expected> (0x00000000d65e2520) 
thrown [s\src\hotspot\share\interpreter\linkResolver.cpp, line 840]
Event: 3.053 Thread 0x0000000002c3f550 Exception <a 'java/lang/NoSuchMethodError'{0x00000000d65e9430}: 'void java.lang.invoke.DirectMethodHandle$Holder.invokeStaticInit(java.lang.Object, java.lang.Object)'> (0x00000000d65e9430) 
thrown [s\src\hotspot\share\interpreter\linkResolver.cpp, line 773]
Event: 3.054 Thread 0x0000000002c3f550 Exception <a 'java/lang/NoSuchMethodError'{0x00000000d65f2f48}: 'int java.lang.invoke.DirectMethodHandle$Holder.invokeStaticInit(java.lang.Object, java.lang.Object)'> (0x00000000d65f2f48) 
thrown [s\src\hotspot\share\interpreter\linkResolver.cpp, line 773]
Event: 3.113 Thread 0x0000000002c3f550 Exception <a 'java/lang/NoSuchMethodError'{0x00000000d6865020}: 'java.lang.Object java.lang.invoke.DirectMethodHandle$Holder.newInvokeSpecial(java.lang.Object, int, java.lang.Object)'> (0x00000000d6865020) 
thrown [s\src\hotspot\share\interpreter\linkResolver.cpp, line 773]
Event: 3.172 Thread 0x0000000002c3f550 Exception <a 'java/lang/ClassNotFoundException'{0x00000000d6a95218}: sun/net/www/protocol/plurl/Handler> (0x00000000d6a95218) 
thrown [s\src\hotspot\share\classfile\systemDictionary.cpp, line 312]
Event: 3.172 Thread 0x0000000002c3f550 Exception <a 'java/lang/ClassNotFoundException'{0x00000000d6a96098}: sun/net/www/protocol/plurl/Handler> (0x00000000d6a96098) 
thrown [s\src\hotspot\share\classfile\systemDictionary.cpp, line 312]

ZGC Phase Switch (0 events):
No events

VM Operations (20 events):
Event: 1.205 Executing VM operation: HandshakeAllThreads (Deoptimize)
Event: 1.206 Executing VM operation: HandshakeAllThreads (Deoptimize) done
Event: 1.224 Executing VM operation: ParallelGCFailedAllocation (Allocation Failure)
Event: 1.233 Executing VM operation: ParallelGCFailedAllocation (Allocation Failure) done
Event: 1.271 Executing VM operation: HandshakeAllThreads (Deoptimize)
Event: 1.271 Executing VM operation: HandshakeAllThreads (Deoptimize) done
Event: 2.275 Executing VM operation: Cleanup
Event: 2.275 Executing VM operation: Cleanup done
Event: 3.084 Executing VM operation: HandshakeAllThreads (Deoptimize)
Event: 3.084 Executing VM operation: HandshakeAllThreads (Deoptimize) done
Event: 3.097 Executing VM operation: HandshakeAllThreads (Deoptimize)
Event: 3.097 Executing VM operation: HandshakeAllThreads (Deoptimize) done
Event: 3.151 Executing VM operation: HandshakeAllThreads (Deoptimize)
Event: 3.151 Executing VM operation: HandshakeAllThreads (Deoptimize) done
Event: 3.166 Executing VM operation: HandshakeAllThreads (Deoptimize)
Event: 3.166 Executing VM operation: HandshakeAllThreads (Deoptimize) done
Event: 4.168 Executing VM operation: Cleanup
Event: 4.168 Executing VM operation: Cleanup done
Event: 5.179 Executing VM operation: Cleanup
Event: 5.179 Executing VM operation: Cleanup done

Memory protections (0 events):
No events

Nmethod flushes (0 events):
No events

Events (20 events):
Event: 0.103 Thread 0x0000000002c3f550 Thread added: 0x000000005c9919e0
Event: 0.104 Thread 0x0000000002c3f550 Thread added: 0x000000005c993830
Event: 0.104 Thread 0x0000000002c3f550 Thread added: 0x000000005c994870
Event: 0.104 Thread 0x0000000002c3f550 Thread added: 0x000000005c995d80
Event: 0.104 Thread 0x0000000002c3f550 Thread added: 0x000000005c9a67e0
Event: 0.104 Thread 0x0000000002c3f550 Thread added: 0x000000005c9c9800
Event: 0.104 Thread 0x0000000002c3f550 Thread added: 0x000000005c9d0320
Event: 0.138 Thread 0x0000000002c3f550 Thread added: 0x0000000002ca7cf0
Event: 0.352 Thread 0x000000005c9d0320 Thread added: 0x000000005c9ceeb0
Event: 0.498 Thread 0x0000000002c3f550 Thread added: 0x000000005cd064d0
Event: 1.528 Thread 0x000000005c9ceeb0 Thread exited: 0x000000005c9ceeb0
Event: 1.852 Thread 0x000000005c9c9800 Thread added: 0x000000005c9cd370
Event: 2.039 Thread 0x000000005c9cd370 Thread exited: 0x000000005c9cd370
Event: 2.383 Thread 0x000000005c9d0320 Thread added: 0x000000005c9ceeb0
Event: 2.418 Thread 0x000000005c9d0320 Thread added: 0x000000005c9cfc50
Event: 3.019 Thread 0x000000005c9cfc50 Thread exited: 0x000000005c9cfc50
Event: 3.019 Thread 0x000000005c9ceeb0 Thread exited: 0x000000005c9ceeb0
Event: 3.068 Thread 0x0000000002c3f550 Thread added: 0x00000000622e83c0
Event: 3.170 Thread 0x000000005c9d0320 Thread added: 0x000000005c9cd370
Event: 3.456 Thread 0x000000005c9cd370 Thread exited: 0x000000005c9cd370


Dynamic libraries:
0x00007ff7bd7d0000 - 0x00007ff7bd7de000 	c:\Users\91926\.vscode\extensions\redhat.java-1.45.0-win32-x64\jre\21.0.8-win32-x86_64\bin\java.exe
0x00007fff0ed50000 - 0x00007fff0ef67000 	C:\Windows\SYSTEM32\ntdll.dll
0x00007fff0d810000 - 0x00007fff0d8d4000 	C:\Windows\System32\KERNEL32.DLL
0x00007fff0c310000 - 0x00007fff0c6e0000 	C:\Windows\System32\KERNELBASE.dll
0x00007fff0c710000 - 0x00007fff0c821000 	C:\Windows\System32\ucrtbase.dll
0x00007ffefa1d0000 - 0x00007ffefa1e8000 	c:\Users\91926\.vscode\extensions\redhat.java-1.45.0-win32-x64\jre\21.0.8-win32-x86_64\bin\jli.dll
0x00007ffefa1b0000 - 0x00007ffefa1ce000 	c:\Users\91926\.vscode\extensions\redhat.java-1.45.0-win32-x64\jre\21.0.8-win32-x86_64\bin\VCRUNTIME140.dll
0x00007fff0db10000 - 0x00007fff0dcc1000 	C:\Windows\System32\USER32.dll
0x00007fff0bf10000 - 0x00007fff0bf36000 	C:\Windows\System32\win32u.dll
0x00007ffef4b40000 - 0x00007ffef4ddc000 	C:\Windows\WinSxS\amd64_microsoft.windows.common-controls_6595b64144ccf1df_6.0.22621.5840_none_2710ea077384a4fe\COMCTL32.dll
0x00007fff0e300000 - 0x00007fff0e329000 	C:\Windows\System32\GDI32.dll
0x00007fff0c830000 - 0x00007fff0c953000 	C:\Windows\System32\gdi32full.dll
0x00007fff0dcd0000 - 0x00007fff0dd77000 	C:\Windows\System32\msvcrt.dll
0x00007fff0c1f0000 - 0x00007fff0c28a000 	C:\Windows\System32\msvcp_win.dll
0x00007fff0da20000 - 0x00007fff0da51000 	C:\Windows\System32\IMM32.DLL
0x00007ffefbc10000 - 0x00007ffefbc1c000 	c:\Users\91926\.vscode\extensions\redhat.java-1.45.0-win32-x64\jre\21.0.8-win32-x86_64\bin\vcruntime140_1.dll
0x00007ffec7ca0000 - 0x00007ffec7d2d000 	c:\Users\91926\.vscode\extensions\redhat.java-1.45.0-win32-x64\jre\21.0.8-win32-x86_64\bin\msvcp140.dll
0x00007ffe34130000 - 0x00007ffe34ec7000 	c:\Users\91926\.vscode\extensions\redhat.java-1.45.0-win32-x64\jre\21.0.8-win32-x86_64\bin\server\jvm.dll
0x00007fff0e240000 - 0x00007fff0e2f1000 	C:\Windows\System32\ADVAPI32.dll
0x00007fff0da60000 - 0x00007fff0db08000 	C:\Windows\System32\sechost.dll
0x00007fff0c6e0000 - 0x00007fff0c708000 	C:\Windows\System32\bcrypt.dll
0x00007fff0d8e0000 - 0x00007fff0d9f8000 	C:\Windows\System32\RPCRT4.dll
0x00007fff0e8e0000 - 0x00007fff0e951000 	C:\Windows\System32\WS2_32.dll
0x00007fff05d50000 - 0x00007fff05d84000 	C:\Windows\SYSTEM32\WINMM.dll
0x00007fff09440000 - 0x00007fff0944a000 	C:\Windows\SYSTEM32\VERSION.dll
0x00007fff0bd20000 - 0x00007fff0bd6d000 	C:\Windows\SYSTEM32\POWRPROF.dll
0x00007fff0bd00000 - 0x00007fff0bd13000 	C:\Windows\SYSTEM32\UMPDC.dll
0x00007fff0ae00000 - 0x00007fff0ae18000 	C:\Windows\SYSTEM32\kernel.appcore.dll
0x00007ffefb6d0000 - 0x00007ffefb6da000 	c:\Users\91926\.vscode\extensions\redhat.java-1.45.0-win32-x64\jre\21.0.8-win32-x86_64\bin\jimage.dll
0x00007fff07e30000 - 0x00007fff08063000 	C:\Windows\SYSTEM32\DBGHELP.DLL
0x00007fff0e520000 - 0x00007fff0e8b1000 	C:\Windows\System32\combase.dll
0x00007fff0ec30000 - 0x00007fff0ed08000 	C:\Windows\System32\OLEAUT32.dll
0x00007ffef5080000 - 0x00007ffef50b2000 	C:\Windows\SYSTEM32\dbgcore.DLL
0x00007fff0c290000 - 0x00007fff0c30b000 	C:\Windows\System32\bcryptPrimitives.dll
0x00007ffefa1a0000 - 0x00007ffefa1af000 	c:\Users\91926\.vscode\extensions\redhat.java-1.45.0-win32-x64\jre\21.0.8-win32-x86_64\bin\instrument.dll
0x00007ffefa0a0000 - 0x00007ffefa0bf000 	c:\Users\91926\.vscode\extensions\redhat.java-1.45.0-win32-x64\jre\21.0.8-win32-x86_64\bin\java.dll
0x00007fff0cef0000 - 0x00007fff0d791000 	C:\Windows\System32\SHELL32.dll
0x00007fff0c0b0000 - 0x00007fff0c1ef000 	C:\Windows\System32\wintypes.dll
0x00007fff09ce0000 - 0x00007fff0a5fa000 	C:\Windows\SYSTEM32\windows.storage.dll
0x00007fff0eb20000 - 0x00007fff0ec2a000 	C:\Windows\System32\SHCORE.dll
0x00007fff0d7a0000 - 0x00007fff0d809000 	C:\Windows\System32\shlwapi.dll
0x00007fff0bd80000 - 0x00007fff0bda5000 	C:\Windows\SYSTEM32\profapi.dll
0x00007ffeeeb00000 - 0x00007ffeeeb18000 	c:\Users\91926\.vscode\extensions\redhat.java-1.45.0-win32-x64\jre\21.0.8-win32-x86_64\bin\zip.dll
0x00007ffefbbe0000 - 0x00007ffefbbf0000 	C:\Users\91926\.vscode\extensions\redhat.java-1.45.0-win32-x64\jre\21.0.8-win32-x86_64\bin\net.dll
0x00007fff06e90000 - 0x00007fff06fbc000 	C:\Windows\SYSTEM32\WINHTTP.dll
0x00007fff0b300000 - 0x00007fff0b369000 	C:\Windows\system32\mswsock.dll
0x00007ffefbbc0000 - 0x00007ffefbbd6000 	C:\Users\91926\.vscode\extensions\redhat.java-1.45.0-win32-x64\jre\21.0.8-win32-x86_64\bin\nio.dll
0x00007ffef3c10000 - 0x00007ffef3c20000 	c:\Users\91926\.vscode\extensions\redhat.java-1.45.0-win32-x64\jre\21.0.8-win32-x86_64\bin\verify.dll

JVMTI agents:
c:\Users\91926\.vscode\extensions\redhat.java-1.45.0-win32-x64\lombok\lombok-1.18.39-4050.jar path:c:\Users\91926\.vscode\extensions\redhat.java-1.45.0-win32-x64\jre\21.0.8-win32-x86_64\bin\instrument.dll, loaded, initialized, instrumentlib options:none

dbghelp: loaded successfully - version: 4.0.5 - missing functions: none
symbol engine: initialized successfully - sym options: 0x614 - pdb path: .;c:\Users\91926\.vscode\extensions\redhat.java-1.45.0-win32-x64\jre\21.0.8-win32-x86_64\bin;C:\Windows\SYSTEM32;C:\Windows\WinSxS\amd64_microsoft.windows.common-controls_6595b64144ccf1df_6.0.22621.5840_none_2710ea077384a4fe;c:\Users\91926\.vscode\extensions\redhat.java-1.45.0-win32-x64\jre\21.0.8-win32-x86_64\bin\server

VM Arguments:
jvm_args: --add-modules=ALL-SYSTEM --add-opens=java.base/java.util=ALL-UNNAMED --add-opens=java.base/java.lang=ALL-UNNAMED --add-opens=java.base/sun.nio.fs=ALL-UNNAMED -Declipse.application=org.eclipse.jdt.ls.core.id1 -Dosgi.bundles.defaultStartLevel=4 -Declipse.product=org.eclipse.jdt.ls.core.product -Djava.import.generatesMetadataFilesAtProjectRoot=false -DDetectVMInstallationsJob.disabled=true -Dfile.encoding=utf8 -XX:+UseParallelGC -XX:GCTimeRatio=4 -XX:AdaptiveSizePolicyWeight=90 -Dsun.zip.disableMemoryMapping=true -Xmx2G -Xms100m -Xlog:disable -javaagent:c:\Users\91926\.vscode\extensions\redhat.java-1.45.0-win32-x64\lombok\lombok-1.18.39-4050.jar -XX:+HeapDumpOnOutOfMemoryError -XX:HeapDumpPath=c:\Users\91926\AppData\Roaming\Code\User\workspaceStorage\6ebc18211fee6ab9ead269bb8419cef8\redhat.java -Daether.dependencyCollector.impl=bf 
java_command: c:\Users\91926\.vscode\extensions\redhat.java-1.45.0-win32-x64\server\plugins\org.eclipse.equinox.launcher_1.7.0.v20250519-0528.jar -configuration c:\Users\91926\AppData\Roaming\Code\User\globalStorage\redhat.java\1.45.0\config_win -data c:\Users\91926\AppData\Roaming\Code\User\workspaceStorage\6ebc18211fee6ab9ead269bb8419cef8\redhat.java\jdt_ws --pipe=\\.\pipe\lsp-7ef8267b4ad475d0166038457f3e622f-sock
java_class_path (initial): c:\Users\91926\.vscode\extensions\redhat.java-1.45.0-win32-x64\server\plugins\org.eclipse.equinox.launcher_1.7.0.v20250519-0528.jar
Launcher Type: SUN_STANDARD

[Global flags]
    uintx AdaptiveSizePolicyWeight                 = 90                                        {product} {command line}
     intx CICompilerCount                          = 4                                         {product} {ergonomic}
    uintx GCTimeRatio                              = 4                                         {product} {command line}
     bool HeapDumpOnOutOfMemoryError               = true                                   {manageable} {command line}
    ccstr HeapDumpPath                             = c:\Users\91926\AppData\Roaming\Code\User\workspaceStorage\6ebc18211fee6ab9ead269bb8419cef8\redhat.java         {manageable} {command line}
   size_t InitialHeapSize                          = 104857600                                 {product} {command line}
   size_t MaxHeapSize                              = 2147483648                                {product} {command line}
   size_t MaxNewSize                               = 715653120                                 {product} {ergonomic}
   size_t MinHeapDeltaBytes                        = 524288                                    {product} {ergonomic}
   size_t MinHeapSize                              = 104857600                                 {product} {command line}
   size_t NewSize                                  = 34603008                                  {product} {ergonomic}
    uintx NonNMethodCodeHeapSize                   = 5839372                                {pd product} {ergonomic}
    uintx NonProfiledCodeHeapSize                  = 122909434                              {pd product} {ergonomic}
   size_t OldSize                                  = 70254592                                  {product} {ergonomic}
    uintx ProfiledCodeHeapSize                     = 122909434                              {pd product} {ergonomic}
    uintx ReservedCodeCacheSize                    = 251658240                              {pd product} {ergonomic}
     bool SegmentedCodeCache                       = true                                      {product} {ergonomic}
   size_t SoftMaxHeapSize                          = 2147483648                             {manageable} {ergonomic}
     bool UseCompressedOops                        = true                           {product lp64_product} {ergonomic}
     bool UseLargePagesIndividualAllocation        = false                                  {pd product} {ergonomic}
     bool UseParallelGC                            = true                                      {product} {command line}

Logging:
Log output configuration:
 #0: stdout all=off uptime,level,tags foldmultilines=false
 #1: stderr all=off uptime,level,tags foldmultilines=false

Environment Variables:
JAVA_HOME=C:\Program Files\Java\jdk-19
PATH=C:\Program Files (x86)\Common Files\Oracle\Java\java8path;C:\Program Files (x86)\Common Files\Oracle\Java\javapath;C:\Program Files\Eclipse Adoptium\jdk-17.0.16.8-hotspot\bin;C:\MinGW\msys\1.0\bin;C:\MinGW\bin;C:\Program Files\nodejs;D:\Program-Files\;D:\Program-Files;C:\Users\91926\AppData\Roaming\npm;C:\Program Files\Git\cmd;C:\Program Files\MongoDB\Server\7.0\bin;C:\Users\91926\AppData\Local\Programs\mongosh;C:\Users\91926\AppData\Local;C:\Users\91926\;C:\Users\91926\jdk-17\bin;C:\Users\91926\AppData\Local\Programs\Python\Python313\Scripts\;C:\Users\91926\AppData\Local\Programs\Python\Python313\;C:\MinGW\bin;C:\MinGW\msys\1.0\bin;C:\Users\91926\AppData\Roaming\npm;C:\Users\91926\AppData\Local\Programs\Microsoft VS Code\bin;D:\Program-Files;C:\Program Files\MongoDB\Server\7.0\bin;C:\Users\91926\AppData\Local\Programs\mongosh;C:\Users\91926\AppData\Local\Programs\mongosh\;C:\Users\91926\AppData\Local;C:\Users\91926\AppData\Local\GitHubDesktop\bin;C:\Users\91926\jdk-17\bin;
USERNAME=91926
OS=Windows_NT
PROCESSOR_IDENTIFIER=AMD64 Family 23 Model 104 Stepping 1, AuthenticAMD
TMP=C:\Users\91926\AppData\Local\Temp
TEMP=C:\Users\91926\AppData\Local\Temp




Periodic native trim disabled

---------------  S Y S T E M  ---------------

OS:
 Windows 11 , 64 bit Build 22621 (10.0.22621.5415)
OS uptime: 0 days 4:43 hours
Hyper-V role detected

CPU: total 12 (initial active 12) (12 cores per cpu, 2 threads per core) family 23 model 104 stepping 1 microcode 0x0, cx8, cmov, fxsr, ht, mmx, 3dnowpref, sse, sse2, sse3, ssse3, sse4a, sse4.1, sse4.2, popcnt, lzcnt, tsc, tscinvbit, avx, avx2, aes, clmul, bmi1, bmi2, adx, sha, fma, vzeroupper, clflush, clflushopt, hv, rdtscp, rdpid, f16c
Processor Information for the first 12 processors :
  Max Mhz: 2100, Current Mhz: 1893, Mhz Limit: 2100

Memory: 4k page, system-wide physical 5989M (576M free)
TotalPageFile size 24421M (AvailPageFile size 0M)
current process WorkingSet (physical memory assigned to process): 81M, peak: 88M
current process commit charge ("private bytes"): 243M, peak: 247M

vm_info: OpenJDK 64-Bit Server VM (21.0.8+9-LTS) for windows-amd64 JRE (21.0.8+9-LTS), built on 2025-07-15T00:00:00Z by "admin" with MS VC++ 17.7 (VS2022)

END.
